#
# A fatal error has been detected by the Java Runtime Environment:
#
#  SIGSEGV (0xb) at pc=0x000000011fd51027, pid=24837, tid=0x0000000000013d07
#
# JRE version: Java(TM) SE Runtime Environment (8.0_171-b11) (build 1.8.0_171-b11)
# Java VM: Java HotSpot(TM) 64-Bit Server VM (25.171-b11 mixed mode bsd-amd64 compressed oops)
# Problematic frame:
# C  [libawt_lwawt.dylib+0x1c027]  OGLSD_SetScratchSurface+0x49
#
# Failed to write core dump. Core dumps have been disabled. To enable core dumping, try "ulimit -c unlimited" before starting Java again
#
# If you would like to submit a bug report, please visit:
#   http://bugreport.java.com/bugreport/crash.jsp
# The crash happened outside the Java Virtual Machine in native code.
# See problematic frame for where to report the bug.
#

---------------  T H R E A D  ---------------

Current thread (0x00007f927f0a6800):  JavaThread "Java2D Queue Flusher" daemon [_thread_in_native, id=81159, stack(0x000070000c68d000,0x000070000c78d000)]

siginfo: si_signo: 11 (SIGSEGV), si_code: 1 (SEGV_MAPERR), si_addr: 0x0000000000000002

Registers:
RAX=0x00000000ffffffff, RBX=0x0000000000000002, RCX=0x0000000000000047, RDX=0x000000011fd72b14
RSP=0x000070000c78c830, RBP=0x000070000c78c850, RSI=0x00007f928514bac0, RDI=0x00007f927f0a69f8
R8 =0x00000000d8172e78, R9 =0x0000000000000000, R10=0x000000011055f938, R11=0x0000000000000020
R12=0x0000000000000000, R13=0x00000006c0b97490, R14=0x00007f927f0a69f8, R15=0x00007f927f0a6800
RIP=0x000000011fd51027, EFLAGS=0x0000000000010202, ERR=0x0000000000000004
  TRAPNO=0x000000000000000e

Top of Stack: (sp=0x000070000c78c830)
0x000070000c78c830:   00007f928514bac0 0000000000000000
0x000070000c78c840:   00007f927f09e410 00007f927f0a6800
0x000070000c78c850:   000070000c78c8d0 000000011fd725f2
0x000070000c78c860:   0000000000000064 00007f927d718d68
0x000070000c78c870:   000070000c78c8d0 0000000104b50fd8
0x000070000c78c880:   0000000000000005 00007f927f0a6800
0x000070000c78c890:   00000006c0b97401 00007f927f09e420
0x000070000c78c8a0:   000070000078c800 00007f927f0a69f8
0x000070000c78c8b0:   0000000000000000 0000000000000000
0x000070000c78c8c0:   000070000c78c928 00007f927f0a6800
0x000070000c78c8d0:   000070000c78c920 000000011055f9aa
0x000070000c78c8e0:   00000006c0b973a8 0000000100000000
0x000070000c78c8f0:   00007f9280e7c090 0000000000000001
0x000070000c78c900:   000000010f6c2f48 0000000000000000
0x000070000c78c910:   000070000c78c930 0000000000000000
0x000070000c78c920:   00000000d8172e75 00000001113c0c10
0x000070000c78c930:   00000006c0b973a8 00000006c0b97490
0x000070000c78c940:   0000000000000000 0000000000000000
0x000070000c78c950:   00000006c0b97490 000070000c78c9f0
0x000070000c78c960:   0000000000000001 0000000000000000
0x000070000c78c970:   000070000c78c9f0 000000011039f7a7
0x000070000c78c980:   00000006c0b97490 000000076eb00f08
0x000070000c78c990:   0000700000001fa0 000000000000000a
0x000070000c78c9a0:   00007f927f0a6800 0000000000000001
0x000070000c78c9b0:   000000011039f71f 000000010f61f240
0x000070000c78c9c0:   000070000c78ca88 000070000c78cd20
0x000070000c78c9d0:   000000010000000a 000000010f61f240
0x000070000c78c9e0:   00000001103b2ae0 000070000c78cc90
0x000070000c78c9f0:   000070000c78cba0 0000000104aef1f6
0x000070000c78ca00:   0000700000000001 00007f927f0a6800
0x000070000c78ca10:   00007f927f0a6800 000070000c78cd20
0x000070000c78ca20:   00007f927d718d60 00000001103b2ae0 

Instructions: (pc=0x000000011fd51027)
0x000000011fd51007:   c0 e9 82 00 00 00 48 8b 5e 10 48 85 db 75 0e bf
0x000000011fd51017:   01 00 00 00 48 8d 15 a8 96 03 00 eb d6 49 89 fe
0x000000011fd51027:   4c 8b 3b 30 c0 e8 ff bc 02 00 49 8b 3f 49 89 c4
0x000000011fd51037:   48 8b 35 02 29 06 00 30 c0 e8 4d be 02 00 48 85 

Register to memory mapping:

RAX=0x00000000ffffffff is an unknown value
RBX=0x0000000000000002 is an unknown value
RCX=0x0000000000000047 is an unknown value
RDX=0x000000011fd72b14: Java_sun_java2d_opengl_OGLRenderQueue_flushBuffer+0xb5c in /Library/Java/JavaVirtualMachines/jdk1.8.0_171.jdk/Contents/Home/jre/lib/libawt_lwawt.dylib at 0x000000011fd35000
RSP=0x000070000c78c830 is pointing into the stack for thread: 0x00007f927f0a6800
RBP=0x000070000c78c850 is pointing into the stack for thread: 0x00007f927f0a6800
RSI=0x00007f928514bac0 is an unknown value
RDI=0x00007f927f0a69f8 is an unknown value
R8 =0x00000000d8172e78 is an unknown value
R9 =0x0000000000000000 is an unknown value
R10=0x000000011055f938 is at entry_point+56 in (nmethod*)0x000000011055f790
R11=0x0000000000000020 is an unknown value
R12=0x0000000000000000 is an unknown value
R13=0x00000006c0b97490 is an oop
sun.java2d.opengl.OGLRenderQueue$QueueFlusher 
 - klass: 'sun/java2d/opengl/OGLRenderQueue$QueueFlusher'
R14=0x00007f927f0a69f8 is an unknown value
R15=0x00007f927f0a6800 is a thread


Stack: [0x000070000c68d000,0x000070000c78d000],  sp=0x000070000c78c830,  free space=1022k
Native frames: (J=compiled Java code, j=interpreted, Vv=VM code, C=native code)
C  [libawt_lwawt.dylib+0x1c027]  OGLSD_SetScratchSurface+0x49
C  [libawt_lwawt.dylib+0x3d5f2]  Java_sun_java2d_opengl_OGLRenderQueue_flushBuffer+0x63a
J 1939  sun.java2d.opengl.OGLRenderQueue.flushBuffer(JI)V (0 bytes) @ 0x000000011055f9aa [0x000000011055f900+0xaa]
J 6316% C2 sun.java2d.opengl.OGLRenderQueue$QueueFlusher.run()V (234 bytes) @ 0x00000001113c0c10 [0x00000001113c09c0+0x250]
v  ~StubRoutines::call_stub
V  [libjvm.dylib+0x2ef1f6]
V  [libjvm.dylib+0x2ef99a]
V  [libjvm.dylib+0x2efb46]
V  [libjvm.dylib+0x34a46d]
V  [libjvm.dylib+0x56eb0f]
V  [libjvm.dylib+0x57020a]
V  [libjvm.dylib+0x48d4a6]
C  [libsystem_pthread.dylib+0x333d]  _pthread_body+0x7e
C  [libsystem_pthread.dylib+0x62a7]  _pthread_start+0x46
C  [libsystem_pthread.dylib+0x2425]  thread_start+0xd
C  0x0000000000000000

Java frames: (J=compiled Java code, j=interpreted, Vv=VM code)
J 1939  sun.java2d.opengl.OGLRenderQueue.flushBuffer(JI)V (0 bytes) @ 0x000000011055f938 [0x000000011055f900+0x38]
J 6316% C2 sun.java2d.opengl.OGLRenderQueue$QueueFlusher.run()V (234 bytes) @ 0x00000001113c0c10 [0x00000001113c09c0+0x250]
v  ~StubRoutines::call_stub

---------------  P R O C E S S  ---------------

Java Threads: ( => current thread )
  0x00007f927e3f4800 JavaThread "DestroyJavaVM" [_thread_blocked, id=5891, stack(0x000070000b554000,0x000070000b654000)]
  0x00007f927e9c7000 JavaThread "SwingWorker-pool-1-thread-2" daemon [_thread_blocked, id=69379, stack(0x000070000cd22000,0x000070000ce22000)]
  0x00007f92810b2000 JavaThread "TimerQueue" daemon [_thread_blocked, id=69891, stack(0x000070000cc1f000,0x000070000cd1f000)]
  0x00007f92810b1800 JavaThread "SwingWorker-pool-1-thread-1" daemon [_thread_blocked, id=57139, stack(0x000070000cb1c000,0x000070000cc1c000)]
  0x00007f927ddb3800 JavaThread "AWT-EventQueue-0" [_thread_blocked, id=54571, stack(0x000070000c996000,0x000070000ca96000)]
  0x00007f927f096000 JavaThread "AWT-Shutdown" [_thread_blocked, id=39735, stack(0x000070000c37e000,0x000070000c47e000)]
  0x00007f927f088800 JavaThread "Java2D Disposer" daemon [_thread_blocked, id=79123, stack(0x000070000c790000,0x000070000c890000)]
=>0x00007f927f0a6800 JavaThread "Java2D Queue Flusher" daemon [_thread_in_native, id=81159, stack(0x000070000c68d000,0x000070000c78d000)]
  0x00007f927da8f000 JavaThread "AppKit Thread" daemon [_thread_in_native, id=775, stack(0x00007ffeeb5f3000,0x00007ffeebdf3000)]
  0x00007f927d89e000 JavaThread "Service Thread" daemon [_thread_blocked, id=13571, stack(0x000070000c178000,0x000070000c278000)]
  0x00007f927d8a1800 JavaThread "C1 CompilerThread2" daemon [_thread_blocked, id=17411, stack(0x000070000c075000,0x000070000c175000)]
  0x00007f927f000000 JavaThread "C2 CompilerThread1" daemon [_thread_blocked, id=17667, stack(0x000070000bf72000,0x000070000c072000)]
  0x00007f927e013800 JavaThread "C2 CompilerThread0" daemon [_thread_blocked, id=13059, stack(0x000070000be6f000,0x000070000bf6f000)]
  0x00007f927d844000 JavaThread "Signal Dispatcher" daemon [_thread_blocked, id=18435, stack(0x000070000bd6c000,0x000070000be6c000)]
  0x00007f927d86a000 JavaThread "Finalizer" daemon [_thread_blocked, id=12035, stack(0x000070000bc69000,0x000070000bd69000)]
  0x00007f927d867800 JavaThread "Reference Handler" daemon [_thread_blocked, id=20739, stack(0x000070000bb66000,0x000070000bc66000)]

Other Threads:
  0x00007f927d863000 VMThread [stack: 0x000070000ba63000,0x000070000bb63000] [id=21251]
  0x00007f927d8a1000 WatcherThread [stack: 0x000070000c27b000,0x000070000c37b000] [id=16643]

VM state:not at safepoint (normal execution)

VM Mutex/Monitor currently owned by a thread: None

Heap:
 PSYoungGen      total 73728K, used 3010K [0x000000076ab00000, 0x000000076fd80000, 0x00000007c0000000)
  eden space 71168K, 1% used [0x000000076ab00000,0x000000076abb8f60,0x000000076f080000)
  from space 2560K, 88% used [0x000000076f880000,0x000000076fab7a08,0x000000076fb00000)
  to   space 2560K, 0% used [0x000000076fb00000,0x000000076fb00000,0x000000076fd80000)
 ParOldGen       total 175104K, used 58737K [0x00000006c0000000, 0x00000006cab00000, 0x000000076ab00000)
  object space 175104K, 33% used [0x00000006c0000000,0x00000006c395c7c8,0x00000006cab00000)
 Metaspace       used 19854K, capacity 20418K, committed 20608K, reserved 1067008K
  class space    used 2523K, capacity 2672K, committed 2688K, reserved 1048576K

Card table byte_map: [0x0000000105b6e000,0x000000010636f000] byte_map_base: 0x000000010256e000

Marking Bits: (ParMarkBitMap*) 0x00000001050f76e0
 Begin Bits: [0x00000001068c5000, 0x000000010a8c5000)
 End Bits:   [0x000000010a8c5000, 0x000000010e8c5000)

Polling page: 0x0000000103e7c000

CodeCache: size=245760Kb used=17168Kb max_used=17173Kb free=228591Kb
 bounds [0x000000011039f000, 0x000000011148f000, 0x000000011f39f000]
 total_blobs=5539 nmethods=4938 adapters=512
 compilation: enabled

Compilation events (10 events):
Event: 199587.738 Thread 0x00007f927e013800 6340       4       java.awt.geom.Rectangle2D$Float::setRect (27 bytes)
Event: 199587.739 Thread 0x00007f927e013800 nmethod 6340 0x0000000110823210 code [0x0000000110823360, 0x00000001108233d8]
Event: 199587.757 Thread 0x00007f927f000000 6341       4       java.util.concurrent.ConcurrentHashMap$ValueIterator::next (34 bytes)
Event: 199587.765 Thread 0x00007f927f000000 nmethod 6341 0x0000000110f1ccd0 code [0x0000000110f1ce20, 0x0000000110f1d078]
Event: 199648.794 Thread 0x00007f927d8a1800 6342       3       javax.swing.ToolTipManager$outsideTimerAction::actionPerformed (9 bytes)
Event: 199648.802 Thread 0x00007f927d8a1800 nmethod 6342 0x0000000110564550 code [0x00000001105646c0, 0x0000000110564830]
Event: 199731.063 Thread 0x00007f927d8a1800 6343 % !   3       javax.swing.TimerQueue::run @ 9 (242 bytes)
Event: 199731.090 Thread 0x00007f927d8a1800 nmethod 6343% 0x0000000110f18f10 code [0x0000000110f192e0, 0x0000000110f1b558]
Event: 200800.262 Thread 0x00007f927d8a1800 6344       3       java.awt.geom.AffineTransform::isIdentity (20 bytes)
Event: 200800.264 Thread 0x00007f927d8a1800 nmethod 6344 0x00000001105ed1d0 code [0x00000001105ed340, 0x00000001105ed608]

GC Heap History (10 events):
Event: 123302.205 GC heap before
{Heap before GC invocations=255 (full 0):
 PSYoungGen      total 80384K, used 80357K [0x000000076ab00000, 0x0000000770280000, 0x00000007c0000000)
  eden space 79872K, 100% used [0x000000076ab00000,0x000000076f900000,0x000000076f900000)
  from space 512K, 94% used [0x0000000770200000,0x00000007702797c0,0x0000000770280000)
  to   space 3072K, 0% used [0x000000076fc80000,0x000000076fc80000,0x000000076ff80000)
 ParOldGen       total 175104K, used 58212K [0x00000006c0000000, 0x00000006cab00000, 0x000000076ab00000)
  object space 175104K, 33% used [0x00000006c0000000,0x00000006c38d9360,0x00000006cab00000)
 Metaspace       used 19849K, capacity 20418K, committed 20608K, reserved 1067008K
  class space    used 2523K, capacity 2672K, committed 2688K, reserved 1048576K
Event: 123302.225 GC heap after
Heap after GC invocations=255 (full 0):
 PSYoungGen      total 80896K, used 160K [0x000000076ab00000, 0x0000000770280000, 0x00000007c0000000)
  eden space 77824K, 0% used [0x000000076ab00000,0x000000076ab00000,0x000000076f700000)
  from space 3072K, 5% used [0x000000076fc80000,0x000000076fca8000,0x000000076ff80000)
  to   space 3072K, 0% used [0x000000076ff80000,0x000000076ff80000,0x0000000770280000)
 ParOldGen       total 175104K, used 58673K [0x00000006c0000000, 0x00000006cab00000, 0x000000076ab00000)
  object space 175104K, 33% used [0x00000006c0000000,0x00000006c394c7c8,0x00000006cab00000)
 Metaspace       used 19849K, capacity 20418K, committed 20608K, reserved 1067008K
  class space    used 2523K, capacity 2672K, committed 2688K, reserved 1048576K
}
Event: 143750.427 GC heap before
{Heap before GC invocations=256 (full 0):
 PSYoungGen      total 80896K, used 77984K [0x000000076ab00000, 0x0000000770280000, 0x00000007c0000000)
  eden space 77824K, 100% used [0x000000076ab00000,0x000000076f700000,0x000000076f700000)
  from space 3072K, 5% used [0x000000076fc80000,0x000000076fca8000,0x000000076ff80000)
  to   space 3072K, 0% used [0x000000076ff80000,0x000000076ff80000,0x0000000770280000)
 ParOldGen       total 175104K, used 58673K [0x00000006c0000000, 0x00000006cab00000, 0x000000076ab00000)
  object space 175104K, 33% used [0x00000006c0000000,0x00000006c394c7c8,0x00000006cab00000)
 Metaspace       used 19849K, capacity 20418K, committed 20608K, reserved 1067008K
  class space    used 2523K, capacity 2672K, committed 2688K, reserved 1048576K
Event: 143750.429 GC heap after
Heap after GC invocations=256 (full 0):
 PSYoungGen      total 76288K, used 128K [0x000000076ab00000, 0x0000000770000000, 0x00000007c0000000)
  eden space 75776K, 0% used [0x000000076ab00000,0x000000076ab00000,0x000000076f500000)
  from space 512K, 25% used [0x000000076ff80000,0x000000076ffa0000,0x0000000770000000)
  to   space 3072K, 0% used [0x000000076fa00000,0x000000076fa00000,0x000000076fd00000)
 ParOldGen       total 175104K, used 58689K [0x00000006c0000000, 0x00000006cab00000, 0x000000076ab00000)
  object space 175104K, 33% used [0x00000006c0000000,0x00000006c39507c8,0x00000006cab00000)
 Metaspace       used 19849K, capacity 20418K, committed 20608K, reserved 1067008K
  class space    used 2523K, capacity 2672K, committed 2688K, reserved 1048576K
}
Event: 163598.045 GC heap before
{Heap before GC invocations=257 (full 0):
 PSYoungGen      total 76288K, used 75904K [0x000000076ab00000, 0x0000000770000000, 0x00000007c0000000)
  eden space 75776K, 100% used [0x000000076ab00000,0x000000076f500000,0x000000076f500000)
  from space 512K, 25% used [0x000000076ff80000,0x000000076ffa0000,0x0000000770000000)
  to   space 3072K, 0% used [0x000000076fa00000,0x000000076fa00000,0x000000076fd00000)
 ParOldGen       total 175104K, used 58689K [0x00000006c0000000, 0x00000006cab00000, 0x000000076ab00000)
  object space 175104K, 33% used [0x00000006c0000000,0x00000006c39507c8,0x00000006cab00000)
 Metaspace       used 19852K, capacity 20418K, committed 20608K, reserved 1067008K
  class space    used 2523K, capacity 2672K, committed 2688K, reserved 1048576K
Event: 163598.058 GC heap after
Heap after GC invocations=257 (full 0):
 PSYoungGen      total 77312K, used 160K [0x000000076ab00000, 0x0000000770000000, 0x00000007c0000000)
  eden space 74240K, 0% used [0x000000076ab00000,0x000000076ab00000,0x000000076f380000)
  from space 3072K, 5% used [0x000000076fa00000,0x000000076fa28000,0x000000076fd00000)
  to   space 3072K, 0% used [0x000000076fd00000,0x000000076fd00000,0x0000000770000000)
 ParOldGen       total 175104K, used 58705K [0x00000006c0000000, 0x00000006cab00000, 0x000000076ab00000)
  object space 175104K, 33% used [0x00000006c0000000,0x00000006c39547c8,0x00000006cab00000)
 Metaspace       used 19852K, capacity 20418K, committed 20608K, reserved 1067008K
  class space    used 2523K, capacity 2672K, committed 2688K, reserved 1048576K
}
Event: 183080.840 GC heap before
{Heap before GC invocations=258 (full 0):
 PSYoungGen      total 77312K, used 74400K [0x000000076ab00000, 0x0000000770000000, 0x00000007c0000000)
  eden space 74240K, 100% used [0x000000076ab00000,0x000000076f380000,0x000000076f380000)
  from space 3072K, 5% used [0x000000076fa00000,0x000000076fa28000,0x000000076fd00000)
  to   space 3072K, 0% used [0x000000076fd00000,0x000000076fd00000,0x0000000770000000)
 ParOldGen       total 175104K, used 58705K [0x00000006c0000000, 0x00000006cab00000, 0x000000076ab00000)
  object space 175104K, 33% used [0x00000006c0000000,0x00000006c39547c8,0x00000006cab00000)
 Metaspace       used 19852K, capacity 20418K, committed 20608K, reserved 1067008K
  class space    used 2523K, capacity 2672K, committed 2688K, reserved 1048576K
Event: 183080.844 GC heap after
Heap after GC invocations=258 (full 0):
 PSYoungGen      total 73216K, used 128K [0x000000076ab00000, 0x000000076fd80000, 0x00000007c0000000)
  eden space 72704K, 0% used [0x000000076ab00000,0x000000076ab00000,0x000000076f200000)
  from space 512K, 25% used [0x000000076fd00000,0x000000076fd20000,0x000000076fd80000)
  to   space 2560K, 0% used [0x000000076f880000,0x000000076f880000,0x000000076fb00000)
 ParOldGen       total 175104K, used 58721K [0x00000006c0000000, 0x00000006cab00000, 0x000000076ab00000)
  object space 175104K, 33% used [0x00000006c0000000,0x00000006c39587c8,0x00000006cab00000)
 Metaspace       used 19852K, capacity 20418K, committed 20608K, reserved 1067008K
  class space    used 2523K, capacity 2672K, committed 2688K, reserved 1048576K
}
Event: 201246.737 GC heap before
{Heap before GC invocations=259 (full 0):
 PSYoungGen      total 73216K, used 72832K [0x000000076ab00000, 0x000000076fd80000, 0x00000007c0000000)
  eden space 72704K, 100% used [0x000000076ab00000,0x000000076f200000,0x000000076f200000)
  from space 512K, 25% used [0x000000076fd00000,0x000000076fd20000,0x000000076fd80000)
  to   space 2560K, 0% used [0x000000076f880000,0x000000076f880000,0x000000076fb00000)
 ParOldGen       total 175104K, used 58721K [0x00000006c0000000, 0x00000006cab00000, 0x000000076ab00000)
  object space 175104K, 33% used [0x00000006c0000000,0x00000006c39587c8,0x00000006cab00000)
 Metaspace       used 19854K, capacity 20418K, committed 20608K, reserved 1067008K
  class space    used 2523K, capacity 2672K, committed 2688K, reserved 1048576K
Event: 201246.761 GC heap after
Heap after GC invocations=259 (full 0):
 PSYoungGen      total 73728K, used 2270K [0x000000076ab00000, 0x000000076fd80000, 0x00000007c0000000)
  eden space 71168K, 0% used [0x000000076ab00000,0x000000076ab00000,0x000000076f080000)
  from space 2560K, 88% used [0x000000076f880000,0x000000076fab7a08,0x000000076fb00000)
  to   space 2560K, 0% used [0x000000076fb00000,0x000000076fb00000,0x000000076fd80000)
 ParOldGen       total 175104K, used 58737K [0x00000006c0000000, 0x00000006cab00000, 0x000000076ab00000)
  object space 175104K, 33% used [0x00000006c0000000,0x00000006c395c7c8,0x00000006cab00000)
 Metaspace       used 19854K, capacity 20418K, committed 20608K, reserved 1067008K
  class space    used 2523K, capacity 2672K, committed 2688K, reserved 1048576K
}

Deoptimization events (10 events):
Event: 87465.618 Thread 0x00007f927ddb3800 Uncommon trap: reason=unstable_if action=reinterpret pc=0x00000001110ba430 method=sun.font.CStrike$GlyphAdvanceCache.get(I)F @ 16
Event: 87465.619 Thread 0x00007f927ddb3800 Uncommon trap: reason=unstable_if action=reinterpret pc=0x0000000110a3ebb8 method=sun.font.FontDesignMetrics.charsWidth([CII)I @ 113
Event: 87477.997 Thread 0x00007f927ddb3800 Uncommon trap: reason=class_check action=maybe_recompile pc=0x00000001109de6d4 method=java.awt.Component.processComponentEvent(Ljava/awt/event/ComponentEvent;)V @ 76
Event: 96262.167 Thread 0x00007f927ddb3800 Uncommon trap: reason=range_check action=make_not_entrant pc=0x000000011147103c method=java.awt.geom.AffineTransform.<init>([D)V @ 7
Event: 96262.203 Thread 0x00007f927ddb3800 Uncommon trap: reason=unstable_if action=reinterpret pc=0x0000000110789f18 method=sun.java2d.SunGraphics2D.getCompClip()Lsun/java2d/pipe/Region; @ 7
Event: 96262.216 Thread 0x00007f927ddb3800 Uncommon trap: reason=unstable_if action=reinterpret pc=0x00000001113c9180 method=sun.java2d.pipe.DrawImage.scaleImage(Lsun/java2d/SunGraphics2D;Ljava/awt/Image;IIIILjava/awt/Color;)Z @ 28
Event: 99010.621 Thread 0x00007f927ddb3800 Uncommon trap: reason=unstable_if action=reinterpret pc=0x0000000111345570 method=sun.java2d.SunGraphics2D.<init>(Lsun/java2d/SurfaceData;Ljava/awt/Color;Ljava/awt/Color;Ljava/awt/Font;)V @ 123
Event: 99010.775 Thread 0x00007f927ddb3800 Uncommon trap: reason=unstable_if action=reinterpret pc=0x0000000110feee10 method=sun.java2d.pipe.BufferedRenderPipe.fill(Lsun/java2d/SunGraphics2D;Ljava/awt/Shape;)V @ 4
Event: 102323.064 Thread 0x00007f927f0a6800 Uncommon trap: reason=class_check action=maybe_recompile pc=0x0000000110d8ffb8 method=sun.java2d.opengl.OGLRenderQueue$QueueFlusher.run()V @ 95
Event: 199602.541 Thread 0x00007f92810b2000 Uncommon trap: reason=unstable_if action=reinterpret pc=0x00000001113c35e8 method=javax.swing.TimerQueue.run()V @ 64

Classes redefined (0 events):
No events

Internal exceptions (10 events):
Event: 87420.616 Thread 0x00007f927d86a000 Implicit null exception at 0x0000000110648d34 to 0x0000000110648f16
Event: 87420.616 Thread 0x00007f927d86a000 Exception <a 'java/lang/NullPointerException'> (0x000000076ab2ad00) thrown at [/Users/java_re/workspace/8-2-build-macosx-x86_64/jdk8u171/10807/hotspot/src/share/vm/runtime/sharedRuntime.cpp, line 605]
Event: 87420.617 Thread 0x00007f927d86a000 Implicit null exception at 0x0000000110648d34 to 0x0000000110648f16
Event: 87420.617 Thread 0x00007f927d86a000 Exception <a 'java/lang/NullPointerException'> (0x000000076ab2afb8) thrown at [/Users/java_re/workspace/8-2-build-macosx-x86_64/jdk8u171/10807/hotspot/src/share/vm/runtime/sharedRuntime.cpp, line 605]
Event: 87420.618 Thread 0x00007f927d86a000 Implicit null exception at 0x0000000110648d34 to 0x0000000110648f16
Event: 87420.618 Thread 0x00007f927d86a000 Exception <a 'java/lang/NullPointerException'> (0x000000076ab2b2c0) thrown at [/Users/java_re/workspace/8-2-build-macosx-x86_64/jdk8u171/10807/hotspot/src/share/vm/runtime/sharedRuntime.cpp, line 605]
Event: 87420.618 Thread 0x00007f927d86a000 Implicit null exception at 0x0000000110648d34 to 0x0000000110648f16
Event: 87420.618 Thread 0x00007f927d86a000 Exception <a 'java/lang/NullPointerException'> (0x000000076ab2b648) thrown at [/Users/java_re/workspace/8-2-build-macosx-x86_64/jdk8u171/10807/hotspot/src/share/vm/runtime/sharedRuntime.cpp, line 605]
Event: 87441.862 Thread 0x00007f927ddb3800 Implicit null exception at 0x000000011100085a to 0x000000011100172d
Event: 87465.618 Thread 0x00007f927ddb3800 Implicit null exception at 0x00000001110b8baf to 0x00000001110ba411

Events (10 events):
Event: 199587.768 Thread 0x00007f927f000000 flushing nmethod 0x0000000110564550
Event: 199587.801 Executing VM operation: BulkRevokeBias
Event: 199587.801 Executing VM operation: BulkRevokeBias done
Event: 199602.538 Thread 0x00007f92810b2000 Uncommon trap: trap_request=0xffffff65 fr.pc=0x00000001113c35e8
Event: 199602.541 Thread 0x00007f92810b2000 DEOPT PACKING pc=0x00000001113c35e8 sp=0x000070000cd1e8e0
Event: 199602.541 Thread 0x00007f92810b2000 DEOPT UNPACKING pc=0x00000001103e473a sp=0x000070000cd1e8a0 mode 2
Event: 199648.804 Thread 0x00007f927d8a1800 flushing nmethod 0x00000001105ece10
Event: 200800.269 Thread 0x00007f927d8a1800 flushing nmethod 0x000000011072de50
Event: 201246.733 Executing VM operation: ParallelGCFailedAllocation
Event: 201246.761 Executing VM operation: ParallelGCFailedAllocation done


Dynamic libraries:
0x000000000059a000 	/System/Library/Frameworks/Cocoa.framework/Versions/A/Cocoa
0x000000000059a000 	/System/Library/Frameworks/Security.framework/Versions/A/Security
0x000000000059a000 	/System/Library/Frameworks/ApplicationServices.framework/Versions/A/ApplicationServices
0x000000000059a000 	/usr/lib/libz.1.dylib
0x000000000059a000 	/usr/lib/libSystem.B.dylib
0x000000000059a000 	/usr/lib/libobjc.A.dylib
0x000000000059a000 	/System/Library/Frameworks/CoreFoundation.framework/Versions/A/CoreFoundation
0x000000000059a000 	/System/Library/Frameworks/Foundation.framework/Versions/C/Foundation
0x000000000059a000 	/System/Library/Frameworks/AppKit.framework/Versions/C/AppKit
0x000000000059a000 	/System/Library/Frameworks/CoreData.framework/Versions/A/CoreData
0x000000000059a000 	/System/Library/PrivateFrameworks/RemoteViewServices.framework/Versions/A/RemoteViewServices
0x000000000059a000 	/System/Library/PrivateFrameworks/UIFoundation.framework/Versions/A/UIFoundation
0x000000000059a000 	/System/Library/PrivateFrameworks/XCTTargetBootstrap.framework/Versions/A/XCTTargetBootstrap
0x000000000059a000 	/System/Library/PrivateFrameworks/IconServices.framework/Versions/A/IconServices
0x000000000059a000 	/System/Library/Frameworks/Metal.framework/Versions/A/Metal
0x000000000059a000 	/System/Library/PrivateFrameworks/DesktopServicesPriv.framework/Versions/A/DesktopServicesPriv
0x000000000059a000 	/usr/lib/libenergytrace.dylib
0x000000000059a000 	/System/Library/PrivateFrameworks/SkyLight.framework/Versions/A/SkyLight
0x000000000059a000 	/System/Library/Frameworks/CoreGraphics.framework/Versions/A/CoreGraphics
0x000000000059a000 	/System/Library/Frameworks/Accelerate.framework/Versions/A/Accelerate
0x000000000059a000 	/System/Library/Frameworks/IOSurface.framework/Versions/A/IOSurface
0x000000000059a000 	/System/Library/PrivateFrameworks/DFRFoundation.framework/Versions/A/DFRFoundation
0x000000000059a000 	/System/Library/Frameworks/AudioToolbox.framework/Versions/A/AudioToolbox
0x000000000059a000 	/System/Library/Frameworks/AudioUnit.framework/Versions/A/AudioUnit
0x000000000059a000 	/System/Library/PrivateFrameworks/DataDetectorsCore.framework/Versions/A/DataDetectorsCore
0x000000000059a000 	/System/Library/Frameworks/Carbon.framework/Versions/A/Frameworks/HIToolbox.framework/Versions/A/HIToolbox
0x000000000059a000 	/usr/lib/libicucore.A.dylib
0x000000000059a000 	/System/Library/Frameworks/QuartzCore.framework/Versions/A/QuartzCore
0x000000000059a000 	/System/Library/Frameworks/Carbon.framework/Versions/A/Frameworks/SpeechRecognition.framework/Versions/A/SpeechRecognition
0x000000000059a000 	/usr/lib/libauto.dylib
0x000000000059a000 	/usr/lib/libxml2.2.dylib
0x000000000059a000 	/System/Library/PrivateFrameworks/CoreUI.framework/Versions/A/CoreUI
0x000000000059a000 	/System/Library/Frameworks/CoreAudio.framework/Versions/A/CoreAudio
0x000000000059a000 	/System/Library/Frameworks/DiskArbitration.framework/Versions/A/DiskArbitration
0x000000000059a000 	/usr/lib/liblangid.dylib
0x000000000059a000 	/System/Library/PrivateFrameworks/MultitouchSupport.framework/Versions/A/MultitouchSupport
0x000000000059a000 	/System/Library/Frameworks/IOKit.framework/Versions/A/IOKit
0x000000000059a000 	/usr/lib/libDiagnosticMessagesClient.dylib
0x000000000059a000 	/System/Library/Frameworks/CoreServices.framework/Versions/A/CoreServices
0x000000000059a000 	/System/Library/PrivateFrameworks/PerformanceAnalysis.framework/Versions/A/PerformanceAnalysis
0x000000000059a000 	/System/Library/Frameworks/OpenGL.framework/Versions/A/OpenGL
0x000000000059a000 	/System/Library/Frameworks/ColorSync.framework/Versions/A/ColorSync
0x000000000059a000 	/System/Library/Frameworks/CoreImage.framework/Versions/A/CoreImage
0x000000000059a000 	/System/Library/Frameworks/CoreText.framework/Versions/A/CoreText
0x000000000059a000 	/System/Library/Frameworks/ImageIO.framework/Versions/A/ImageIO
0x000000000059a000 	/System/Library/PrivateFrameworks/Backup.framework/Versions/A/Backup
0x000000000059a000 	/usr/lib/libarchive.2.dylib
0x000000000059a000 	/System/Library/Frameworks/CFNetwork.framework/Versions/A/CFNetwork
0x000000000059a000 	/System/Library/Frameworks/SystemConfiguration.framework/Versions/A/SystemConfiguration
0x000000000059a000 	/usr/lib/libCRFSuite.dylib
0x000000000059a000 	/usr/lib/libc++.1.dylib
0x000000000059a000 	/usr/lib/libc++abi.dylib
0x000000000059a000 	/usr/lib/system/libcache.dylib
0x000000000059a000 	/usr/lib/system/libcommonCrypto.dylib
0x000000000059a000 	/usr/lib/system/libcompiler_rt.dylib
0x000000000059a000 	/usr/lib/system/libcopyfile.dylib
0x000000000059a000 	/usr/lib/system/libcorecrypto.dylib
0x000000000059a000 	/usr/lib/system/libdispatch.dylib
0x000000000059a000 	/usr/lib/system/libdyld.dylib
0x000000000059a000 	/usr/lib/system/libkeymgr.dylib
0x000000000059a000 	/usr/lib/system/liblaunch.dylib
0x000000000059a000 	/usr/lib/system/libmacho.dylib
0x000000000059a000 	/usr/lib/system/libquarantine.dylib
0x000000000059a000 	/usr/lib/system/libremovefile.dylib
0x000000000059a000 	/usr/lib/system/libsystem_asl.dylib
0x000000000059a000 	/usr/lib/system/libsystem_blocks.dylib
0x000000000059a000 	/usr/lib/system/libsystem_c.dylib
0x000000000059a000 	/usr/lib/system/libsystem_configuration.dylib
0x000000000059a000 	/usr/lib/system/libsystem_coreservices.dylib
0x000000000059a000 	/usr/lib/system/libsystem_darwin.dylib
0x000000000059a000 	/usr/lib/system/libsystem_dnssd.dylib
0x000000000059a000 	/usr/lib/system/libsystem_info.dylib
0x000000000059a000 	/usr/lib/system/libsystem_m.dylib
0x000000000059a000 	/usr/lib/system/libsystem_malloc.dylib
0x000000000059a000 	/usr/lib/system/libsystem_networkextension.dylib
0x000000000059a000 	/usr/lib/system/libsystem_notify.dylib
0x000000000059a000 	/usr/lib/system/libsystem_sandbox.dylib
0x000000000059a000 	/usr/lib/system/libsystem_secinit.dylib
0x000000000059a000 	/usr/lib/system/libsystem_kernel.dylib
0x000000000059a000 	/usr/lib/system/libsystem_platform.dylib
0x000000000059a000 	/usr/lib/system/libsystem_pthread.dylib
0x000000000059a000 	/usr/lib/system/libsystem_symptoms.dylib
0x000000000059a000 	/usr/lib/system/libsystem_trace.dylib
0x000000000059a000 	/usr/lib/system/libunwind.dylib
0x000000000059a000 	/usr/lib/system/libxpc.dylib
0x000000000059a000 	/usr/lib/libbsm.0.dylib
0x000000000059a000 	/usr/lib/system/libkxld.dylib
0x000000000059a000 	/System/Library/PrivateFrameworks/AppleFSCompression.framework/Versions/A/AppleFSCompression
0x000000000059a000 	/usr/lib/libOpenScriptingUtil.dylib
0x000000000059a000 	/usr/lib/libcoretls.dylib
0x000000000059a000 	/usr/lib/libcoretls_cfhelpers.dylib
0x000000000059a000 	/usr/lib/libpam.2.dylib
0x000000000059a000 	/usr/lib/libsqlite3.dylib
0x000000000059a000 	/usr/lib/libxar.1.dylib
0x000000000059a000 	/usr/lib/libbz2.1.0.dylib
0x000000000059a000 	/usr/lib/liblzma.5.dylib
0x000000000059a000 	/usr/lib/libnetwork.dylib
0x000000000059a000 	/usr/lib/libapple_nghttp2.dylib
0x000000000059a000 	/usr/lib/libpcap.A.dylib
0x000000000059a000 	/System/Library/Frameworks/CoreServices.framework/Versions/A/Frameworks/FSEvents.framework/Versions/A/FSEvents
0x000000000059a000 	/System/Library/Frameworks/CoreServices.framework/Versions/A/Frameworks/CarbonCore.framework/Versions/A/CarbonCore
0x000000000059a000 	/System/Library/Frameworks/CoreServices.framework/Versions/A/Frameworks/Metadata.framework/Versions/A/Metadata
0x000000000059a000 	/System/Library/Frameworks/CoreServices.framework/Versions/A/Frameworks/OSServices.framework/Versions/A/OSServices
0x000000000059a000 	/System/Library/Frameworks/CoreServices.framework/Versions/A/Frameworks/SearchKit.framework/Versions/A/SearchKit
0x000000000059a000 	/System/Library/Frameworks/CoreServices.framework/Versions/A/Frameworks/AE.framework/Versions/A/AE
0x000000000059a000 	/System/Library/Frameworks/CoreServices.framework/Versions/A/Frameworks/LaunchServices.framework/Versions/A/LaunchServices
0x000000000059a000 	/System/Library/Frameworks/CoreServices.framework/Versions/A/Frameworks/DictionaryServices.framework/Versions/A/DictionaryServices
0x000000000059a000 	/System/Library/Frameworks/CoreServices.framework/Versions/A/Frameworks/SharedFileList.framework/Versions/A/SharedFileList
0x000000000059a000 	/System/Library/Frameworks/NetFS.framework/Versions/A/NetFS
0x000000000059a000 	/System/Library/PrivateFrameworks/NetAuth.framework/Versions/A/NetAuth
0x000000000059a000 	/System/Library/PrivateFrameworks/login.framework/Versions/A/Frameworks/loginsupport.framework/Versions/A/loginsupport
0x000000000059a000 	/System/Library/PrivateFrameworks/TCC.framework/Versions/A/TCC
0x000000000059a000 	/System/Library/PrivateFrameworks/CoreNLP.framework/Versions/A/CoreNLP
0x000000000059a000 	/System/Library/PrivateFrameworks/MetadataUtilities.framework/Versions/A/MetadataUtilities
0x000000000059a000 	/usr/lib/libmecabra.dylib
0x000000000059a000 	/System/Library/Frameworks/ApplicationServices.framework/Versions/A/Frameworks/ATS.framework/Versions/A/ATS
0x000000000059a000 	/System/Library/Frameworks/ApplicationServices.framework/Versions/A/Frameworks/ColorSyncLegacy.framework/Versions/A/ColorSyncLegacy
0x000000000059a000 	/System/Library/Frameworks/ApplicationServices.framework/Versions/A/Frameworks/HIServices.framework/Versions/A/HIServices
0x000000000059a000 	/System/Library/Frameworks/ApplicationServices.framework/Versions/A/Frameworks/LangAnalysis.framework/Versions/A/LangAnalysis
0x000000000059a000 	/System/Library/Frameworks/ApplicationServices.framework/Versions/A/Frameworks/PrintCore.framework/Versions/A/PrintCore
0x000000000059a000 	/System/Library/Frameworks/ApplicationServices.framework/Versions/A/Frameworks/QD.framework/Versions/A/QD
0x000000000059a000 	/System/Library/Frameworks/ApplicationServices.framework/Versions/A/Frameworks/SpeechSynthesis.framework/Versions/A/SpeechSynthesis
0x000000000059a000 	/usr/lib/libcompression.dylib
0x000000000059a000 	/System/Library/Frameworks/CoreDisplay.framework/Versions/A/CoreDisplay
0x000000000059a000 	/System/Library/Frameworks/MetalPerformanceShaders.framework/Versions/A/MetalPerformanceShaders
0x000000000059a000 	/System/Library/Frameworks/Accelerate.framework/Versions/A/Frameworks/vImage.framework/Versions/A/vImage
0x000000000059a000 	/System/Library/Frameworks/Accelerate.framework/Versions/A/Frameworks/vecLib.framework/Versions/A/vecLib
0x000000000059a000 	/System/Library/Frameworks/Accelerate.framework/Versions/A/Frameworks/vecLib.framework/Versions/A/libvMisc.dylib
0x000000000059a000 	/System/Library/Frameworks/Accelerate.framework/Versions/A/Frameworks/vecLib.framework/Versions/A/libvDSP.dylib
0x000000000059a000 	/System/Library/Frameworks/Accelerate.framework/Versions/A/Frameworks/vecLib.framework/Versions/A/libBLAS.dylib
0x000000000059a000 	/System/Library/Frameworks/Accelerate.framework/Versions/A/Frameworks/vecLib.framework/Versions/A/libLAPACK.dylib
0x000000000059a000 	/System/Library/Frameworks/Accelerate.framework/Versions/A/Frameworks/vecLib.framework/Versions/A/libLinearAlgebra.dylib
0x000000000059a000 	/System/Library/Frameworks/Accelerate.framework/Versions/A/Frameworks/vecLib.framework/Versions/A/libSparseBLAS.dylib
0x000000000059a000 	/System/Library/Frameworks/Accelerate.framework/Versions/A/Frameworks/vecLib.framework/Versions/A/libQuadrature.dylib
0x000000000059a000 	/System/Library/Frameworks/Accelerate.framework/Versions/A/Frameworks/vecLib.framework/Versions/A/libBNNS.dylib
0x000000000059a000 	/System/Library/Frameworks/Accelerate.framework/Versions/A/Frameworks/vecLib.framework/Versions/A/libSparse.dylib
0x000000000059a000 	/System/Library/PrivateFrameworks/GPUWrangler.framework/Versions/A/GPUWrangler
0x000000000059a000 	/System/Library/PrivateFrameworks/IOAccelerator.framework/Versions/A/IOAccelerator
0x000000000059a000 	/System/Library/PrivateFrameworks/IOPresentment.framework/Versions/A/IOPresentment
0x000000000059a000 	/System/Library/PrivateFrameworks/DSExternalDisplay.framework/Versions/A/DSExternalDisplay
0x000000000059a000 	/System/Library/Frameworks/OpenGL.framework/Versions/A/Libraries/libCoreFSCache.dylib
0x000000000059a000 	/System/Library/Frameworks/MetalPerformanceShaders.framework/Frameworks/MPSCore.framework/Versions/A/MPSCore
0x000000000059a000 	/System/Library/Frameworks/MetalPerformanceShaders.framework/Frameworks/MPSImage.framework/Versions/A/MPSImage
0x000000000059a000 	/System/Library/Frameworks/MetalPerformanceShaders.framework/Frameworks/MPSNeuralNetwork.framework/Versions/A/MPSNeuralNetwork
0x000000000059a000 	/System/Library/Frameworks/MetalPerformanceShaders.framework/Frameworks/MPSMatrix.framework/Versions/A/MPSMatrix
0x000000000059a000 	/System/Library/Frameworks/MetalPerformanceShaders.framework/Frameworks/MPSRayIntersector.framework/Versions/A/MPSRayIntersector
0x000000000059a000 	/System/Library/PrivateFrameworks/MetalTools.framework/Versions/A/MetalTools
0x000000000059a000 	/System/Library/PrivateFrameworks/AggregateDictionary.framework/Versions/A/AggregateDictionary
0x000000000059a000 	/usr/lib/libMobileGestalt.dylib
0x000000000059a000 	/System/Library/Frameworks/CoreVideo.framework/Versions/A/CoreVideo
0x000000000059a000 	/System/Library/PrivateFrameworks/GraphVisualizer.framework/Versions/A/GraphVisualizer
0x000000000059a000 	/System/Library/PrivateFrameworks/FaceCore.framework/Versions/A/FaceCore
0x000000000059a000 	/System/Library/Frameworks/OpenCL.framework/Versions/A/OpenCL
0x000000000059a000 	/usr/lib/libFosl_dynamic.dylib
0x000000000059a000 	/System/Library/PrivateFrameworks/OTSVG.framework/Versions/A/OTSVG
0x000000000059a000 	/System/Library/Frameworks/ApplicationServices.framework/Versions/A/Frameworks/ATS.framework/Versions/A/Resources/libFontParser.dylib
0x000000000059a000 	/System/Library/Frameworks/ApplicationServices.framework/Versions/A/Frameworks/ATS.framework/Versions/A/Resources/libFontRegistry.dylib
0x000000000059a000 	/System/Library/Frameworks/ImageIO.framework/Versions/A/Resources/libJPEG.dylib
0x000000000059a000 	/System/Library/Frameworks/ImageIO.framework/Versions/A/Resources/libTIFF.dylib
0x000000000059a000 	/System/Library/Frameworks/ImageIO.framework/Versions/A/Resources/libPng.dylib
0x000000000059a000 	/System/Library/Frameworks/ImageIO.framework/Versions/A/Resources/libGIF.dylib
0x000000000059a000 	/System/Library/Frameworks/ImageIO.framework/Versions/A/Resources/libJP2.dylib
0x000000000059a000 	/System/Library/Frameworks/ImageIO.framework/Versions/A/Resources/libRadiance.dylib
0x000000000059a000 	/System/Library/PrivateFrameworks/AppleJPEG.framework/Versions/A/AppleJPEG
0x000000000059a000 	/System/Library/Frameworks/OpenGL.framework/Versions/A/Libraries/libGFXShared.dylib
0x000000000059a000 	/System/Library/Frameworks/OpenGL.framework/Versions/A/Libraries/libGLU.dylib
0x000000000059a000 	/System/Library/Frameworks/OpenGL.framework/Versions/A/Libraries/libGL.dylib
0x000000000059a000 	/System/Library/Frameworks/OpenGL.framework/Versions/A/Libraries/libGLImage.dylib
0x000000000059a000 	/System/Library/Frameworks/OpenGL.framework/Versions/A/Libraries/libCVMSPluginSupport.dylib
0x000000000059a000 	/System/Library/Frameworks/OpenGL.framework/Versions/A/Libraries/libCoreVMClient.dylib
0x000000000059a000 	/usr/lib/libcups.2.dylib
0x000000000059a000 	/System/Library/Frameworks/Kerberos.framework/Versions/A/Kerberos
0x000000000059a000 	/System/Library/Frameworks/GSS.framework/Versions/A/GSS
0x000000000059a000 	/usr/lib/libresolv.9.dylib
0x000000000059a000 	/usr/lib/libiconv.2.dylib
0x000000000059a000 	/System/Library/PrivateFrameworks/Heimdal.framework/Versions/A/Heimdal
0x000000000059a000 	/usr/lib/libheimdal-asn1.dylib
0x000000000059a000 	/System/Library/Frameworks/OpenDirectory.framework/Versions/A/OpenDirectory
0x000000000059a000 	/System/Library/PrivateFrameworks/CommonAuth.framework/Versions/A/CommonAuth
0x000000000059a000 	/System/Library/Frameworks/OpenDirectory.framework/Versions/A/Frameworks/CFOpenDirectory.framework/Versions/A/CFOpenDirectory
0x000000000059a000 	/System/Library/Frameworks/SecurityFoundation.framework/Versions/A/SecurityFoundation
0x000000000059a000 	/System/Library/PrivateFrameworks/APFS.framework/Versions/A/APFS
0x000000000059a000 	/usr/lib/libutil.dylib
0x000000000059a000 	/usr/lib/libcharset.1.dylib
0x000000000059a000 	/System/Library/PrivateFrameworks/AppleSauce.framework/Versions/A/AppleSauce
0x000000000059a000 	/System/Library/PrivateFrameworks/AssertionServices.framework/Versions/A/AssertionServices
0x000000000059a000 	/System/Library/PrivateFrameworks/BaseBoard.framework/Versions/A/BaseBoard
0x000000000059a000 	/usr/lib/libmecab.1.0.0.dylib
0x000000000059a000 	/usr/lib/libgermantok.dylib
0x000000000059a000 	/usr/lib/libThaiTokenizer.dylib
0x000000000059a000 	/usr/lib/libChineseTokenizer.dylib
0x000000000059a000 	/System/Library/PrivateFrameworks/LanguageModeling.framework/Versions/A/LanguageModeling
0x000000000059a000 	/System/Library/PrivateFrameworks/CoreEmoji.framework/Versions/A/CoreEmoji
0x000000000059a000 	/System/Library/PrivateFrameworks/Lexicon.framework/Versions/A/Lexicon
0x000000000059a000 	/System/Library/PrivateFrameworks/LinguisticData.framework/Versions/A/LinguisticData
0x000000000059a000 	/usr/lib/libcmph.dylib
0x000000000059a000 	/System/Library/Frameworks/ServiceManagement.framework/Versions/A/ServiceManagement
0x000000000059a000 	/System/Library/PrivateFrameworks/BackgroundTaskManagement.framework/Versions/A/BackgroundTaskManagement
0x000000000059a000 	/usr/lib/libxslt.1.dylib
0x000000000059a000 	/System/Library/Frameworks/Carbon.framework/Versions/A/Frameworks/Ink.framework/Versions/A/Ink
0x000000000059a000 	/System/Library/PrivateFrameworks/TextureIO.framework/Versions/A/TextureIO
0x000000000059a000 	/usr/lib/libate.dylib
0x000000000059a000 	/System/Library/PrivateFrameworks/CrashReporterSupport.framework/Versions/A/CrashReporterSupport
0x000000000059a000 	/System/Library/PrivateFrameworks/Sharing.framework/Versions/A/Sharing
0x000000000059a000 	/System/Library/PrivateFrameworks/AuthKit.framework/Versions/A/AuthKit
0x000000000059a000 	/System/Library/PrivateFrameworks/Apple80211.framework/Versions/A/Apple80211
0x000000000059a000 	/System/Library/PrivateFrameworks/CoreUtils.framework/Versions/A/CoreUtils
0x000000000059a000 	/System/Library/Frameworks/CoreWLAN.framework/Versions/A/CoreWLAN
0x000000000059a000 	/System/Library/Frameworks/IOBluetooth.framework/Versions/A/IOBluetooth
0x000000000059a000 	/System/Library/PrivateFrameworks/ProtocolBuffer.framework/Versions/A/ProtocolBuffer
0x000000000059a000 	/System/Library/PrivateFrameworks/MobileKeyBag.framework/Versions/A/MobileKeyBag
0x000000000059a000 	/System/Library/PrivateFrameworks/CorePhoneNumbers.framework/Versions/A/CorePhoneNumbers
0x000000000059a000 	/System/Library/PrivateFrameworks/AppleIDAuthSupport.framework/Versions/A/AppleIDAuthSupport
0x000000000059a000 	/System/Library/PrivateFrameworks/KeychainCircle.framework/Versions/A/KeychainCircle
0x000000000059a000 	/System/Library/PrivateFrameworks/ROCKit.framework/Versions/A/ROCKit
0x000000000059a000 	/System/Library/PrivateFrameworks/CoreWiFi.framework/Versions/A/CoreWiFi
0x000000000059a000 	/System/Library/Frameworks/CoreBluetooth.framework/Versions/A/CoreBluetooth
0x000000000059a000 	/System/Library/PrivateFrameworks/DebugSymbols.framework/Versions/A/DebugSymbols
0x000000000059a000 	/System/Library/PrivateFrameworks/CoreSymbolication.framework/Versions/A/CoreSymbolication
0x000000000059a000 	/System/Library/PrivateFrameworks/Symbolication.framework/Versions/A/Symbolication
0x000000000059a000 	/System/Library/PrivateFrameworks/SpeechRecognitionCore.framework/Versions/A/SpeechRecognitionCore
0x000000000059a000 	/System/Library/CoreServices/Encodings/libJapaneseConverter.dylib
0x0000000104800000 	/Library/Java/JavaVirtualMachines/jdk1.8.0_171.jdk/Contents/Home/jre/lib/server/libjvm.dylib
0x000000000059a000 	/usr/lib/libstdc++.6.dylib
0x0000000103e38000 	/Library/Java/JavaVirtualMachines/jdk1.8.0_171.jdk/Contents/Home/jre/lib/libverify.dylib
0x0000000103e46000 	/Library/Java/JavaVirtualMachines/jdk1.8.0_171.jdk/Contents/Home/jre/lib/libjava.dylib
0x0000000103ec6000 	/Library/Java/JavaVirtualMachines/jdk1.8.0_171.jdk/Contents/Home/jre/lib/libzip.dylib
0x000000011fbbf000 	/Library/Java/JavaVirtualMachines/jdk1.8.0_171.jdk/Contents/Home/jre/lib/libawt.dylib
0x000000011fc69000 	/Library/Java/JavaVirtualMachines/jdk1.8.0_171.jdk/Contents/Home/jre/lib/./libmlib_image.dylib
0x000000000059a000 	/System/Library/Frameworks/JavaVM.framework/Versions/A/Frameworks/JavaNativeFoundation.framework/Versions/A/JavaNativeFoundation
0x000000000059a000 	/System/Library/Frameworks/JavaVM.framework/Versions/A/Frameworks/JavaRuntimeSupport.framework/Versions/A/JavaRuntimeSupport
0x000000000059a000 	/System/Library/Frameworks/JavaVM.framework/Versions/A/JavaVM
0x000000000059a000 	/System/Library/PrivateFrameworks/JavaLaunching.framework/Versions/A/JavaLaunching
0x000000000059a000 	/System/Library/Frameworks/Carbon.framework/Versions/A/Carbon
0x000000000059a000 	/System/Library/Frameworks/Carbon.framework/Versions/A/Frameworks/CommonPanels.framework/Versions/A/CommonPanels
0x000000000059a000 	/System/Library/Frameworks/Carbon.framework/Versions/A/Frameworks/Help.framework/Versions/A/Help
0x000000000059a000 	/System/Library/Frameworks/Carbon.framework/Versions/A/Frameworks/ImageCapture.framework/Versions/A/ImageCapture
0x000000000059a000 	/System/Library/Frameworks/Carbon.framework/Versions/A/Frameworks/OpenScripting.framework/Versions/A/OpenScripting
0x000000000059a000 	/System/Library/Frameworks/Carbon.framework/Versions/A/Frameworks/Print.framework/Versions/A/Print
0x000000000059a000 	/System/Library/Frameworks/Carbon.framework/Versions/A/Frameworks/SecurityHI.framework/Versions/A/SecurityHI
0x000000011fd35000 	/Library/Java/JavaVirtualMachines/jdk1.8.0_171.jdk/Contents/Home/jre/lib/libawt_lwawt.dylib
0x000000011fdef000 	/Library/Java/JavaVirtualMachines/jdk1.8.0_171.jdk/Contents/Home/jre/lib/./libosxapp.dylib
0x000000000059a000 	/System/Library/Frameworks/ExceptionHandling.framework/Versions/A/ExceptionHandling
0x000000000059a000 	/System/Library/PrivateFrameworks/CoreServicesInternal.framework/Versions/A/CoreServicesInternal
0x000000000059a000 	/System/Library/CoreServices/RawCamera.bundle/Contents/MacOS/RawCamera
0x000000000059a000 	/System/Library/PrivateFrameworks/MobileAsset.framework/Versions/A/MobileAsset
0x000000000059a000 	/System/Library/PrivateFrameworks/StreamingZip.framework/Versions/A/StreamingZip
0x000000000059a000 	/System/Library/Frameworks/MediaToolbox.framework/Versions/A/MediaToolbox
0x000000000059a000 	/System/Library/PrivateFrameworks/CoreAVCHD.framework/Versions/A/CoreAVCHD
0x000000000059a000 	/System/Library/Frameworks/MediaAccessibility.framework/Versions/A/MediaAccessibility
0x000000000059a000 	/System/Library/PrivateFrameworks/Mangrove.framework/Versions/A/Mangrove
0x000000000059a000 	/System/Library/Frameworks/CoreMedia.framework/Versions/A/CoreMedia
0x000000000059a000 	/System/Library/Frameworks/VideoToolbox.framework/Versions/A/VideoToolbox
0x000000000059a000 	/System/Library/PrivateFrameworks/CoreAUC.framework/Versions/A/CoreAUC
0x000000000059a000 	/usr/lib/libspindump.dylib
0x000000000059a000 	/System/Library/PrivateFrameworks/AppleVA.framework/Versions/A/AppleVA
0x000000000059a000 	/System/Library/Frameworks/Accelerate.framework/Versions/A/Frameworks/vImage.framework/Versions/A/Libraries/libCGInterfaces.dylib
0x000000000059a000 	/System/Library/Frameworks/ApplicationServices.framework/Versions/A/Frameworks/ATS.framework/Versions/A/Resources/libTrueTypeScaler.dylib
0x000000000059a000 	/System/Library/Extensions/AppleIntelKBLGraphicsMTLDriver.bundle/Contents/MacOS/AppleIntelKBLGraphicsMTLDriver
0x000000000059a000 	/System/Library/PrivateFrameworks/GPUCompiler.framework/Versions/3902/Libraries/libmetal_timestamp.dylib
0x000000000059a000 	/System/Library/PrivateFrameworks/FamilyControls.framework/Versions/A/FamilyControls
0x000000000059a000 	/System/Library/PrivateFrameworks/CommerceKit.framework/Versions/A/Frameworks/CommerceCore.framework/Versions/A/CommerceCore
0x000000000059a000 	/System/Library/PrivateFrameworks/SystemAdministration.framework/Versions/A/SystemAdministration
0x000000000059a000 	/System/Library/PrivateFrameworks/AppContainer.framework/Versions/A/AppContainer
0x000000000059a000 	/System/Library/PrivateFrameworks/AppSandbox.framework/Versions/A/AppSandbox
0x000000000059a000 	/System/Library/PrivateFrameworks/SecCodeWrapper.framework/Versions/A/SecCodeWrapper
0x000000000059a000 	/usr/lib/libsandbox.1.dylib
0x000000000059a000 	/usr/lib/libMatch.1.dylib
0x000000000059a000 	/System/Library/PrivateFrameworks/DiskManagement.framework/Versions/A/DiskManagement
0x000000000059a000 	/System/Library/Frameworks/DirectoryService.framework/Versions/A/DirectoryService
0x000000000059a000 	/System/Library/PrivateFrameworks/DiskImages.framework/Versions/A/DiskImages
0x000000000059a000 	/System/Library/PrivateFrameworks/LoginUIKit.framework/Versions/A/Frameworks/LoginUICore.framework/Versions/A/LoginUICore
0x000000000059a000 	/usr/lib/libCoreStorage.dylib
0x000000000059a000 	/usr/lib/libcsfde.dylib
0x000000000059a000 	/usr/lib/libodfde.dylib
0x000000000059a000 	/System/Library/PrivateFrameworks/MediaKit.framework/Versions/A/MediaKit
0x000000000059a000 	/System/Library/Frameworks/DiscRecording.framework/Versions/A/DiscRecording
0x000000000059a000 	/System/Library/PrivateFrameworks/EFILogin.framework/Versions/A/EFILogin
0x000000000059a000 	/System/Library/PrivateFrameworks/ProtectedCloudStorage.framework/Versions/A/ProtectedCloudStorage
0x000000000059a000 	/usr/lib/libcurl.4.dylib
0x000000000059a000 	/usr/lib/libcrypto.42.dylib
0x000000000059a000 	/usr/lib/libssl.44.dylib
0x000000000059a000 	/System/Library/Frameworks/LDAP.framework/Versions/A/LDAP
0x000000000059a000 	/System/Library/PrivateFrameworks/TrustEvaluationAgent.framework/Versions/A/TrustEvaluationAgent
0x000000000059a000 	/usr/lib/libsasl2.2.dylib
0x000000000059a000 	/System/Library/PrivateFrameworks/CoreDaemon.framework/Versions/B/CoreDaemon
0x000000000059a000 	/System/Library/PrivateFrameworks/AppleSRP.framework/Versions/A/AppleSRP
0x000000000059a000 	/System/Library/PrivateFrameworks/ViewBridge.framework/Versions/A/ViewBridge
0x00000001245c7000 	/Library/Java/JavaVirtualMachines/jdk1.8.0_171.jdk/Contents/Home/jre/lib/libfontmanager.dylib
0x000000012462e000 	/Library/Java/JavaVirtualMachines/jdk1.8.0_171.jdk/Contents/Home/jre/lib/libosxui.dylib
0x000000000059a000 	/System/Library/Frameworks/OpenGL.framework/Versions/A/Resources/GLEngine.bundle/GLEngine
0x000000000059a000 	/System/Library/Frameworks/OpenGL.framework/Versions/A/Libraries/libGLProgrammability.dylib
0x000000000059a000 	/System/Library/Extensions/AppleIntelKBLGraphicsGLDriver.bundle/Contents/MacOS/AppleIntelKBLGraphicsGLDriver
0x000000000059a000 	/System/Library/PrivateFrameworks/GPUSupport.framework/Versions/A/Libraries/libGPUSupportMercury.dylib
0x000000000059a000 	/System/Library/Frameworks/OpenGL.framework/Versions/A/Resources/GLRendererFloat.bundle/GLRendererFloat
0x000000000059a000 	/System/Library/Frameworks/OpenCL.framework/Versions/A/Libraries/libcldcpuengine.dylib
0x000000000059a000 	/usr/lib/libcrypto.35.dylib
0x0000000126295000 	/Library/Java/JavaVirtualMachines/jdk1.8.0_171.jdk/Contents/Home/jre/lib/libnet.dylib
0x00000001262ac000 	/Library/Java/JavaVirtualMachines/jdk1.8.0_171.jdk/Contents/Home/jre/lib/libnio.dylib
0x000000000059a000 	/System/Library/PrivateFrameworks/CloudDocs.framework/Versions/A/CloudDocs
0x000000000059a000 	/System/Library/PrivateFrameworks/FileProvider.framework/Versions/A/FileProvider
0x000000000059a000 	/System/Library/PrivateFrameworks/SpotlightIndex.framework/Versions/A/SpotlightIndex
0x000000000059a000 	/System/Library/PrivateFrameworks/SymptomDiagnosticReporter.framework/Versions/A/SymptomDiagnosticReporter
0x000000000059a000 	/System/Library/PrivateFrameworks/GenerationalStorage.framework/Versions/A/GenerationalStorage
0x000000000059a000 	/System/Library/PrivateFrameworks/ChunkingLibrary.framework/Versions/A/ChunkingLibrary
0x000000000059a000 	/System/Library/PrivateFrameworks/PowerLog.framework/Versions/A/PowerLog
0x000000000059a000 	/System/Library/PrivateFrameworks/CoreAnalytics.framework/Versions/A/CoreAnalytics
0x0000000192959000 	/usr/lib/libobjc-trampolines.dylib
0x000000012303d000 	/Library/Java/JavaVirtualMachines/jdk1.8.0_171.jdk/Contents/Home/jre/lib/libdcpr.dylib
0x000000000059a000 	/System/Library/PrivateFrameworks/login.framework/Versions/A/login

VM Arguments:
java_command: HardwareSimulatorMain
java_class_path (initial): :bin/classes:BuiltIn:bin/lib/Hack.jar:bin/lib/HackGUI.jar:bin/lib/Simulators.jar:bin/lib/SimulatorsGUI.jar:bin/lib/Compilers.jar
Launcher Type: SUN_STANDARD

Environment Variables:
PATH=/usr/local/sbin:/Users/tsurutan/.yarn/bin:/Users/tsurutan/src/google-cloud-sdk/bin:/Users/tsurutan/.rbenv/shims:/usr/local/bin:/usr/bin:/bin:/usr/sbin:/sbin:/usr/local/go/bin
SHELL=/usr/local/bin/fish

Signal Handlers:
SIGSEGV: [libjvm.dylib+0x5b512d], sa_mask[0]=11111111011111110111111111111111, sa_flags=SA_ONSTACK|SA_RESTART|SA_SIGINFO
SIGBUS: [libjvm.dylib+0x5b512d], sa_mask[0]=11111111011111110111111111111111, sa_flags=SA_RESTART|SA_SIGINFO
SIGFPE: [libjvm.dylib+0x48aa90], sa_mask[0]=11111111011111110111111111111111, sa_flags=SA_RESTART|SA_SIGINFO
SIGPIPE: [libjvm.dylib+0x48aa90], sa_mask[0]=11111111011111110111111111111111, sa_flags=SA_RESTART|SA_SIGINFO
SIGXFSZ: [libjvm.dylib+0x48aa90], sa_mask[0]=11111111011111110111111111111111, sa_flags=SA_RESTART|SA_SIGINFO
SIGILL: [libjvm.dylib+0x48aa90], sa_mask[0]=11111111011111110111111111111111, sa_flags=SA_RESTART|SA_SIGINFO
SIGUSR1: SIG_DFL, sa_mask[0]=00000000000000000000000000000000, sa_flags=none
SIGUSR2: [libjvm.dylib+0x48a5ae], sa_mask[0]=00000000000000000000000000000000, sa_flags=SA_RESTART|SA_SIGINFO
SIGHUP: [libjvm.dylib+0x488b79], sa_mask[0]=11111111011111110111111111111111, sa_flags=SA_RESTART|SA_SIGINFO
SIGINT: SIG_IGN, sa_mask[0]=00000000000000000000000000000000, sa_flags=none
SIGTERM: [libjvm.dylib+0x488b79], sa_mask[0]=11111111011111110111111111111111, sa_flags=SA_RESTART|SA_SIGINFO
SIGQUIT: [libjvm.dylib+0x488b79], sa_mask[0]=11111111011111110111111111111111, sa_flags=SA_RESTART|SA_SIGINFO


---------------  S Y S T E M  ---------------

OS:Bsduname:Darwin 18.0.0 Darwin Kernel Version 18.0.0: Wed Aug 22 20:13:40 PDT 2018; root:xnu-4903.201.2~1/RELEASE_X86_64 x86_64
rlimit: STACK 8192k, CORE 0k, NPROC 1418, NOFILE 10240, AS infinity
load average:3.65 3.23 3.06

CPU:total 4 (initial active 4) (2 cores per cpu, 2 threads per core) family 6 model 142 stepping 9, cmov, cx8, fxsr, mmx, sse, sse2, sse3, ssse3, sse4.1, sse4.2, popcnt, avx, avx2, aes, clmul, erms, rtm, 3dnowpref, lzcnt, ht, tsc, tscinvbit, bmi1, bmi2, adx

Memory: 4k page, physical 16777216k(204004k free)

/proc/meminfo:


vm_info: Java HotSpot(TM) 64-Bit Server VM (25.171-b11) for bsd-amd64 JRE (1.8.0_171-b11), built on Mar 28 2018 12:50:57 by "java_re" with gcc 4.2.1 (Based on Apple Inc. build 5658) (LLVM build 2336.11.00)

time: Thu Mar 14 20:01:47 2019
elapsed time: 201246 seconds (2d 7h 54m 6s)

