#
# A fatal error has been detected by the Java Runtime Environment:
#
#  SIGSEGV (0xb) at pc=0x000000010b073027, pid=35297, tid=0x0000000000013d0f
#
# JRE version: Java(TM) SE Runtime Environment (8.0_171-b11) (build 1.8.0_171-b11)
# Java VM: Java HotSpot(TM) 64-Bit Server VM (25.171-b11 mixed mode bsd-amd64 compressed oops)
# Problematic frame:
# C  [libawt_lwawt.dylib+0x1c027]  OGLSD_SetScratchSurface+0x49
#
# Failed to write core dump. Core dumps have been disabled. To enable core dumping, try "ulimit -c unlimited" before starting Java again
#
# If you would like to submit a bug report, please visit:
#   http://bugreport.java.com/bugreport/crash.jsp
# The crash happened outside the Java Virtual Machine in native code.
# See problematic frame for where to report the bug.
#

---------------  T H R E A D  ---------------

Current thread (0x00007f8131116800):  JavaThread "Java2D Queue Flusher" daemon [_thread_in_native, id=81167, stack(0x0000700009f73000,0x000070000a073000)]

siginfo: si_signo: 11 (SIGSEGV), si_code: 1 (SEGV_MAPERR), si_addr: 0x0000000000000002

Registers:
RAX=0x00000000ffffffff, RBX=0x0000000000000002, RCX=0x0000000000000047, RDX=0x000000010b094b14
RSP=0x000070000a0727d0, RBP=0x000070000a0727f0, RSI=0x00007f8133f0a260, RDI=0x00007f81311169f8
R8 =0x0000000000000000, R9 =0x0000000000000007, R10=0x000000010ff41c38, R11=0x0000000000000020
R12=0x0000000000000000, R13=0x00000006c02730d8, R14=0x00007f81311169f8, R15=0x00007f8131116800
RIP=0x000000010b073027, EFLAGS=0x0000000000010202, ERR=0x0000000000000004
  TRAPNO=0x000000000000000e

Top of Stack: (sp=0x000070000a0727d0)
0x000070000a0727d0:   00007f8133f0a260 0000000000000000
0x000070000a0727e0:   00007f813110e410 00007f8131116800
0x000070000a0727f0:   000070000a072870 000000010b0945f2
0x000070000a072800:   0000000000000064 00007f813066a6f8
0x000070000a072810:   000070000a072870 0000000106f50fd8
0x000070000a072820:   0000000000000005 00007f8131116800
0x000070000a072830:   00000006c0273001 00007f813110e420
0x000070000a072840:   0000700000072800 00007f81311169f8
0x000070000a072850:   0000000000000000 0000000000000000
0x000070000a072860:   000070000a0728c8 00007f8131116800
0x000070000a072870:   000070000a0728c0 000000010ff41caa
0x000070000a072880:   00000006c0273000 000070000a0728c8
0x000070000a072890:   0000000109ad0028 0000000000000000
0x000070000a0728a0:   0000000109acff48 0000000000000000
0x000070000a0728b0:   000070000a0728d0 00000006c02730d8
0x000070000a0728c0:   00000000d804e600 0000000110976148
0x000070000a0728d0:   0000000000000024 00000006c0273000
0x000070000a0728e0:   0000000000000000 00000006c02730d8
0x000070000a0728f0:   0000000000000007 00000006c02730d8
0x000070000a072900:   0000003c00000024 000000076ba4d3a0
0x000070000a072910:   d8089887d8089874 00000006c044c3a0
0x000070000a072920:   00000001d8089887 00000006c044c438
0x000070000a072930:   0000000109a22170 00000001098fb6f8
0x000070000a072940:   0000000109a219f8 0000000000000000
0x000070000a072950:   0000000000000001 0000000000000009
0x000070000a072960:   0000000000000000 0000000000000000
0x000070000a072970:   000070000a0729f0 000000010f8967a7
0x000070000a072980:   00000006c02730d8 00000006c0285c60
0x000070000a072990:   0000700000001fa0 000000000000000a
0x000070000a0729a0:   00007f8131116800 0000000000000001
0x000070000a0729b0:   000000010f89671f 0000000109a219f8
0x000070000a0729c0:   000070000a072a88 000070000a072d20 

Instructions: (pc=0x000000010b073027)
0x000000010b073007:   c0 e9 82 00 00 00 48 8b 5e 10 48 85 db 75 0e bf
0x000000010b073017:   01 00 00 00 48 8d 15 a8 96 03 00 eb d6 49 89 fe
0x000000010b073027:   4c 8b 3b 30 c0 e8 ff bc 02 00 49 8b 3f 49 89 c4
0x000000010b073037:   48 8b 35 02 29 06 00 30 c0 e8 4d be 02 00 48 85 

Register to memory mapping:

RAX=0x00000000ffffffff is an unknown value
RBX=0x0000000000000002 is an unknown value
RCX=0x0000000000000047 is an unknown value
RDX=0x000000010b094b14: Java_sun_java2d_opengl_OGLRenderQueue_flushBuffer+0xb5c in /Library/Java/JavaVirtualMachines/jdk1.8.0_171.jdk/Contents/Home/jre/lib/libawt_lwawt.dylib at 0x000000010b057000
RSP=0x000070000a0727d0 is pointing into the stack for thread: 0x00007f8131116800
RBP=0x000070000a0727f0 is pointing into the stack for thread: 0x00007f8131116800
RSI=0x00007f8133f0a260 is an unknown value
RDI=0x00007f81311169f8 is an unknown value
R8 =0x0000000000000000 is an unknown value
R9 =0x0000000000000007 is an unknown value
R10=0x000000010ff41c38 is at entry_point+56 in (nmethod*)0x000000010ff41a90
R11=0x0000000000000020 is an unknown value
R12=0x0000000000000000 is an unknown value
R13=0x00000006c02730d8 is an oop
sun.java2d.opengl.OGLRenderQueue$QueueFlusher 
 - klass: 'sun/java2d/opengl/OGLRenderQueue$QueueFlusher'
R14=0x00007f81311169f8 is an unknown value
R15=0x00007f8131116800 is a thread


Stack: [0x0000700009f73000,0x000070000a073000],  sp=0x000070000a0727d0,  free space=1021k
Native frames: (J=compiled Java code, j=interpreted, Vv=VM code, C=native code)
C  [libawt_lwawt.dylib+0x1c027]  OGLSD_SetScratchSurface+0x49
C  [libawt_lwawt.dylib+0x3d5f2]  Java_sun_java2d_opengl_OGLRenderQueue_flushBuffer+0x63a
J 2218  sun.java2d.opengl.OGLRenderQueue.flushBuffer(JI)V (0 bytes) @ 0x000000010ff41caa [0x000000010ff41c00+0xaa]
J 6303% C2 sun.java2d.opengl.OGLRenderQueue$QueueFlusher.run()V (234 bytes) @ 0x0000000110976148 [0x0000000110975f00+0x248]
v  ~StubRoutines::call_stub
V  [libjvm.dylib+0x2ef1f6]
V  [libjvm.dylib+0x2ef99a]
V  [libjvm.dylib+0x2efb46]
V  [libjvm.dylib+0x34a46d]
V  [libjvm.dylib+0x56eb0f]
V  [libjvm.dylib+0x57020a]
V  [libjvm.dylib+0x48d4a6]
C  [libsystem_pthread.dylib+0x333d]  _pthread_body+0x7e
C  [libsystem_pthread.dylib+0x62a7]  _pthread_start+0x46
C  [libsystem_pthread.dylib+0x2425]  thread_start+0xd
C  0x0000000000000000

Java frames: (J=compiled Java code, j=interpreted, Vv=VM code)
J 2218  sun.java2d.opengl.OGLRenderQueue.flushBuffer(JI)V (0 bytes) @ 0x000000010ff41c38 [0x000000010ff41c00+0x38]
J 6303% C2 sun.java2d.opengl.OGLRenderQueue$QueueFlusher.run()V (234 bytes) @ 0x0000000110976148 [0x0000000110975f00+0x248]
v  ~StubRoutines::call_stub

---------------  P R O C E S S  ---------------

Java Threads: ( => current thread )
  0x00007f8131a9b000 JavaThread "DestroyJavaVM" [_thread_blocked, id=9731, stack(0x0000700008ebd000,0x0000700008fbd000)]
  0x00007f813133d000 JavaThread "SwingWorker-pool-1-thread-2" daemon [_thread_blocked, id=59947, stack(0x000070000a78e000,0x000070000a88e000)]
  0x00007f81309c0000 JavaThread "SwingWorker-pool-1-thread-1" daemon [_thread_blocked, id=60267, stack(0x000070000a68b000,0x000070000a78b000)]
  0x00007f8130f5b800 JavaThread "Thread-0" [_thread_blocked, id=72463, stack(0x000070000a588000,0x000070000a688000)]
  0x00007f813217d800 JavaThread "AWT-EventQueue-0" [_thread_blocked, id=76035, stack(0x000070000a37f000,0x000070000a47f000)]
  0x00007f81311b9000 JavaThread "TimerQueue" daemon [_thread_blocked, id=76299, stack(0x000070000a179000,0x000070000a279000)]
  0x00007f81310ac000 JavaThread "Java2D Disposer" daemon [_thread_blocked, id=51219, stack(0x000070000a076000,0x000070000a176000)]
=>0x00007f8131116800 JavaThread "Java2D Queue Flusher" daemon [_thread_in_native, id=81167, stack(0x0000700009f73000,0x000070000a073000)]
  0x00007f81318eb800 JavaThread "AWT-Shutdown" [_thread_blocked, id=37927, stack(0x0000700009ce7000,0x0000700009de7000)]
  0x00007f8130888800 JavaThread "AppKit Thread" daemon [_thread_in_native, id=775, stack(0x00007ffee91e0000,0x00007ffee99e0000)]
  0x00007f8131058000 JavaThread "Service Thread" daemon [_thread_blocked, id=16899, stack(0x0000700009ae1000,0x0000700009be1000)]
  0x00007f8131000800 JavaThread "C1 CompilerThread2" daemon [_thread_blocked, id=13059, stack(0x00007000099de000,0x0000700009ade000)]
  0x00007f8131869800 JavaThread "C2 CompilerThread1" daemon [_thread_blocked, id=17411, stack(0x00007000098db000,0x00007000099db000)]
  0x00007f813182f800 JavaThread "C2 CompilerThread0" daemon [_thread_blocked, id=17923, stack(0x00007000097d8000,0x00007000098d8000)]
  0x00007f8130815800 JavaThread "Signal Dispatcher" daemon [_thread_blocked, id=12803, stack(0x00007000096d5000,0x00007000097d5000)]
  0x00007f8131015800 JavaThread "Finalizer" daemon [_thread_blocked, id=20483, stack(0x00007000095d2000,0x00007000096d2000)]
  0x00007f813100f800 JavaThread "Reference Handler" daemon [_thread_blocked, id=12035, stack(0x00007000094cf000,0x00007000095cf000)]

Other Threads:
  0x00007f8132004000 VMThread [stack: 0x00007000093cc000,0x00007000094cc000] [id=21251]
  0x00007f8130831800 WatcherThread [stack: 0x0000700009be4000,0x0000700009ce4000] [id=13571]

VM state:not at safepoint (normal execution)

VM Mutex/Monitor currently owned by a thread: None

Heap:
 PSYoungGen      total 25600K, used 347K [0x000000076ab00000, 0x000000076c780000, 0x00000007c0000000)
  eden space 22016K, 0% used [0x000000076ab00000,0x000000076ab2eff0,0x000000076c080000)
  from space 3584K, 4% used [0x000000076c080000,0x000000076c0a8000,0x000000076c400000)
  to   space 3584K, 0% used [0x000000076c400000,0x000000076c400000,0x000000076c780000)
 ParOldGen       total 175104K, used 60187K [0x00000006c0000000, 0x00000006cab00000, 0x000000076ab00000)
  object space 175104K, 34% used [0x00000006c0000000,0x00000006c3ac6f80,0x00000006cab00000)
 Metaspace       used 20487K, capacity 21118K, committed 21248K, reserved 1067008K
  class space    used 2589K, capacity 2727K, committed 2816K, reserved 1048576K

Card table byte_map: [0x0000000107f6e000,0x000000010876f000] byte_map_base: 0x000000010496e000

Marking Bits: (ParMarkBitMap*) 0x00000001074f76e0
 Begin Bits: [0x000000011e896000, 0x0000000122896000)
 End Bits:   [0x0000000122896000, 0x0000000126896000)

Polling page: 0x000000010628f000

CodeCache: size=245760Kb used=19450Kb max_used=19453Kb free=226309Kb
 bounds [0x000000010f896000, 0x0000000110bd6000, 0x000000011e896000]
 total_blobs=6028 nmethods=5427 adapters=512
 compilation: enabled

Compilation events (10 events):
Event: 42695.417 Thread 0x00007f8131000800 6956       1       sun.awt.NullComponentPeer::updateGraphicsData (2 bytes)
Event: 42695.417 Thread 0x00007f8131000800 nmethod 6956 0x000000010fd73310 code [0x000000010fd73460, 0x000000010fd73570]
Event: 42695.440 Thread 0x00007f8131000800 6957       3       java.util.HashMap::values (25 bytes)
Event: 42695.440 Thread 0x00007f8131000800 nmethod 6957 0x00000001102e5f90 code [0x00000001102e6100, 0x00000001102e6430]
Event: 42845.390 Thread 0x00007f8131000800 6958       3       sun.java2d.pipe.BufferedContext::validate (575 bytes)
Event: 42845.396 Thread 0x00007f8131000800 nmethod 6958 0x00000001104c6a90 code [0x00000001104c6f80, 0x00000001104cb308]
Event: 42856.007 Thread 0x00007f8131000800 6959       3       java.nio.charset.CharsetDecoder::maxCharsPerByte (5 bytes)
Event: 42856.007 Thread 0x00007f8131000800 nmethod 6959 0x000000010fffd8d0 code [0x000000010fffda20, 0x000000010fffdb70]
Event: 42857.497 Thread 0x00007f8131000800 6960       3       java.util.WeakHashMap$HashIterator::hasNext (95 bytes)
Event: 42857.499 Thread 0x00007f8131000800 nmethod 6960 0x000000010faf4810 code [0x000000010faf49a0, 0x000000010faf4e70]

GC Heap History (10 events):
Event: 35206.472 GC heap before
{Heap before GC invocations=329 (full 106):
 PSYoungGen      total 26112K, used 23238K [0x000000076ab00000, 0x000000076c880000, 0x00000007c0000000)
  eden space 22016K, 100% used [0x000000076ab00000,0x000000076c080000,0x000000076c080000)
  from space 4096K, 29% used [0x000000076c480000,0x000000076c5b1a60,0x000000076c880000)
  to   space 4096K, 0% used [0x000000076c080000,0x000000076c080000,0x000000076c480000)
 ParOldGen       total 175104K, used 58923K [0x00000006c0000000, 0x00000006cab00000, 0x000000076ab00000)
  object space 175104K, 33% used [0x00000006c0000000,0x00000006c398acb8,0x00000006cab00000)
 Metaspace       used 20483K, capacity 21118K, committed 21248K, reserved 1067008K
  class space    used 2588K, capacity 2727K, committed 2816K, reserved 1048576K
Event: 35206.475 GC heap after
Heap after GC invocations=329 (full 106):
 PSYoungGen      total 26112K, used 128K [0x000000076ab00000, 0x000000076c880000, 0x00000007c0000000)
  eden space 22016K, 0% used [0x000000076ab00000,0x000000076ab00000,0x000000076c080000)
  from space 4096K, 3% used [0x000000076c080000,0x000000076c0a0000,0x000000076c480000)
  to   space 4096K, 0% used [0x000000076c480000,0x000000076c480000,0x000000076c880000)
 ParOldGen       total 175104K, used 60115K [0x00000006c0000000, 0x00000006cab00000, 0x000000076ab00000)
  object space 175104K, 34% used [0x00000006c0000000,0x00000006c3ab4f80,0x00000006cab00000)
 Metaspace       used 20483K, capacity 21118K, committed 21248K, reserved 1067008K
  class space    used 2588K, capacity 2727K, committed 2816K, reserved 1048576K
}
Event: 37069.519 GC heap before
{Heap before GC invocations=330 (full 106):
 PSYoungGen      total 26112K, used 22144K [0x000000076ab00000, 0x000000076c880000, 0x00000007c0000000)
  eden space 22016K, 100% used [0x000000076ab00000,0x000000076c080000,0x000000076c080000)
  from space 4096K, 3% used [0x000000076c080000,0x000000076c0a0000,0x000000076c480000)
  to   space 4096K, 0% used [0x000000076c480000,0x000000076c480000,0x000000076c880000)
 ParOldGen       total 175104K, used 60115K [0x00000006c0000000, 0x00000006cab00000, 0x000000076ab00000)
  object space 175104K, 34% used [0x00000006c0000000,0x00000006c3ab4f80,0x00000006cab00000)
 Metaspace       used 20484K, capacity 21118K, committed 21248K, reserved 1067008K
  class space    used 2588K, capacity 2727K, committed 2816K, reserved 1048576K
Event: 37069.522 GC heap after
Heap after GC invocations=330 (full 106):
 PSYoungGen      total 26112K, used 128K [0x000000076ab00000, 0x000000076c880000, 0x00000007c0000000)
  eden space 22016K, 0% used [0x000000076ab00000,0x000000076ab00000,0x000000076c080000)
  from space 4096K, 3% used [0x000000076c480000,0x000000076c4a0000,0x000000076c880000)
  to   space 4096K, 0% used [0x000000076c080000,0x000000076c080000,0x000000076c480000)
 ParOldGen       total 175104K, used 60155K [0x00000006c0000000, 0x00000006cab00000, 0x000000076ab00000)
  object space 175104K, 34% used [0x00000006c0000000,0x00000006c3abef80,0x00000006cab00000)
 Metaspace       used 20484K, capacity 21118K, committed 21248K, reserved 1067008K
  class space    used 2588K, capacity 2727K, committed 2816K, reserved 1048576K
}
Event: 39215.717 GC heap before
{Heap before GC invocations=331 (full 106):
 PSYoungGen      total 26112K, used 22144K [0x000000076ab00000, 0x000000076c880000, 0x00000007c0000000)
  eden space 22016K, 100% used [0x000000076ab00000,0x000000076c080000,0x000000076c080000)
  from space 4096K, 3% used [0x000000076c480000,0x000000076c4a0000,0x000000076c880000)
  to   space 4096K, 0% used [0x000000076c080000,0x000000076c080000,0x000000076c480000)
 ParOldGen       total 175104K, used 60155K [0x00000006c0000000, 0x00000006cab00000, 0x000000076ab00000)
  object space 175104K, 34% used [0x00000006c0000000,0x00000006c3abef80,0x00000006cab00000)
 Metaspace       used 20484K, capacity 21118K, committed 21248K, reserved 1067008K
  class space    used 2588K, capacity 2727K, committed 2816K, reserved 1048576K
Event: 39215.720 GC heap after
Heap after GC invocations=331 (full 106):
 PSYoungGen      total 22528K, used 96K [0x000000076ab00000, 0x000000076c780000, 0x00000007c0000000)
  eden space 22016K, 0% used [0x000000076ab00000,0x000000076ab00000,0x000000076c080000)
  from space 512K, 18% used [0x000000076c080000,0x000000076c098000,0x000000076c100000)
  to   space 3584K, 0% used [0x000000076c400000,0x000000076c400000,0x000000076c780000)
 ParOldGen       total 175104K, used 60187K [0x00000006c0000000, 0x00000006cab00000, 0x000000076ab00000)
  object space 175104K, 34% used [0x00000006c0000000,0x00000006c3ac6f80,0x00000006cab00000)
 Metaspace       used 20484K, capacity 21118K, committed 21248K, reserved 1067008K
  class space    used 2588K, capacity 2727K, committed 2816K, reserved 1048576K
}
Event: 41372.691 GC heap before
{Heap before GC invocations=332 (full 106):
 PSYoungGen      total 22528K, used 22112K [0x000000076ab00000, 0x000000076c780000, 0x00000007c0000000)
  eden space 22016K, 100% used [0x000000076ab00000,0x000000076c080000,0x000000076c080000)
  from space 512K, 18% used [0x000000076c080000,0x000000076c098000,0x000000076c100000)
  to   space 3584K, 0% used [0x000000076c400000,0x000000076c400000,0x000000076c780000)
 ParOldGen       total 175104K, used 60187K [0x00000006c0000000, 0x00000006cab00000, 0x000000076ab00000)
  object space 175104K, 34% used [0x00000006c0000000,0x00000006c3ac6f80,0x00000006cab00000)
 Metaspace       used 20484K, capacity 21118K, committed 21248K, reserved 1067008K
  class space    used 2588K, capacity 2727K, committed 2816K, reserved 1048576K
Event: 41372.694 GC heap after
Heap after GC invocations=332 (full 106):
 PSYoungGen      total 25600K, used 96K [0x000000076ab00000, 0x000000076c780000, 0x00000007c0000000)
  eden space 22016K, 0% used [0x000000076ab00000,0x000000076ab00000,0x000000076c080000)
  from space 3584K, 2% used [0x000000076c400000,0x000000076c418000,0x000000076c780000)
  to   space 3584K, 0% used [0x000000076c080000,0x000000076c080000,0x000000076c400000)
 ParOldGen       total 175104K, used 60187K [0x00000006c0000000, 0x00000006cab00000, 0x000000076ab00000)
  object space 175104K, 34% used [0x00000006c0000000,0x00000006c3ac6f80,0x00000006cab00000)
 Metaspace       used 20484K, capacity 21118K, committed 21248K, reserved 1067008K
  class space    used 2588K, capacity 2727K, committed 2816K, reserved 1048576K
}
Event: 43466.023 GC heap before
{Heap before GC invocations=333 (full 106):
 PSYoungGen      total 25600K, used 22112K [0x000000076ab00000, 0x000000076c780000, 0x00000007c0000000)
  eden space 22016K, 100% used [0x000000076ab00000,0x000000076c080000,0x000000076c080000)
  from space 3584K, 2% used [0x000000076c400000,0x000000076c418000,0x000000076c780000)
  to   space 3584K, 0% used [0x000000076c080000,0x000000076c080000,0x000000076c400000)
 ParOldGen       total 175104K, used 60187K [0x00000006c0000000, 0x00000006cab00000, 0x000000076ab00000)
  object space 175104K, 34% used [0x00000006c0000000,0x00000006c3ac6f80,0x00000006cab00000)
 Metaspace       used 20487K, capacity 21118K, committed 21248K, reserved 1067008K
  class space    used 2589K, capacity 2727K, committed 2816K, reserved 1048576K
Event: 43466.026 GC heap after
Heap after GC invocations=333 (full 106):
 PSYoungGen      total 25600K, used 160K [0x000000076ab00000, 0x000000076c780000, 0x00000007c0000000)
  eden space 22016K, 0% used [0x000000076ab00000,0x000000076ab00000,0x000000076c080000)
  from space 3584K, 4% used [0x000000076c080000,0x000000076c0a8000,0x000000076c400000)
  to   space 3584K, 0% used [0x000000076c400000,0x000000076c400000,0x000000076c780000)
 ParOldGen       total 175104K, used 60187K [0x00000006c0000000, 0x00000006cab00000, 0x000000076ab00000)
  object space 175104K, 34% used [0x00000006c0000000,0x00000006c3ac6f80,0x00000006cab00000)
 Metaspace       used 20487K, capacity 21118K, committed 21248K, reserved 1067008K
  class space    used 2589K, capacity 2727K, committed 2816K, reserved 1048576K
}

Deoptimization events (10 events):
Event: 32835.260 Thread 0x00007f813217d800 Uncommon trap: reason=class_check action=maybe_recompile pc=0x000000010fe56984 method=sun.awt.image.SurfaceManager.getImageScale(Ljava/awt/Image;)I @ 18
Event: 32835.261 Thread 0x00007f813217d800 Uncommon trap: reason=class_check action=maybe_recompile pc=0x00000001105f32b4 method=sun.java2d.pipe.DrawImage.copyImage(Lsun/java2d/SunGraphics2D;Ljava/awt/Image;IILjava/awt/Color;)Z @ 2
Event: 33627.051 Thread 0x00007f813217d800 Uncommon trap: reason=unstable_if action=reinterpret pc=0x000000011074de38 method=javax.swing.RepaintManager.getVolatileOffscreenBuffer(Ljava/awt/Component;II)Ljava/awt/Image; @ 199
Event: 37065.341 Thread 0x00007f813217d800 Uncommon trap: reason=unstable_if action=reinterpret pc=0x00000001102d4d9c method=javax.swing.RepaintManager.addDirtyRegion0(Ljava/awt/Container;IIII)V @ 108
Event: 37065.342 Thread 0x00007f813217d800 Uncommon trap: reason=unstable_if action=reinterpret pc=0x00000001102deeb4 method=javax.swing.RepaintManager.addDirtyRegion0(Ljava/awt/Container;IIII)V @ 108
Event: 42695.398 Thread 0x00007f8130888800 Uncommon trap: reason=class_check action=maybe_recompile pc=0x000000010fdfd044 method=java.util.HashMap.removeNode(ILjava/lang/Object;Ljava/lang/Object;ZZ)Ljava/util/HashMap$Node; @ 143
Event: 42695.405 Thread 0x00007f813217d800 Uncommon trap: reason=unstable_if action=reinterpret pc=0x000000010feb4640 method=java.awt.Component.updateGraphicsData(Ljava/awt/GraphicsConfiguration;)Z @ 25
Event: 42695.414 Thread 0x00007f8130888800 Uncommon trap: reason=unstable_if action=reinterpret pc=0x000000011027d0f4 method=sun.java2d.opengl.OGLSurfaceData.validatePipe(Lsun/java2d/SunGraphics2D;)V @ 279
Event: 42695.414 Thread 0x00007f8130888800 Uncommon trap: reason=null_check action=make_not_entrant pc=0x000000010ffaa26c method=java.awt.geom.AffineTransform.equals(Ljava/lang/Object;)Z @ 1
Event: 42697.560 Thread 0x00007f8130888800 Uncommon trap: reason=null_check action=make_not_entrant pc=0x00000001104d0b98 method=java.awt.geom.AffineTransform.equals(Ljava/lang/Object;)Z @ 1

Classes redefined (0 events):
No events

Internal exceptions (10 events):
Event: 30146.556 Thread 0x00007f8131015800 Exception <a 'java/lang/NullPointerException'> (0x000000076ab18800) thrown at [/Users/java_re/workspace/8-2-build-macosx-x86_64/jdk8u171/10807/hotspot/src/share/vm/runtime/sharedRuntime.cpp, line 605]
Event: 30291.496 Thread 0x00007f8131015800 Implicit null exception at 0x000000010fda8d34 to 0x000000010fda8f16
Event: 30291.496 Thread 0x00007f8131015800 Exception <a 'java/lang/NullPointerException'> (0x000000076ab2b370) thrown at [/Users/java_re/workspace/8-2-build-macosx-x86_64/jdk8u171/10807/hotspot/src/share/vm/runtime/sharedRuntime.cpp, line 605]
Event: 30291.496 Thread 0x00007f8131015800 Implicit null exception at 0x000000010fda8d34 to 0x000000010fda8f16
Event: 30291.497 Thread 0x00007f8131015800 Exception <a 'java/lang/NullPointerException'> (0x000000076ab2b5a8) thrown at [/Users/java_re/workspace/8-2-build-macosx-x86_64/jdk8u171/10807/hotspot/src/share/vm/runtime/sharedRuntime.cpp, line 605]
Event: 30299.512 Thread 0x00007f813217d800 Implicit null exception at 0x0000000110247888 to 0x00000001102489a5
Event: 30302.051 Thread 0x00007f813217d800 Implicit null exception at 0x00000001105fd678 to 0x00000001105ff785
Event: 32835.085 Thread 0x00007f8130888800 Implicit null exception at 0x0000000110b45f9c to 0x0000000110b48aa9
Event: 42695.414 Thread 0x00007f8130888800 Implicit null exception at 0x000000010ffaa10c to 0x000000010ffaa25d
Event: 42697.560 Thread 0x00007f8130888800 Implicit null exception at 0x00000001104cdfa3 to 0x00000001104d0b7d

Events (10 events):
Event: 42695.414 Thread 0x00007f8130888800 DEOPT UNPACKING pc=0x000000010f8db73a sp=0x00007ffee99da368 mode 2
Event: 42695.414 Thread 0x00007f8130888800 Uncommon trap: trap_request=0xfffffff4 fr.pc=0x000000010ffaa26c
Event: 42695.414 Thread 0x00007f8130888800 DEOPT PACKING pc=0x000000010ffaa26c sp=0x00007ffee99da1f0
Event: 42695.414 Thread 0x00007f8130888800 DEOPT UNPACKING pc=0x000000010f8db73a sp=0x00007ffee99da1b0 mode 2
Event: 42697.560 Thread 0x00007f8130888800 Uncommon trap: trap_request=0xfffffff4 fr.pc=0x00000001104d0b98
Event: 42697.560 Thread 0x00007f8130888800 DEOPT PACKING pc=0x00000001104d0b98 sp=0x00007ffee99da240
Event: 42697.560 Thread 0x00007f8130888800 DEOPT UNPACKING pc=0x000000010f8db73a sp=0x00007ffee99da1b8 mode 2
Event: 42857.501 Thread 0x00007f8131000800 flushing nmethod 0x0000000110556d10
Event: 43466.023 Executing VM operation: ParallelGCFailedAllocation
Event: 43466.026 Executing VM operation: ParallelGCFailedAllocation done


Dynamic libraries:
0x0000000026e30000 	/System/Library/Frameworks/Cocoa.framework/Versions/A/Cocoa
0x0000000026e30000 	/System/Library/Frameworks/Security.framework/Versions/A/Security
0x0000000026e30000 	/System/Library/Frameworks/ApplicationServices.framework/Versions/A/ApplicationServices
0x0000000026e30000 	/usr/lib/libz.1.dylib
0x0000000026e30000 	/usr/lib/libSystem.B.dylib
0x0000000026e30000 	/usr/lib/libobjc.A.dylib
0x0000000026e30000 	/System/Library/Frameworks/CoreFoundation.framework/Versions/A/CoreFoundation
0x0000000026e30000 	/System/Library/Frameworks/Foundation.framework/Versions/C/Foundation
0x0000000026e30000 	/System/Library/Frameworks/AppKit.framework/Versions/C/AppKit
0x0000000026e30000 	/System/Library/Frameworks/CoreData.framework/Versions/A/CoreData
0x0000000026e30000 	/System/Library/PrivateFrameworks/RemoteViewServices.framework/Versions/A/RemoteViewServices
0x0000000026e30000 	/System/Library/PrivateFrameworks/UIFoundation.framework/Versions/A/UIFoundation
0x0000000026e30000 	/System/Library/PrivateFrameworks/XCTTargetBootstrap.framework/Versions/A/XCTTargetBootstrap
0x0000000026e30000 	/System/Library/PrivateFrameworks/IconServices.framework/Versions/A/IconServices
0x0000000026e30000 	/System/Library/Frameworks/Metal.framework/Versions/A/Metal
0x0000000026e30000 	/System/Library/PrivateFrameworks/DesktopServicesPriv.framework/Versions/A/DesktopServicesPriv
0x0000000026e30000 	/usr/lib/libenergytrace.dylib
0x0000000026e30000 	/System/Library/PrivateFrameworks/SkyLight.framework/Versions/A/SkyLight
0x0000000026e30000 	/System/Library/Frameworks/CoreGraphics.framework/Versions/A/CoreGraphics
0x0000000026e30000 	/System/Library/Frameworks/Accelerate.framework/Versions/A/Accelerate
0x0000000026e30000 	/System/Library/Frameworks/IOSurface.framework/Versions/A/IOSurface
0x0000000026e30000 	/System/Library/PrivateFrameworks/DFRFoundation.framework/Versions/A/DFRFoundation
0x0000000026e30000 	/System/Library/Frameworks/AudioToolbox.framework/Versions/A/AudioToolbox
0x0000000026e30000 	/System/Library/Frameworks/AudioUnit.framework/Versions/A/AudioUnit
0x0000000026e30000 	/System/Library/PrivateFrameworks/DataDetectorsCore.framework/Versions/A/DataDetectorsCore
0x0000000026e30000 	/System/Library/Frameworks/Carbon.framework/Versions/A/Frameworks/HIToolbox.framework/Versions/A/HIToolbox
0x0000000026e30000 	/usr/lib/libicucore.A.dylib
0x0000000026e30000 	/System/Library/Frameworks/QuartzCore.framework/Versions/A/QuartzCore
0x0000000026e30000 	/System/Library/Frameworks/Carbon.framework/Versions/A/Frameworks/SpeechRecognition.framework/Versions/A/SpeechRecognition
0x0000000026e30000 	/usr/lib/libauto.dylib
0x0000000026e30000 	/usr/lib/libxml2.2.dylib
0x0000000026e30000 	/System/Library/PrivateFrameworks/CoreUI.framework/Versions/A/CoreUI
0x0000000026e30000 	/System/Library/Frameworks/CoreAudio.framework/Versions/A/CoreAudio
0x0000000026e30000 	/System/Library/Frameworks/DiskArbitration.framework/Versions/A/DiskArbitration
0x0000000026e30000 	/usr/lib/liblangid.dylib
0x0000000026e30000 	/System/Library/PrivateFrameworks/MultitouchSupport.framework/Versions/A/MultitouchSupport
0x0000000026e30000 	/System/Library/Frameworks/IOKit.framework/Versions/A/IOKit
0x0000000026e30000 	/usr/lib/libDiagnosticMessagesClient.dylib
0x0000000026e30000 	/System/Library/Frameworks/CoreServices.framework/Versions/A/CoreServices
0x0000000026e30000 	/System/Library/PrivateFrameworks/PerformanceAnalysis.framework/Versions/A/PerformanceAnalysis
0x0000000026e30000 	/System/Library/Frameworks/OpenGL.framework/Versions/A/OpenGL
0x0000000026e30000 	/System/Library/Frameworks/ColorSync.framework/Versions/A/ColorSync
0x0000000026e30000 	/System/Library/Frameworks/CoreImage.framework/Versions/A/CoreImage
0x0000000026e30000 	/System/Library/Frameworks/CoreText.framework/Versions/A/CoreText
0x0000000026e30000 	/System/Library/Frameworks/ImageIO.framework/Versions/A/ImageIO
0x0000000026e30000 	/System/Library/PrivateFrameworks/Backup.framework/Versions/A/Backup
0x0000000026e30000 	/usr/lib/libarchive.2.dylib
0x0000000026e30000 	/System/Library/Frameworks/CFNetwork.framework/Versions/A/CFNetwork
0x0000000026e30000 	/System/Library/Frameworks/SystemConfiguration.framework/Versions/A/SystemConfiguration
0x0000000026e30000 	/usr/lib/libCRFSuite.dylib
0x0000000026e30000 	/usr/lib/libc++.1.dylib
0x0000000026e30000 	/usr/lib/libc++abi.dylib
0x0000000026e30000 	/usr/lib/system/libcache.dylib
0x0000000026e30000 	/usr/lib/system/libcommonCrypto.dylib
0x0000000026e30000 	/usr/lib/system/libcompiler_rt.dylib
0x0000000026e30000 	/usr/lib/system/libcopyfile.dylib
0x0000000026e30000 	/usr/lib/system/libcorecrypto.dylib
0x0000000026e30000 	/usr/lib/system/libdispatch.dylib
0x0000000026e30000 	/usr/lib/system/libdyld.dylib
0x0000000026e30000 	/usr/lib/system/libkeymgr.dylib
0x0000000026e30000 	/usr/lib/system/liblaunch.dylib
0x0000000026e30000 	/usr/lib/system/libmacho.dylib
0x0000000026e30000 	/usr/lib/system/libquarantine.dylib
0x0000000026e30000 	/usr/lib/system/libremovefile.dylib
0x0000000026e30000 	/usr/lib/system/libsystem_asl.dylib
0x0000000026e30000 	/usr/lib/system/libsystem_blocks.dylib
0x0000000026e30000 	/usr/lib/system/libsystem_c.dylib
0x0000000026e30000 	/usr/lib/system/libsystem_configuration.dylib
0x0000000026e30000 	/usr/lib/system/libsystem_coreservices.dylib
0x0000000026e30000 	/usr/lib/system/libsystem_darwin.dylib
0x0000000026e30000 	/usr/lib/system/libsystem_dnssd.dylib
0x0000000026e30000 	/usr/lib/system/libsystem_info.dylib
0x0000000026e30000 	/usr/lib/system/libsystem_m.dylib
0x0000000026e30000 	/usr/lib/system/libsystem_malloc.dylib
0x0000000026e30000 	/usr/lib/system/libsystem_networkextension.dylib
0x0000000026e30000 	/usr/lib/system/libsystem_notify.dylib
0x0000000026e30000 	/usr/lib/system/libsystem_sandbox.dylib
0x0000000026e30000 	/usr/lib/system/libsystem_secinit.dylib
0x0000000026e30000 	/usr/lib/system/libsystem_kernel.dylib
0x0000000026e30000 	/usr/lib/system/libsystem_platform.dylib
0x0000000026e30000 	/usr/lib/system/libsystem_pthread.dylib
0x0000000026e30000 	/usr/lib/system/libsystem_symptoms.dylib
0x0000000026e30000 	/usr/lib/system/libsystem_trace.dylib
0x0000000026e30000 	/usr/lib/system/libunwind.dylib
0x0000000026e30000 	/usr/lib/system/libxpc.dylib
0x0000000026e30000 	/usr/lib/libbsm.0.dylib
0x0000000026e30000 	/usr/lib/system/libkxld.dylib
0x0000000026e30000 	/System/Library/PrivateFrameworks/AppleFSCompression.framework/Versions/A/AppleFSCompression
0x0000000026e30000 	/usr/lib/libOpenScriptingUtil.dylib
0x0000000026e30000 	/usr/lib/libcoretls.dylib
0x0000000026e30000 	/usr/lib/libcoretls_cfhelpers.dylib
0x0000000026e30000 	/usr/lib/libpam.2.dylib
0x0000000026e30000 	/usr/lib/libsqlite3.dylib
0x0000000026e30000 	/usr/lib/libxar.1.dylib
0x0000000026e30000 	/usr/lib/libbz2.1.0.dylib
0x0000000026e30000 	/usr/lib/liblzma.5.dylib
0x0000000026e30000 	/usr/lib/libnetwork.dylib
0x0000000026e30000 	/usr/lib/libapple_nghttp2.dylib
0x0000000026e30000 	/usr/lib/libpcap.A.dylib
0x0000000026e30000 	/System/Library/Frameworks/CoreServices.framework/Versions/A/Frameworks/FSEvents.framework/Versions/A/FSEvents
0x0000000026e30000 	/System/Library/Frameworks/CoreServices.framework/Versions/A/Frameworks/CarbonCore.framework/Versions/A/CarbonCore
0x0000000026e30000 	/System/Library/Frameworks/CoreServices.framework/Versions/A/Frameworks/Metadata.framework/Versions/A/Metadata
0x0000000026e30000 	/System/Library/Frameworks/CoreServices.framework/Versions/A/Frameworks/OSServices.framework/Versions/A/OSServices
0x0000000026e30000 	/System/Library/Frameworks/CoreServices.framework/Versions/A/Frameworks/SearchKit.framework/Versions/A/SearchKit
0x0000000026e30000 	/System/Library/Frameworks/CoreServices.framework/Versions/A/Frameworks/AE.framework/Versions/A/AE
0x0000000026e30000 	/System/Library/Frameworks/CoreServices.framework/Versions/A/Frameworks/LaunchServices.framework/Versions/A/LaunchServices
0x0000000026e30000 	/System/Library/Frameworks/CoreServices.framework/Versions/A/Frameworks/DictionaryServices.framework/Versions/A/DictionaryServices
0x0000000026e30000 	/System/Library/Frameworks/CoreServices.framework/Versions/A/Frameworks/SharedFileList.framework/Versions/A/SharedFileList
0x0000000026e30000 	/System/Library/Frameworks/NetFS.framework/Versions/A/NetFS
0x0000000026e30000 	/System/Library/PrivateFrameworks/NetAuth.framework/Versions/A/NetAuth
0x0000000026e30000 	/System/Library/PrivateFrameworks/login.framework/Versions/A/Frameworks/loginsupport.framework/Versions/A/loginsupport
0x0000000026e30000 	/System/Library/PrivateFrameworks/TCC.framework/Versions/A/TCC
0x0000000026e30000 	/System/Library/PrivateFrameworks/CoreNLP.framework/Versions/A/CoreNLP
0x0000000026e30000 	/System/Library/PrivateFrameworks/MetadataUtilities.framework/Versions/A/MetadataUtilities
0x0000000026e30000 	/usr/lib/libmecabra.dylib
0x0000000026e30000 	/System/Library/Frameworks/ApplicationServices.framework/Versions/A/Frameworks/ATS.framework/Versions/A/ATS
0x0000000026e30000 	/System/Library/Frameworks/ApplicationServices.framework/Versions/A/Frameworks/ColorSyncLegacy.framework/Versions/A/ColorSyncLegacy
0x0000000026e30000 	/System/Library/Frameworks/ApplicationServices.framework/Versions/A/Frameworks/HIServices.framework/Versions/A/HIServices
0x0000000026e30000 	/System/Library/Frameworks/ApplicationServices.framework/Versions/A/Frameworks/LangAnalysis.framework/Versions/A/LangAnalysis
0x0000000026e30000 	/System/Library/Frameworks/ApplicationServices.framework/Versions/A/Frameworks/PrintCore.framework/Versions/A/PrintCore
0x0000000026e30000 	/System/Library/Frameworks/ApplicationServices.framework/Versions/A/Frameworks/QD.framework/Versions/A/QD
0x0000000026e30000 	/System/Library/Frameworks/ApplicationServices.framework/Versions/A/Frameworks/SpeechSynthesis.framework/Versions/A/SpeechSynthesis
0x0000000026e30000 	/usr/lib/libcompression.dylib
0x0000000026e30000 	/System/Library/Frameworks/CoreDisplay.framework/Versions/A/CoreDisplay
0x0000000026e30000 	/System/Library/Frameworks/MetalPerformanceShaders.framework/Versions/A/MetalPerformanceShaders
0x0000000026e30000 	/System/Library/Frameworks/Accelerate.framework/Versions/A/Frameworks/vImage.framework/Versions/A/vImage
0x0000000026e30000 	/System/Library/Frameworks/Accelerate.framework/Versions/A/Frameworks/vecLib.framework/Versions/A/vecLib
0x0000000026e30000 	/System/Library/Frameworks/Accelerate.framework/Versions/A/Frameworks/vecLib.framework/Versions/A/libvMisc.dylib
0x0000000026e30000 	/System/Library/Frameworks/Accelerate.framework/Versions/A/Frameworks/vecLib.framework/Versions/A/libvDSP.dylib
0x0000000026e30000 	/System/Library/Frameworks/Accelerate.framework/Versions/A/Frameworks/vecLib.framework/Versions/A/libBLAS.dylib
0x0000000026e30000 	/System/Library/Frameworks/Accelerate.framework/Versions/A/Frameworks/vecLib.framework/Versions/A/libLAPACK.dylib
0x0000000026e30000 	/System/Library/Frameworks/Accelerate.framework/Versions/A/Frameworks/vecLib.framework/Versions/A/libLinearAlgebra.dylib
0x0000000026e30000 	/System/Library/Frameworks/Accelerate.framework/Versions/A/Frameworks/vecLib.framework/Versions/A/libSparseBLAS.dylib
0x0000000026e30000 	/System/Library/Frameworks/Accelerate.framework/Versions/A/Frameworks/vecLib.framework/Versions/A/libQuadrature.dylib
0x0000000026e30000 	/System/Library/Frameworks/Accelerate.framework/Versions/A/Frameworks/vecLib.framework/Versions/A/libBNNS.dylib
0x0000000026e30000 	/System/Library/Frameworks/Accelerate.framework/Versions/A/Frameworks/vecLib.framework/Versions/A/libSparse.dylib
0x0000000026e30000 	/System/Library/PrivateFrameworks/GPUWrangler.framework/Versions/A/GPUWrangler
0x0000000026e30000 	/System/Library/PrivateFrameworks/IOAccelerator.framework/Versions/A/IOAccelerator
0x0000000026e30000 	/System/Library/PrivateFrameworks/IOPresentment.framework/Versions/A/IOPresentment
0x0000000026e30000 	/System/Library/PrivateFrameworks/DSExternalDisplay.framework/Versions/A/DSExternalDisplay
0x0000000026e30000 	/System/Library/Frameworks/OpenGL.framework/Versions/A/Libraries/libCoreFSCache.dylib
0x0000000026e30000 	/System/Library/Frameworks/MetalPerformanceShaders.framework/Frameworks/MPSCore.framework/Versions/A/MPSCore
0x0000000026e30000 	/System/Library/Frameworks/MetalPerformanceShaders.framework/Frameworks/MPSImage.framework/Versions/A/MPSImage
0x0000000026e30000 	/System/Library/Frameworks/MetalPerformanceShaders.framework/Frameworks/MPSNeuralNetwork.framework/Versions/A/MPSNeuralNetwork
0x0000000026e30000 	/System/Library/Frameworks/MetalPerformanceShaders.framework/Frameworks/MPSMatrix.framework/Versions/A/MPSMatrix
0x0000000026e30000 	/System/Library/Frameworks/MetalPerformanceShaders.framework/Frameworks/MPSRayIntersector.framework/Versions/A/MPSRayIntersector
0x0000000026e30000 	/System/Library/PrivateFrameworks/MetalTools.framework/Versions/A/MetalTools
0x0000000026e30000 	/System/Library/PrivateFrameworks/AggregateDictionary.framework/Versions/A/AggregateDictionary
0x0000000026e30000 	/usr/lib/libMobileGestalt.dylib
0x0000000026e30000 	/System/Library/Frameworks/CoreVideo.framework/Versions/A/CoreVideo
0x0000000026e30000 	/System/Library/PrivateFrameworks/GraphVisualizer.framework/Versions/A/GraphVisualizer
0x0000000026e30000 	/System/Library/PrivateFrameworks/FaceCore.framework/Versions/A/FaceCore
0x0000000026e30000 	/System/Library/Frameworks/OpenCL.framework/Versions/A/OpenCL
0x0000000026e30000 	/usr/lib/libFosl_dynamic.dylib
0x0000000026e30000 	/System/Library/PrivateFrameworks/OTSVG.framework/Versions/A/OTSVG
0x0000000026e30000 	/System/Library/Frameworks/ApplicationServices.framework/Versions/A/Frameworks/ATS.framework/Versions/A/Resources/libFontParser.dylib
0x0000000026e30000 	/System/Library/Frameworks/ApplicationServices.framework/Versions/A/Frameworks/ATS.framework/Versions/A/Resources/libFontRegistry.dylib
0x0000000026e30000 	/System/Library/Frameworks/ImageIO.framework/Versions/A/Resources/libJPEG.dylib
0x0000000026e30000 	/System/Library/Frameworks/ImageIO.framework/Versions/A/Resources/libTIFF.dylib
0x0000000026e30000 	/System/Library/Frameworks/ImageIO.framework/Versions/A/Resources/libPng.dylib
0x0000000026e30000 	/System/Library/Frameworks/ImageIO.framework/Versions/A/Resources/libGIF.dylib
0x0000000026e30000 	/System/Library/Frameworks/ImageIO.framework/Versions/A/Resources/libJP2.dylib
0x0000000026e30000 	/System/Library/Frameworks/ImageIO.framework/Versions/A/Resources/libRadiance.dylib
0x0000000026e30000 	/System/Library/PrivateFrameworks/AppleJPEG.framework/Versions/A/AppleJPEG
0x0000000026e30000 	/System/Library/Frameworks/OpenGL.framework/Versions/A/Libraries/libGFXShared.dylib
0x0000000026e30000 	/System/Library/Frameworks/OpenGL.framework/Versions/A/Libraries/libGLU.dylib
0x0000000026e30000 	/System/Library/Frameworks/OpenGL.framework/Versions/A/Libraries/libGL.dylib
0x0000000026e30000 	/System/Library/Frameworks/OpenGL.framework/Versions/A/Libraries/libGLImage.dylib
0x0000000026e30000 	/System/Library/Frameworks/OpenGL.framework/Versions/A/Libraries/libCVMSPluginSupport.dylib
0x0000000026e30000 	/System/Library/Frameworks/OpenGL.framework/Versions/A/Libraries/libCoreVMClient.dylib
0x0000000026e30000 	/usr/lib/libcups.2.dylib
0x0000000026e30000 	/System/Library/Frameworks/Kerberos.framework/Versions/A/Kerberos
0x0000000026e30000 	/System/Library/Frameworks/GSS.framework/Versions/A/GSS
0x0000000026e30000 	/usr/lib/libresolv.9.dylib
0x0000000026e30000 	/usr/lib/libiconv.2.dylib
0x0000000026e30000 	/System/Library/PrivateFrameworks/Heimdal.framework/Versions/A/Heimdal
0x0000000026e30000 	/usr/lib/libheimdal-asn1.dylib
0x0000000026e30000 	/System/Library/Frameworks/OpenDirectory.framework/Versions/A/OpenDirectory
0x0000000026e30000 	/System/Library/PrivateFrameworks/CommonAuth.framework/Versions/A/CommonAuth
0x0000000026e30000 	/System/Library/Frameworks/OpenDirectory.framework/Versions/A/Frameworks/CFOpenDirectory.framework/Versions/A/CFOpenDirectory
0x0000000026e30000 	/System/Library/Frameworks/SecurityFoundation.framework/Versions/A/SecurityFoundation
0x0000000026e30000 	/System/Library/PrivateFrameworks/APFS.framework/Versions/A/APFS
0x0000000026e30000 	/usr/lib/libutil.dylib
0x0000000026e30000 	/usr/lib/libcharset.1.dylib
0x0000000026e30000 	/System/Library/PrivateFrameworks/AppleSauce.framework/Versions/A/AppleSauce
0x0000000026e30000 	/System/Library/PrivateFrameworks/AssertionServices.framework/Versions/A/AssertionServices
0x0000000026e30000 	/System/Library/PrivateFrameworks/BaseBoard.framework/Versions/A/BaseBoard
0x0000000026e30000 	/usr/lib/libmecab.1.0.0.dylib
0x0000000026e30000 	/usr/lib/libgermantok.dylib
0x0000000026e30000 	/usr/lib/libThaiTokenizer.dylib
0x0000000026e30000 	/usr/lib/libChineseTokenizer.dylib
0x0000000026e30000 	/System/Library/PrivateFrameworks/LanguageModeling.framework/Versions/A/LanguageModeling
0x0000000026e30000 	/System/Library/PrivateFrameworks/CoreEmoji.framework/Versions/A/CoreEmoji
0x0000000026e30000 	/System/Library/PrivateFrameworks/Lexicon.framework/Versions/A/Lexicon
0x0000000026e30000 	/System/Library/PrivateFrameworks/LinguisticData.framework/Versions/A/LinguisticData
0x0000000026e30000 	/usr/lib/libcmph.dylib
0x0000000026e30000 	/System/Library/Frameworks/ServiceManagement.framework/Versions/A/ServiceManagement
0x0000000026e30000 	/System/Library/PrivateFrameworks/BackgroundTaskManagement.framework/Versions/A/BackgroundTaskManagement
0x0000000026e30000 	/usr/lib/libxslt.1.dylib
0x0000000026e30000 	/System/Library/Frameworks/Carbon.framework/Versions/A/Frameworks/Ink.framework/Versions/A/Ink
0x0000000026e30000 	/System/Library/PrivateFrameworks/TextureIO.framework/Versions/A/TextureIO
0x0000000026e30000 	/usr/lib/libate.dylib
0x0000000026e30000 	/System/Library/PrivateFrameworks/CrashReporterSupport.framework/Versions/A/CrashReporterSupport
0x0000000026e30000 	/System/Library/PrivateFrameworks/Sharing.framework/Versions/A/Sharing
0x0000000026e30000 	/System/Library/PrivateFrameworks/AuthKit.framework/Versions/A/AuthKit
0x0000000026e30000 	/System/Library/PrivateFrameworks/Apple80211.framework/Versions/A/Apple80211
0x0000000026e30000 	/System/Library/PrivateFrameworks/CoreUtils.framework/Versions/A/CoreUtils
0x0000000026e30000 	/System/Library/Frameworks/CoreWLAN.framework/Versions/A/CoreWLAN
0x0000000026e30000 	/System/Library/Frameworks/IOBluetooth.framework/Versions/A/IOBluetooth
0x0000000026e30000 	/System/Library/PrivateFrameworks/ProtocolBuffer.framework/Versions/A/ProtocolBuffer
0x0000000026e30000 	/System/Library/PrivateFrameworks/MobileKeyBag.framework/Versions/A/MobileKeyBag
0x0000000026e30000 	/System/Library/PrivateFrameworks/CorePhoneNumbers.framework/Versions/A/CorePhoneNumbers
0x0000000026e30000 	/System/Library/PrivateFrameworks/AppleIDAuthSupport.framework/Versions/A/AppleIDAuthSupport
0x0000000026e30000 	/System/Library/PrivateFrameworks/KeychainCircle.framework/Versions/A/KeychainCircle
0x0000000026e30000 	/System/Library/PrivateFrameworks/ROCKit.framework/Versions/A/ROCKit
0x0000000026e30000 	/System/Library/PrivateFrameworks/CoreWiFi.framework/Versions/A/CoreWiFi
0x0000000026e30000 	/System/Library/Frameworks/CoreBluetooth.framework/Versions/A/CoreBluetooth
0x0000000026e30000 	/System/Library/PrivateFrameworks/DebugSymbols.framework/Versions/A/DebugSymbols
0x0000000026e30000 	/System/Library/PrivateFrameworks/CoreSymbolication.framework/Versions/A/CoreSymbolication
0x0000000026e30000 	/System/Library/PrivateFrameworks/Symbolication.framework/Versions/A/Symbolication
0x0000000026e30000 	/System/Library/PrivateFrameworks/SpeechRecognitionCore.framework/Versions/A/SpeechRecognitionCore
0x0000000026e30000 	/System/Library/CoreServices/Encodings/libJapaneseConverter.dylib
0x0000000106c00000 	/Library/Java/JavaVirtualMachines/jdk1.8.0_171.jdk/Contents/Home/jre/lib/server/libjvm.dylib
0x0000000026e30000 	/usr/lib/libstdc++.6.dylib
0x000000010624b000 	/Library/Java/JavaVirtualMachines/jdk1.8.0_171.jdk/Contents/Home/jre/lib/libverify.dylib
0x0000000106259000 	/Library/Java/JavaVirtualMachines/jdk1.8.0_171.jdk/Contents/Home/jre/lib/libjava.dylib
0x00000001062d9000 	/Library/Java/JavaVirtualMachines/jdk1.8.0_171.jdk/Contents/Home/jre/lib/libzip.dylib
0x000000010aee1000 	/Library/Java/JavaVirtualMachines/jdk1.8.0_171.jdk/Contents/Home/jre/lib/libawt.dylib
0x000000010af8b000 	/Library/Java/JavaVirtualMachines/jdk1.8.0_171.jdk/Contents/Home/jre/lib/./libmlib_image.dylib
0x0000000026e30000 	/System/Library/Frameworks/JavaVM.framework/Versions/A/Frameworks/JavaNativeFoundation.framework/Versions/A/JavaNativeFoundation
0x0000000026e30000 	/System/Library/Frameworks/JavaVM.framework/Versions/A/Frameworks/JavaRuntimeSupport.framework/Versions/A/JavaRuntimeSupport
0x0000000026e30000 	/System/Library/Frameworks/JavaVM.framework/Versions/A/JavaVM
0x0000000026e30000 	/System/Library/PrivateFrameworks/JavaLaunching.framework/Versions/A/JavaLaunching
0x0000000026e30000 	/System/Library/Frameworks/Carbon.framework/Versions/A/Carbon
0x0000000026e30000 	/System/Library/Frameworks/Carbon.framework/Versions/A/Frameworks/CommonPanels.framework/Versions/A/CommonPanels
0x0000000026e30000 	/System/Library/Frameworks/Carbon.framework/Versions/A/Frameworks/Help.framework/Versions/A/Help
0x0000000026e30000 	/System/Library/Frameworks/Carbon.framework/Versions/A/Frameworks/ImageCapture.framework/Versions/A/ImageCapture
0x0000000026e30000 	/System/Library/Frameworks/Carbon.framework/Versions/A/Frameworks/OpenScripting.framework/Versions/A/OpenScripting
0x0000000026e30000 	/System/Library/Frameworks/Carbon.framework/Versions/A/Frameworks/Print.framework/Versions/A/Print
0x0000000026e30000 	/System/Library/Frameworks/Carbon.framework/Versions/A/Frameworks/SecurityHI.framework/Versions/A/SecurityHI
0x000000010b057000 	/Library/Java/JavaVirtualMachines/jdk1.8.0_171.jdk/Contents/Home/jre/lib/libawt_lwawt.dylib
0x000000010b111000 	/Library/Java/JavaVirtualMachines/jdk1.8.0_171.jdk/Contents/Home/jre/lib/./libosxapp.dylib
0x0000000026e30000 	/System/Library/Frameworks/ExceptionHandling.framework/Versions/A/ExceptionHandling
0x0000000026e30000 	/System/Library/PrivateFrameworks/CoreServicesInternal.framework/Versions/A/CoreServicesInternal
0x0000000026e30000 	/System/Library/CoreServices/RawCamera.bundle/Contents/MacOS/RawCamera
0x0000000026e30000 	/System/Library/PrivateFrameworks/MobileAsset.framework/Versions/A/MobileAsset
0x0000000026e30000 	/System/Library/PrivateFrameworks/StreamingZip.framework/Versions/A/StreamingZip
0x0000000026e30000 	/System/Library/Frameworks/MediaToolbox.framework/Versions/A/MediaToolbox
0x0000000026e30000 	/System/Library/PrivateFrameworks/CoreAVCHD.framework/Versions/A/CoreAVCHD
0x0000000026e30000 	/System/Library/Frameworks/MediaAccessibility.framework/Versions/A/MediaAccessibility
0x0000000026e30000 	/System/Library/PrivateFrameworks/Mangrove.framework/Versions/A/Mangrove
0x0000000026e30000 	/System/Library/Frameworks/CoreMedia.framework/Versions/A/CoreMedia
0x0000000026e30000 	/System/Library/Frameworks/VideoToolbox.framework/Versions/A/VideoToolbox
0x0000000026e30000 	/System/Library/PrivateFrameworks/CoreAUC.framework/Versions/A/CoreAUC
0x0000000026e30000 	/usr/lib/libspindump.dylib
0x0000000026e30000 	/System/Library/PrivateFrameworks/AppleVA.framework/Versions/A/AppleVA
0x0000000026e30000 	/System/Library/Frameworks/Accelerate.framework/Versions/A/Frameworks/vImage.framework/Versions/A/Libraries/libCGInterfaces.dylib
0x0000000026e30000 	/System/Library/Frameworks/ApplicationServices.framework/Versions/A/Frameworks/ATS.framework/Versions/A/Resources/libTrueTypeScaler.dylib
0x0000000026e30000 	/System/Library/Extensions/AppleIntelKBLGraphicsMTLDriver.bundle/Contents/MacOS/AppleIntelKBLGraphicsMTLDriver
0x0000000026e30000 	/System/Library/PrivateFrameworks/GPUCompiler.framework/Versions/3902/Libraries/libmetal_timestamp.dylib
0x0000000026e30000 	/System/Library/PrivateFrameworks/FamilyControls.framework/Versions/A/FamilyControls
0x0000000026e30000 	/System/Library/PrivateFrameworks/CommerceKit.framework/Versions/A/Frameworks/CommerceCore.framework/Versions/A/CommerceCore
0x0000000026e30000 	/System/Library/PrivateFrameworks/SystemAdministration.framework/Versions/A/SystemAdministration
0x0000000026e30000 	/System/Library/PrivateFrameworks/AppContainer.framework/Versions/A/AppContainer
0x0000000026e30000 	/System/Library/PrivateFrameworks/AppSandbox.framework/Versions/A/AppSandbox
0x0000000026e30000 	/System/Library/PrivateFrameworks/SecCodeWrapper.framework/Versions/A/SecCodeWrapper
0x0000000026e30000 	/usr/lib/libsandbox.1.dylib
0x0000000026e30000 	/usr/lib/libMatch.1.dylib
0x0000000026e30000 	/System/Library/PrivateFrameworks/DiskManagement.framework/Versions/A/DiskManagement
0x0000000026e30000 	/System/Library/Frameworks/DirectoryService.framework/Versions/A/DirectoryService
0x0000000026e30000 	/System/Library/PrivateFrameworks/DiskImages.framework/Versions/A/DiskImages
0x0000000026e30000 	/System/Library/PrivateFrameworks/LoginUIKit.framework/Versions/A/Frameworks/LoginUICore.framework/Versions/A/LoginUICore
0x0000000026e30000 	/usr/lib/libCoreStorage.dylib
0x0000000026e30000 	/usr/lib/libcsfde.dylib
0x0000000026e30000 	/usr/lib/libodfde.dylib
0x0000000026e30000 	/System/Library/PrivateFrameworks/MediaKit.framework/Versions/A/MediaKit
0x0000000026e30000 	/System/Library/Frameworks/DiscRecording.framework/Versions/A/DiscRecording
0x0000000026e30000 	/System/Library/PrivateFrameworks/EFILogin.framework/Versions/A/EFILogin
0x0000000026e30000 	/System/Library/PrivateFrameworks/ProtectedCloudStorage.framework/Versions/A/ProtectedCloudStorage
0x0000000026e30000 	/usr/lib/libcurl.4.dylib
0x0000000026e30000 	/usr/lib/libcrypto.42.dylib
0x0000000026e30000 	/usr/lib/libssl.44.dylib
0x0000000026e30000 	/System/Library/Frameworks/LDAP.framework/Versions/A/LDAP
0x0000000026e30000 	/System/Library/PrivateFrameworks/TrustEvaluationAgent.framework/Versions/A/TrustEvaluationAgent
0x0000000026e30000 	/usr/lib/libsasl2.2.dylib
0x0000000026e30000 	/System/Library/PrivateFrameworks/CoreDaemon.framework/Versions/B/CoreDaemon
0x0000000026e30000 	/System/Library/PrivateFrameworks/AppleSRP.framework/Versions/A/AppleSRP
0x0000000026e30000 	/System/Library/PrivateFrameworks/ViewBridge.framework/Versions/A/ViewBridge
0x0000000126c60000 	/Library/Java/JavaVirtualMachines/jdk1.8.0_171.jdk/Contents/Home/jre/lib/libfontmanager.dylib
0x0000000126cc7000 	/Library/Java/JavaVirtualMachines/jdk1.8.0_171.jdk/Contents/Home/jre/lib/libosxui.dylib
0x0000000026e30000 	/System/Library/Frameworks/OpenGL.framework/Versions/A/Resources/GLEngine.bundle/GLEngine
0x0000000026e30000 	/System/Library/Frameworks/OpenGL.framework/Versions/A/Libraries/libGLProgrammability.dylib
0x0000000026e30000 	/System/Library/Extensions/AppleIntelKBLGraphicsGLDriver.bundle/Contents/MacOS/AppleIntelKBLGraphicsGLDriver
0x0000000026e30000 	/System/Library/PrivateFrameworks/GPUSupport.framework/Versions/A/Libraries/libGPUSupportMercury.dylib
0x0000000026e30000 	/System/Library/Frameworks/OpenGL.framework/Versions/A/Resources/GLRendererFloat.bundle/GLRendererFloat
0x0000000026e30000 	/System/Library/Frameworks/OpenCL.framework/Versions/A/Libraries/libcldcpuengine.dylib
0x0000000026e30000 	/usr/lib/libcrypto.35.dylib
0x0000000128b2f000 	/Library/Java/JavaVirtualMachines/jdk1.8.0_171.jdk/Contents/Home/jre/lib/libnet.dylib
0x0000000128b46000 	/Library/Java/JavaVirtualMachines/jdk1.8.0_171.jdk/Contents/Home/jre/lib/libnio.dylib
0x0000000026e30000 	/System/Library/PrivateFrameworks/CloudDocs.framework/Versions/A/CloudDocs
0x0000000026e30000 	/System/Library/PrivateFrameworks/FileProvider.framework/Versions/A/FileProvider
0x0000000026e30000 	/System/Library/PrivateFrameworks/SpotlightIndex.framework/Versions/A/SpotlightIndex
0x0000000026e30000 	/System/Library/PrivateFrameworks/SymptomDiagnosticReporter.framework/Versions/A/SymptomDiagnosticReporter
0x0000000026e30000 	/System/Library/PrivateFrameworks/GenerationalStorage.framework/Versions/A/GenerationalStorage
0x0000000026e30000 	/System/Library/PrivateFrameworks/ChunkingLibrary.framework/Versions/A/ChunkingLibrary
0x0000000026e30000 	/System/Library/PrivateFrameworks/PowerLog.framework/Versions/A/PowerLog
0x0000000026e30000 	/System/Library/PrivateFrameworks/CoreAnalytics.framework/Versions/A/CoreAnalytics
0x0000000194f30000 	/usr/lib/libobjc-trampolines.dylib
0x000000019c9d1000 	/Library/Java/JavaVirtualMachines/jdk1.8.0_171.jdk/Contents/Home/jre/lib/libdcpr.dylib
0x0000000026e30000 	/System/Library/PrivateFrameworks/login.framework/Versions/A/login

VM Arguments:
java_command: VMEmulatorMain
java_class_path (initial): :bin/classes:bin/lib/Hack.jar:bin/lib/HackGUI.jar:bin/lib/Simulators.jar:bin/lib/SimulatorsGUI.jar:bin/lib/Compilers.jar
Launcher Type: SUN_STANDARD

Environment Variables:
PATH=/usr/local/opt/libxml2/bin:/usr/local/sbin:/Users/tsurutan/.yarn/bin:/Users/tsurutan/src/google-cloud-sdk/bin:/Users/tsurutan/.rbenv/shims:/usr/local/bin:/usr/bin:/bin:/usr/sbin:/sbin:/usr/local/go/bin
SHELL=/usr/local/bin/fish

Signal Handlers:
SIGSEGV: [libjvm.dylib+0x5b512d], sa_mask[0]=11111111011111110111111111111111, sa_flags=SA_ONSTACK|SA_RESTART|SA_SIGINFO
SIGBUS: [libjvm.dylib+0x5b512d], sa_mask[0]=11111111011111110111111111111111, sa_flags=SA_RESTART|SA_SIGINFO
SIGFPE: [libjvm.dylib+0x48aa90], sa_mask[0]=11111111011111110111111111111111, sa_flags=SA_RESTART|SA_SIGINFO
SIGPIPE: [libjvm.dylib+0x48aa90], sa_mask[0]=11111111011111110111111111111111, sa_flags=SA_RESTART|SA_SIGINFO
SIGXFSZ: [libjvm.dylib+0x48aa90], sa_mask[0]=11111111011111110111111111111111, sa_flags=SA_RESTART|SA_SIGINFO
SIGILL: [libjvm.dylib+0x48aa90], sa_mask[0]=11111111011111110111111111111111, sa_flags=SA_RESTART|SA_SIGINFO
SIGUSR1: SIG_DFL, sa_mask[0]=00000000000000000000000000000000, sa_flags=none
SIGUSR2: [libjvm.dylib+0x48a5ae], sa_mask[0]=00000000000000000000000000000000, sa_flags=SA_RESTART|SA_SIGINFO
SIGHUP: [libjvm.dylib+0x488b79], sa_mask[0]=11111111011111110111111111111111, sa_flags=SA_RESTART|SA_SIGINFO
SIGINT: SIG_IGN, sa_mask[0]=00000000000000000000000000000000, sa_flags=none
SIGTERM: [libjvm.dylib+0x488b79], sa_mask[0]=11111111011111110111111111111111, sa_flags=SA_RESTART|SA_SIGINFO
SIGQUIT: [libjvm.dylib+0x488b79], sa_mask[0]=11111111011111110111111111111111, sa_flags=SA_RESTART|SA_SIGINFO


---------------  S Y S T E M  ---------------

OS:Bsduname:Darwin 18.0.0 Darwin Kernel Version 18.0.0: Wed Aug 22 20:13:40 PDT 2018; root:xnu-4903.201.2~1/RELEASE_X86_64 x86_64
rlimit: STACK 8192k, CORE 0k, NPROC 1418, NOFILE 10240, AS infinity
load average:2.07 2.16 2.14

CPU:total 4 (initial active 4) (2 cores per cpu, 2 threads per core) family 6 model 142 stepping 9, cmov, cx8, fxsr, mmx, sse, sse2, sse3, ssse3, sse4.1, sse4.2, popcnt, avx, avx2, aes, clmul, erms, rtm, 3dnowpref, lzcnt, ht, tsc, tscinvbit, bmi1, bmi2, adx

Memory: 4k page, physical 16777216k(171452k free)

/proc/meminfo:


vm_info: Java HotSpot(TM) 64-Bit Server VM (25.171-b11) for bsd-amd64 JRE (1.8.0_171-b11), built on Mar 28 2018 12:50:57 by "java_re" with gcc 4.2.1 (Based on Apple Inc. build 5658) (LLVM build 2336.11.00)

time: Thu May  2 14:44:48 2019
elapsed time: 43466 seconds (0d 12h 4m 26s)

