#
# A fatal error has been detected by the Java Runtime Environment:
#
#  SIGSEGV (0xb) at pc=0x0000000112aff027, pid=70830, tid=0x000000000001502b
#
# JRE version: Java(TM) SE Runtime Environment (8.0_171-b11) (build 1.8.0_171-b11)
# Java VM: Java HotSpot(TM) 64-Bit Server VM (25.171-b11 mixed mode bsd-amd64 compressed oops)
# Problematic frame:
# C  [libawt_lwawt.dylib+0x1c027]  OGLSD_SetScratchSurface+0x49
#
# Failed to write core dump. Core dumps have been disabled. To enable core dumping, try "ulimit -c unlimited" before starting Java again
#
# If you would like to submit a bug report, please visit:
#   http://bugreport.java.com/bugreport/crash.jsp
# The crash happened outside the Java Virtual Machine in native code.
# See problematic frame for where to report the bug.
#

---------------  T H R E A D  ---------------

Current thread (0x00007fe8fe0bd800):  JavaThread "Java2D Queue Flusher" daemon [_thread_in_native, id=86059, stack(0x000070000e48f000,0x000070000e58f000)]

siginfo: si_signo: 11 (SIGSEGV), si_code: 0 (unknown), si_addr: 0x0000000000000000

Registers:
RAX=0x0000000112b205ca, RBX=0x4d55545a00000000, RCX=0x0000000000000047, RDX=0x0000000112b20b14
RSP=0x000070000e58e830, RBP=0x000070000e58e850, RSI=0x00007fe8fdf2d580, RDI=0x00007fe8fe0bd9f8
R8 =0x00000000d8046d19, R9 =0x0000000000000000, R10=0x0000000115640c38, R11=0x0000000000000020
R12=0x0000000000000000, R13=0x00000006c02368f8, R14=0x00007fe8fe0bd9f8, R15=0x00007fe8fe0bd800
RIP=0x0000000112aff027, EFLAGS=0x0000000000010206, ERR=0x0000000000000000
  TRAPNO=0x000000000000000d

Top of Stack: (sp=0x000070000e58e830)
0x000070000e58e830:   00007fe8fdf2d580 0000000000000000
0x000070000e58e840:   00007fe8ff98e610 00007fe8fe0bd800
0x000070000e58e850:   000070000e58e8d0 0000000112b205f2
0x000070000e58e860:   0000000000000064 00007fe8fdd06038
0x000070000e58e870:   000070000e58e8d0 0000000106950fd8
0x000070000e58e880:   0000000000000005 00007fe8fe0bd800
0x000070000e58e890:   00000006c0236801 00007fe8ff98e620
0x000070000e58e8a0:   000070000058e800 00007fe8fe0bd9f8
0x000070000e58e8b0:   0000000000000000 0000000000000000
0x000070000e58e8c0:   000070000e58e928 00007fe8fe0bd800
0x000070000e58e8d0:   000070000e58e920 0000000115640caa
0x000070000e58e8e0:   00000006c02368b0 0000700000000000
0x000070000e58e8f0:   00007fe90199a540 0000000000000001
0x000070000e58e900:   000000019a35b9a8 0000000000000000
0x000070000e58e910:   000070000e58e930 00000006c02368f8
0x000070000e58e920:   00000000d8046d16 0000000115e8d16c
0x000070000e58e930:   00000006c02368b0 0000000000000000
0x000070000e58e940:   00000006c02368f8 0000000000000000
0x000070000e58e950:   00000006c02368f8 000070000e58e9f0
0x000070000e58e960:   0000000000000001 0000000000000000
0x000070000e58e970:   000070000e58e9f0 00000001150137a7
0x000070000e58e980:   00000006c0253480 00000006c0253480
0x000070000e58e990:   0000700000001fa0 000000000000000a
0x000070000e58e9a0:   00007fe8fe0bd800 0000000000000001
0x000070000e58e9b0:   000000011501371f 00000001114209f8
0x000070000e58e9c0:   000070000e58ea88 000070000e58ed20
0x000070000e58e9d0:   000000010000000a 00000001114209f8
0x000070000e58e9e0:   0000000115026ae0 000070000e58ec90
0x000070000e58e9f0:   000070000e58eba0 00000001068ef1f6
0x000070000e58ea00:   0000700000000001 00007fe8fe0bd800
0x000070000e58ea10:   00007fe8fe0bd800 000070000e58ed20
0x000070000e58ea20:   00007fe8fdd06030 0000000115026ae0 

Instructions: (pc=0x0000000112aff027)
0x0000000112aff007:   c0 e9 82 00 00 00 48 8b 5e 10 48 85 db 75 0e bf
0x0000000112aff017:   01 00 00 00 48 8d 15 a8 96 03 00 eb d6 49 89 fe
0x0000000112aff027:   4c 8b 3b 30 c0 e8 ff bc 02 00 49 8b 3f 49 89 c4
0x0000000112aff037:   48 8b 35 02 29 06 00 30 c0 e8 4d be 02 00 48 85 

Register to memory mapping:

RAX=0x0000000112b205ca: Java_sun_java2d_opengl_OGLRenderQueue_flushBuffer+0x612 in /Library/Java/JavaVirtualMachines/jdk1.8.0_171.jdk/Contents/Home/jre/lib/libawt_lwawt.dylib at 0x0000000112ae3000
RBX=0x4d55545a00000000 is an unknown value
RCX=0x0000000000000047 is an unknown value
RDX=0x0000000112b20b14: Java_sun_java2d_opengl_OGLRenderQueue_flushBuffer+0xb5c in /Library/Java/JavaVirtualMachines/jdk1.8.0_171.jdk/Contents/Home/jre/lib/libawt_lwawt.dylib at 0x0000000112ae3000
RSP=0x000070000e58e830 is pointing into the stack for thread: 0x00007fe8fe0bd800
RBP=0x000070000e58e850 is pointing into the stack for thread: 0x00007fe8fe0bd800
RSI=0x00007fe8fdf2d580 is an unknown value
RDI=0x00007fe8fe0bd9f8 is an unknown value
R8 =0x00000000d8046d19 is an unknown value
R9 =0x0000000000000000 is an unknown value
R10=0x0000000115640c38 is at entry_point+56 in (nmethod*)0x0000000115640a90
R11=0x0000000000000020 is an unknown value
R12=0x0000000000000000 is an unknown value
R13=0x00000006c02368f8 is an oop
sun.java2d.opengl.OGLRenderQueue$QueueFlusher 
 - klass: 'sun/java2d/opengl/OGLRenderQueue$QueueFlusher'
R14=0x00007fe8fe0bd9f8 is an unknown value
R15=0x00007fe8fe0bd800 is a thread


Stack: [0x000070000e48f000,0x000070000e58f000],  sp=0x000070000e58e830,  free space=1022k
Native frames: (J=compiled Java code, j=interpreted, Vv=VM code, C=native code)
C  [libawt_lwawt.dylib+0x1c027]  OGLSD_SetScratchSurface+0x49
C  [libawt_lwawt.dylib+0x3d5f2]  Java_sun_java2d_opengl_OGLRenderQueue_flushBuffer+0x63a
J 2018  sun.java2d.opengl.OGLRenderQueue.flushBuffer(JI)V (0 bytes) @ 0x0000000115640caa [0x0000000115640c00+0xaa]
J 5196% C2 sun.java2d.opengl.OGLRenderQueue$QueueFlusher.run()V (234 bytes) @ 0x0000000115e8d16c [0x0000000115e8cea0+0x2cc]
v  ~StubRoutines::call_stub
V  [libjvm.dylib+0x2ef1f6]  JavaCalls::call_helper(JavaValue*, methodHandle*, JavaCallArguments*, Thread*)+0x6ae
V  [libjvm.dylib+0x2ef99a]  JavaCalls::call_virtual(JavaValue*, KlassHandle, Symbol*, Symbol*, JavaCallArguments*, Thread*)+0x164
V  [libjvm.dylib+0x2efb46]  JavaCalls::call_virtual(JavaValue*, Handle, KlassHandle, Symbol*, Symbol*, Thread*)+0x4a
V  [libjvm.dylib+0x34a46d]  thread_entry(JavaThread*, Thread*)+0x7c
V  [libjvm.dylib+0x56eb0f]  JavaThread::thread_main_inner()+0x9b
V  [libjvm.dylib+0x57020a]  JavaThread::run()+0x1c2
V  [libjvm.dylib+0x48d4a6]  java_start(Thread*)+0xf6
C  [libsystem_pthread.dylib+0x333d]  _pthread_body+0x7e
C  [libsystem_pthread.dylib+0x62a7]  _pthread_start+0x46
C  [libsystem_pthread.dylib+0x2425]  thread_start+0xd
C  0x0000000000000000

Java frames: (J=compiled Java code, j=interpreted, Vv=VM code)
J 2018  sun.java2d.opengl.OGLRenderQueue.flushBuffer(JI)V (0 bytes) @ 0x0000000115640c38 [0x0000000115640c00+0x38]
J 5196% C2 sun.java2d.opengl.OGLRenderQueue$QueueFlusher.run()V (234 bytes) @ 0x0000000115e8d16c [0x0000000115e8cea0+0x2cc]
v  ~StubRoutines::call_stub

---------------  P R O C E S S  ---------------

Java Threads: ( => current thread )
  0x00007fe8febbb000 JavaThread "Thread-52" [_thread_blocked, id=75615, stack(0x000070000ee2d000,0x000070000ef2d000)]
  0x00007fe8ff6f2800 JavaThread "Image Fetcher 0" daemon [_thread_blocked, id=41207, stack(0x000070000ed2a000,0x000070000ee2a000)]
  0x00007fe8ff002800 JavaThread "DestroyJavaVM" [_thread_blocked, id=10243, stack(0x000070000d3d9000,0x000070000d4d9000)]
  0x00007fe8fe187000 JavaThread "SwingWorker-pool-1-thread-2" daemon [_thread_blocked, id=71939, stack(0x000070000ec27000,0x000070000ed27000)]
  0x00007fe8fef59800 JavaThread "SwingWorker-pool-1-thread-1" daemon [_thread_blocked, id=72195, stack(0x000070000eb24000,0x000070000ec24000)]
  0x00007fe8ffb4f000 JavaThread "Thread-0" [_thread_blocked, id=58951, stack(0x000070000ea21000,0x000070000eb21000)]
  0x00007fe8ff1e9000 JavaThread "AWT-EventQueue-0" [_thread_blocked, id=52999, stack(0x000070000e89b000,0x000070000e99b000)]
  0x00007fe8ff1c0800 JavaThread "TimerQueue" daemon [_thread_blocked, id=52495, stack(0x000070000e695000,0x000070000e795000)]
  0x00007fe8ff15f800 JavaThread "Java2D Disposer" daemon [_thread_blocked, id=51983, stack(0x000070000e592000,0x000070000e692000)]
=>0x00007fe8fe0bd800 JavaThread "Java2D Queue Flusher" daemon [_thread_in_native, id=86059, stack(0x000070000e48f000,0x000070000e58f000)]
  0x00007fe8fe0b0800 JavaThread "AWT-Shutdown" [_thread_blocked, id=38183, stack(0x000070000e309000,0x000070000e409000)]
  0x00007fe8fe9b8000 JavaThread "AppKit Thread" daemon [_thread_in_native, id=775, stack(0x00007ffee9758000,0x00007ffee9f58000)]
  0x00007fe8fe841000 JavaThread "Service Thread" daemon [_thread_blocked, id=13827, stack(0x000070000dffd000,0x000070000e0fd000)]
  0x00007fe8ff038000 JavaThread "C1 CompilerThread2" daemon [_thread_blocked, id=17411, stack(0x000070000defa000,0x000070000dffa000)]
  0x00007fe8ff037800 JavaThread "C2 CompilerThread1" daemon [_thread_in_native, id=17667, stack(0x000070000ddf7000,0x000070000def7000)]
  0x00007fe8ff035800 JavaThread "C2 CompilerThread0" daemon [_thread_blocked, id=18179, stack(0x000070000dcf4000,0x000070000ddf4000)]
  0x00007fe8fe020000 JavaThread "Signal Dispatcher" daemon [_thread_blocked, id=18435, stack(0x000070000dbf1000,0x000070000dcf1000)]
  0x00007fe8fe01f000 JavaThread "Finalizer" daemon [_thread_blocked, id=11523, stack(0x000070000daee000,0x000070000dbee000)]
  0x00007fe8fe81c000 JavaThread "Reference Handler" daemon [_thread_blocked, id=11267, stack(0x000070000d9eb000,0x000070000daeb000)]

Other Threads:
  0x00007fe8fe018800 VMThread [stack: 0x000070000d8e8000,0x000070000d9e8000] [id=20739]
  0x00007fe8fe842000 WatcherThread [stack: 0x000070000e100000,0x000070000e200000] [id=14083]

VM state:not at safepoint (normal execution)

VM Mutex/Monitor currently owned by a thread: None

Heap:
 PSYoungGen      total 34816K, used 983K [0x000000076ab00000, 0x000000076d300000, 0x00000007c0000000)
  eden space 29696K, 3% used [0x000000076ab00000,0x000000076abf5e30,0x000000076c800000)
  from space 5120K, 0% used [0x000000076ce00000,0x000000076ce00000,0x000000076d300000)
  to   space 5632K, 0% used [0x000000076c800000,0x000000076c800000,0x000000076cd80000)
 ParOldGen       total 175104K, used 18990K [0x00000006c0000000, 0x00000006cab00000, 0x000000076ab00000)
  object space 175104K, 10% used [0x00000006c0000000,0x00000006c128b8a8,0x00000006cab00000)
 Metaspace       used 19657K, capacity 20172K, committed 20480K, reserved 1067008K
  class space    used 2581K, capacity 2722K, committed 2816K, reserved 1048576K

Card table byte_map: [0x000000010796e000,0x000000010816f000] byte_map_base: 0x000000010436e000

Marking Bits: (ParMarkBitMap*) 0x0000000106ef76e0
 Begin Bits: [0x00000001086c5000, 0x000000010c6c5000)
 End Bits:   [0x000000010c6c5000, 0x00000001106c5000)

Polling page: 0x0000000105d17000

CodeCache: size=245760Kb used=14511Kb max_used=14885Kb free=231248Kb
 bounds [0x0000000115013000, 0x0000000115ec3000, 0x0000000124013000]
 total_blobs=4759 nmethods=4160 adapters=511
 compilation: enabled

Compilation events (10 events):
Event: 141529.281 Thread 0x00007fe8ff035800 5280  s    4       java.util.Hashtable::remove (133 bytes)
Event: 141529.286 Thread 0x00007fe8ff035800 nmethod 5280 0x0000000115535a90 code [0x0000000115535c00, 0x0000000115536178]
Event: 141529.294 Thread 0x00007fe8ff035800 5281       4       java.lang.ref.ReferenceQueue::remove (6 bytes)
Event: 141529.297 Thread 0x00007fe8ff038000 5283       3       sun.lwawt.macosx.CInputMethod::deactivate (6 bytes)
Event: 141529.297 Thread 0x00007fe8ff038000 nmethod 5283 0x00000001158a2390 code [0x00000001158a24e0, 0x00000001158a2630]
Event: 141529.298 Thread 0x00007fe8ff035800 nmethod 5281 0x0000000115c67f90 code [0x0000000115c68100, 0x0000000115c68618]
Event: 141529.299 Thread 0x00007fe8ff035800 5282   !   4       java.lang.ref.ReferenceQueue::remove (125 bytes)
Event: 141529.302 Thread 0x00007fe8ff035800 nmethod 5282 0x0000000115373b90 code [0x0000000115373d00, 0x0000000115374298]
Event: 141529.304 Thread 0x00007fe8ff038000 5284   !   3       sun.awt.im.CompositionAreaHandler::closeCompositionArea (43 bytes)
Event: 141529.305 Thread 0x00007fe8ff038000 nmethod 5284 0x0000000115c67710 code [0x0000000115c678a0, 0x0000000115c67db8]

GC Heap History (10 events):
Event: 141321.691 GC heap before
{Heap before GC invocations=130 (full 15):
 PSYoungGen      total 31232K, used 30272K [0x000000076ab00000, 0x000000076ca80000, 0x00000007c0000000)
  eden space 30208K, 100% used [0x000000076ab00000,0x000000076c880000,0x000000076c880000)
  from space 1024K, 6% used [0x000000076c980000,0x000000076c990000,0x000000076ca80000)
  to   space 1024K, 0% used [0x000000076c880000,0x000000076c880000,0x000000076c980000)
 ParOldGen       total 175104K, used 26898K [0x00000006c0000000, 0x00000006cab00000, 0x000000076ab00000)
  object space 175104K, 15% used [0x00000006c0000000,0x00000006c1a44840,0x00000006cab00000)
 Metaspace       used 19655K, capacity 20190K, committed 20480K, reserved 1067008K
  class space    used 2584K, capacity 2729K, committed 2816K, reserved 1048576K
Event: 141321.693 GC heap after
Heap after GC invocations=130 (full 15):
 PSYoungGen      total 31232K, used 64K [0x000000076ab00000, 0x000000076ca80000, 0x00000007c0000000)
  eden space 30208K, 0% used [0x000000076ab00000,0x000000076ab00000,0x000000076c880000)
  from space 1024K, 6% used [0x000000076c880000,0x000000076c890000,0x000000076c980000)
  to   space 1024K, 0% used [0x000000076c980000,0x000000076c980000,0x000000076ca80000)
 ParOldGen       total 175104K, used 26898K [0x00000006c0000000, 0x00000006cab00000, 0x000000076ab00000)
  object space 175104K, 15% used [0x00000006c0000000,0x00000006c1a44840,0x00000006cab00000)
 Metaspace       used 19655K, capacity 20190K, committed 20480K, reserved 1067008K
  class space    used 2584K, capacity 2729K, committed 2816K, reserved 1048576K
}
Event: 141463.264 GC heap before
{Heap before GC invocations=131 (full 15):
 PSYoungGen      total 31232K, used 5406K [0x000000076ab00000, 0x000000076ca80000, 0x00000007c0000000)
  eden space 30208K, 17% used [0x000000076ab00000,0x000000076b037908,0x000000076c880000)
  from space 1024K, 6% used [0x000000076c880000,0x000000076c890000,0x000000076c980000)
  to   space 1024K, 0% used [0x000000076c980000,0x000000076c980000,0x000000076ca80000)
 ParOldGen       total 175104K, used 26898K [0x00000006c0000000, 0x00000006cab00000, 0x000000076ab00000)
  object space 175104K, 15% used [0x00000006c0000000,0x00000006c1a44840,0x00000006cab00000)
 Metaspace       used 19656K, capacity 20190K, committed 20480K, reserved 1067008K
  class space    used 2584K, capacity 2729K, committed 2816K, reserved 1048576K
Event: 141463.268 GC heap after
Heap after GC invocations=131 (full 15):
 PSYoungGen      total 30720K, used 1020K [0x000000076ab00000, 0x000000076cb80000, 0x00000007c0000000)
  eden space 29696K, 0% used [0x000000076ab00000,0x000000076ab00000,0x000000076c800000)
  from space 1024K, 99% used [0x000000076c980000,0x000000076ca7f160,0x000000076ca80000)
  to   space 1536K, 0% used [0x000000076c800000,0x000000076c800000,0x000000076c980000)
 ParOldGen       total 175104K, used 27330K [0x00000006c0000000, 0x00000006cab00000, 0x000000076ab00000)
  object space 175104K, 15% used [0x00000006c0000000,0x00000006c1ab0ae8,0x00000006cab00000)
 Metaspace       used 19656K, capacity 20190K, committed 20480K, reserved 1067008K
  class space    used 2584K, capacity 2729K, committed 2816K, reserved 1048576K
}
Event: 141527.543 GC heap before
{Heap before GC invocations=132 (full 15):
 PSYoungGen      total 30720K, used 30716K [0x000000076ab00000, 0x000000076cb80000, 0x00000007c0000000)
  eden space 29696K, 100% used [0x000000076ab00000,0x000000076c800000,0x000000076c800000)
  from space 1024K, 99% used [0x000000076c980000,0x000000076ca7f160,0x000000076ca80000)
  to   space 1536K, 0% used [0x000000076c800000,0x000000076c800000,0x000000076c980000)
 ParOldGen       total 175104K, used 27330K [0x00000006c0000000, 0x00000006cab00000, 0x000000076ab00000)
  object space 175104K, 15% used [0x00000006c0000000,0x00000006c1ab0ae8,0x00000006cab00000)
 Metaspace       used 19666K, capacity 20190K, committed 20480K, reserved 1067008K
  class space    used 2584K, capacity 2729K, committed 2816K, reserved 1048576K
Event: 141527.564 GC heap after
Heap after GC invocations=132 (full 15):
 PSYoungGen      total 31232K, used 1513K [0x000000076ab00000, 0x000000076d400000, 0x00000007c0000000)
  eden space 29696K, 0% used [0x000000076ab00000,0x000000076ab00000,0x000000076c800000)
  from space 1536K, 98% used [0x000000076c800000,0x000000076c97a418,0x000000076c980000)
  to   space 6144K, 0% used [0x000000076ce00000,0x000000076ce00000,0x000000076d400000)
 ParOldGen       total 175104K, used 38302K [0x00000006c0000000, 0x00000006cab00000, 0x000000076ab00000)
  object space 175104K, 21% used [0x00000006c0000000,0x00000006c2567990,0x00000006cab00000)
 Metaspace       used 19666K, capacity 20190K, committed 20480K, reserved 1067008K
  class space    used 2584K, capacity 2729K, committed 2816K, reserved 1048576K
}
Event: 141529.115 GC heap before
{Heap before GC invocations=133 (full 15):
 PSYoungGen      total 31232K, used 7339K [0x000000076ab00000, 0x000000076d400000, 0x00000007c0000000)
  eden space 29696K, 19% used [0x000000076ab00000,0x000000076b0b0838,0x000000076c800000)
  from space 1536K, 98% used [0x000000076c800000,0x000000076c97a418,0x000000076c980000)
  to   space 6144K, 0% used [0x000000076ce00000,0x000000076ce00000,0x000000076d400000)
 ParOldGen       total 175104K, used 38302K [0x00000006c0000000, 0x00000006cab00000, 0x000000076ab00000)
  object space 175104K, 21% used [0x00000006c0000000,0x00000006c2567990,0x00000006cab00000)
 Metaspace       used 19666K, capacity 20190K, committed 20480K, reserved 1067008K
  class space    used 2584K, capacity 2729K, committed 2816K, reserved 1048576K
Event: 141529.121 GC heap after
Heap after GC invocations=133 (full 15):
 PSYoungGen      total 34816K, used 2458K [0x000000076ab00000, 0x000000076d300000, 0x00000007c0000000)
  eden space 29696K, 0% used [0x000000076ab00000,0x000000076ab00000,0x000000076c800000)
  from space 5120K, 48% used [0x000000076ce00000,0x000000076d0669b8,0x000000076d300000)
  to   space 5632K, 0% used [0x000000076c800000,0x000000076c800000,0x000000076cd80000)
 ParOldGen       total 175104K, used 39825K [0x00000006c0000000, 0x00000006cab00000, 0x000000076ab00000)
  object space 175104K, 22% used [0x00000006c0000000,0x00000006c26e46c8,0x00000006cab00000)
 Metaspace       used 19666K, capacity 20190K, committed 20480K, reserved 1067008K
  class space    used 2584K, capacity 2729K, committed 2816K, reserved 1048576K
}
Event: 141529.121 GC heap before
{Heap before GC invocations=134 (full 16):
 PSYoungGen      total 34816K, used 2458K [0x000000076ab00000, 0x000000076d300000, 0x00000007c0000000)
  eden space 29696K, 0% used [0x000000076ab00000,0x000000076ab00000,0x000000076c800000)
  from space 5120K, 48% used [0x000000076ce00000,0x000000076d0669b8,0x000000076d300000)
  to   space 5632K, 0% used [0x000000076c800000,0x000000076c800000,0x000000076cd80000)
 ParOldGen       total 175104K, used 39825K [0x00000006c0000000, 0x00000006cab00000, 0x000000076ab00000)
  object space 175104K, 22% used [0x00000006c0000000,0x00000006c26e46c8,0x00000006cab00000)
 Metaspace       used 19666K, capacity 20190K, committed 20480K, reserved 1067008K
  class space    used 2584K, capacity 2729K, committed 2816K, reserved 1048576K
Event: 141529.231 GC heap after
Heap after GC invocations=134 (full 16):
 PSYoungGen      total 34816K, used 0K [0x000000076ab00000, 0x000000076d300000, 0x00000007c0000000)
  eden space 29696K, 0% used [0x000000076ab00000,0x000000076ab00000,0x000000076c800000)
  from space 5120K, 0% used [0x000000076ce00000,0x000000076ce00000,0x000000076d300000)
  to   space 5632K, 0% used [0x000000076c800000,0x000000076c800000,0x000000076cd80000)
 ParOldGen       total 175104K, used 18990K [0x00000006c0000000, 0x00000006cab00000, 0x000000076ab00000)
  object space 175104K, 10% used [0x00000006c0000000,0x00000006c128b8a8,0x00000006cab00000)
 Metaspace       used 19655K, capacity 20172K, committed 20480K, reserved 1067008K
  class space    used 2581K, capacity 2722K, committed 2816K, reserved 1048576K
}

Deoptimization events (10 events):
Event: 19255.117 Thread 0x00007fe8ff1e9000 Uncommon trap: reason=unstable_if action=reinterpret pc=0x0000000115516a94 method=sun.java2d.SunGraphics2D.setComposite(Ljava/awt/Composite;)V @ 39
Event: 19255.171 Thread 0x00007fe8ff1e9000 Uncommon trap: reason=unstable_if action=reinterpret pc=0x00000001159c7018 method=sun.java2d.loops.RenderCache.get(Lsun/java2d/loops/SurfaceType;Lsun/java2d/loops/CompositeType;Lsun/java2d/loops/SurfaceType;)Ljava/lang/Object; @ 15
Event: 19255.234 Thread 0x00007fe8ff1e9000 Uncommon trap: reason=class_check action=maybe_recompile pc=0x000000011552b1f4 method=sun.java2d.pipe.ValidatePipe.scaleImage(Lsun/java2d/SunGraphics2D;Ljava/awt/Image;IIIIIIIILjava/awt/Color;Ljava/awt/image/ImageObserver;)Z @ 33
Event: 19255.607 Thread 0x00007fe8ff1e9000 Uncommon trap: reason=range_check action=make_not_entrant pc=0x000000011572ff80 method=java.awt.geom.AffineTransform.getMatrix([D)V @ 6
Event: 39854.842 Thread 0x00007fe8fe9b8000 Uncommon trap: reason=class_check action=maybe_recompile pc=0x000000011578b6d4 method=java.util.HashMap.removeNode(ILjava/lang/Object;Ljava/lang/Object;ZZ)Ljava/util/HashMap$Node; @ 143
Event: 39854.930 Thread 0x00007fe8ff1e9000 Uncommon trap: reason=unstable_if action=reinterpret pc=0x0000000115922018 method=javax.swing.RepaintManager.addDirtyRegion0(Ljava/awt/Container;IIII)V @ 108
Event: 39857.861 Thread 0x00007fe8fe9b8000 Uncommon trap: reason=bimorphic action=maybe_recompile pc=0x000000011578b67c method=java.util.HashMap.removeNode(ILjava/lang/Object;Ljava/lang/Object;ZZ)Ljava/util/HashMap$Node; @ 68
Event: 39857.962 Thread 0x00007fe8fe0bd800 Uncommon trap: reason=unstable_if action=reinterpret pc=0x0000000115e6f3c8 method=sun.java2d.opengl.OGLRenderQueue$QueueFlusher.run()V @ 34
Event: 40494.461 Thread 0x00007fe8fe9b8000 Uncommon trap: reason=bimorphic action=maybe_recompile pc=0x000000011578b67c method=java.util.HashMap.removeNode(ILjava/lang/Object;Ljava/lang/Object;ZZ)Ljava/util/HashMap$Node; @ 68
Event: 141522.587 Thread 0x00007fe8ff1e9000 Uncommon trap: reason=unstable_if action=reinterpret pc=0x0000000115e9e0b4 method=sun.awt.image.SurfaceManager.flush(Z)V @ 4

Classes redefined (0 events):
No events

Internal exceptions (10 events):
Event: 1112.726 Thread 0x00007fe8ffb4f000 Exception <a 'java/lang/reflect/InvocationTargetException'> (0x000000076ab860c0) thrown at [/Users/java_re/workspace/8-2-build-macosx-x86_64/jdk8u171/10807/hotspot/src/share/vm/runtime/reflection.cpp, line 1092]
Event: 1112.726 Thread 0x00007fe8ffb4f000 Exception <a 'java/lang/reflect/InvocationTargetException'> (0x000000076ab862d0) thrown at [/Users/java_re/workspace/8-2-build-macosx-x86_64/jdk8u171/10807/hotspot/src/share/vm/runtime/reflection.cpp, line 1092]
Event: 1112.726 Thread 0x00007fe8ffb4f000 Exception <a 'java/lang/reflect/InvocationTargetException'> (0x000000076ab864e0) thrown at [/Users/java_re/workspace/8-2-build-macosx-x86_64/jdk8u171/10807/hotspot/src/share/vm/runtime/reflection.cpp, line 1092]
Event: 1863.451 Thread 0x00007fe8ff1e9000 Implicit null exception at 0x0000000115cfa1e4 to 0x0000000115cfbc29
Event: 1864.809 Thread 0x00007fe8ff1e9000 Implicit null exception at 0x0000000115c2def1 to 0x0000000115c31f2d
Event: 7877.311 Thread 0x00007fe8fe9b8000 Implicit null exception at 0x0000000115746f0c to 0x000000011574705d
Event: 7878.591 Thread 0x00007fe8ff1e9000 Implicit null exception at 0x0000000115d8d8b8 to 0x0000000115d90095
Event: 7878.763 Thread 0x00007fe8ff1e9000 Implicit null exception at 0x0000000115373a27 to 0x0000000115373e79
Event: 7878.771 Thread 0x00007fe8ff1e9000 Implicit null exception at 0x000000011592e7c2 to 0x000000011592e989
Event: 141522.581 Thread 0x00007fe8ff1e9000 Implicit null exception at 0x0000000115e9bca8 to 0x0000000115e9e099

Events (10 events):
Event: 141529.262 Executing VM operation: RevokeBias
Event: 141529.262 Executing VM operation: RevokeBias done
Event: 141529.262 Executing VM operation: RevokeBias
Event: 141529.262 Executing VM operation: RevokeBias done
Event: 141529.262 Executing VM operation: RevokeBias
Event: 141529.262 Executing VM operation: RevokeBias done
Event: 141529.297 Thread 0x00007fe8ff038000 flushing nmethod 0x000000011525d490
Event: 141529.299 Thread 0x00007fe8ff035800 flushing nmethod 0x0000000115373790
Event: 141529.303 Thread 0x00007fe8ff035800 flushing nmethod 0x0000000115387850
Event: 141529.305 Thread 0x00007fe8ff038000 flushing nmethod 0x0000000115436ed0


Dynamic libraries:
0x0000000025710000 	/System/Library/Frameworks/Cocoa.framework/Versions/A/Cocoa
0x0000000025710000 	/System/Library/Frameworks/Security.framework/Versions/A/Security
0x0000000025710000 	/System/Library/Frameworks/ApplicationServices.framework/Versions/A/ApplicationServices
0x0000000025710000 	/usr/lib/libz.1.dylib
0x0000000025710000 	/usr/lib/libSystem.B.dylib
0x0000000025710000 	/usr/lib/libobjc.A.dylib
0x0000000025710000 	/System/Library/Frameworks/CoreFoundation.framework/Versions/A/CoreFoundation
0x0000000025710000 	/System/Library/Frameworks/Foundation.framework/Versions/C/Foundation
0x0000000025710000 	/System/Library/Frameworks/AppKit.framework/Versions/C/AppKit
0x0000000025710000 	/System/Library/Frameworks/CoreData.framework/Versions/A/CoreData
0x0000000025710000 	/System/Library/PrivateFrameworks/RemoteViewServices.framework/Versions/A/RemoteViewServices
0x0000000025710000 	/System/Library/PrivateFrameworks/UIFoundation.framework/Versions/A/UIFoundation
0x0000000025710000 	/System/Library/PrivateFrameworks/XCTTargetBootstrap.framework/Versions/A/XCTTargetBootstrap
0x0000000025710000 	/System/Library/PrivateFrameworks/IconServices.framework/Versions/A/IconServices
0x0000000025710000 	/System/Library/Frameworks/Metal.framework/Versions/A/Metal
0x0000000025710000 	/System/Library/PrivateFrameworks/DesktopServicesPriv.framework/Versions/A/DesktopServicesPriv
0x0000000025710000 	/usr/lib/libenergytrace.dylib
0x0000000025710000 	/System/Library/PrivateFrameworks/SkyLight.framework/Versions/A/SkyLight
0x0000000025710000 	/System/Library/Frameworks/CoreGraphics.framework/Versions/A/CoreGraphics
0x0000000025710000 	/System/Library/Frameworks/Accelerate.framework/Versions/A/Accelerate
0x0000000025710000 	/System/Library/Frameworks/IOSurface.framework/Versions/A/IOSurface
0x0000000025710000 	/System/Library/PrivateFrameworks/DFRFoundation.framework/Versions/A/DFRFoundation
0x0000000025710000 	/System/Library/Frameworks/AudioToolbox.framework/Versions/A/AudioToolbox
0x0000000025710000 	/System/Library/Frameworks/AudioUnit.framework/Versions/A/AudioUnit
0x0000000025710000 	/System/Library/PrivateFrameworks/DataDetectorsCore.framework/Versions/A/DataDetectorsCore
0x0000000025710000 	/System/Library/Frameworks/Carbon.framework/Versions/A/Frameworks/HIToolbox.framework/Versions/A/HIToolbox
0x0000000025710000 	/usr/lib/libicucore.A.dylib
0x0000000025710000 	/System/Library/Frameworks/QuartzCore.framework/Versions/A/QuartzCore
0x0000000025710000 	/System/Library/Frameworks/Carbon.framework/Versions/A/Frameworks/SpeechRecognition.framework/Versions/A/SpeechRecognition
0x0000000025710000 	/usr/lib/libauto.dylib
0x0000000025710000 	/usr/lib/libxml2.2.dylib
0x0000000025710000 	/System/Library/PrivateFrameworks/CoreUI.framework/Versions/A/CoreUI
0x0000000025710000 	/System/Library/Frameworks/CoreAudio.framework/Versions/A/CoreAudio
0x0000000025710000 	/System/Library/Frameworks/DiskArbitration.framework/Versions/A/DiskArbitration
0x0000000025710000 	/usr/lib/liblangid.dylib
0x0000000025710000 	/System/Library/PrivateFrameworks/MultitouchSupport.framework/Versions/A/MultitouchSupport
0x0000000025710000 	/System/Library/Frameworks/IOKit.framework/Versions/A/IOKit
0x0000000025710000 	/usr/lib/libDiagnosticMessagesClient.dylib
0x0000000025710000 	/System/Library/Frameworks/CoreServices.framework/Versions/A/CoreServices
0x0000000025710000 	/System/Library/PrivateFrameworks/PerformanceAnalysis.framework/Versions/A/PerformanceAnalysis
0x0000000025710000 	/System/Library/Frameworks/OpenGL.framework/Versions/A/OpenGL
0x0000000025710000 	/System/Library/Frameworks/ColorSync.framework/Versions/A/ColorSync
0x0000000025710000 	/System/Library/Frameworks/CoreImage.framework/Versions/A/CoreImage
0x0000000025710000 	/System/Library/Frameworks/CoreText.framework/Versions/A/CoreText
0x0000000025710000 	/System/Library/Frameworks/ImageIO.framework/Versions/A/ImageIO
0x0000000025710000 	/System/Library/PrivateFrameworks/Backup.framework/Versions/A/Backup
0x0000000025710000 	/usr/lib/libarchive.2.dylib
0x0000000025710000 	/System/Library/Frameworks/CFNetwork.framework/Versions/A/CFNetwork
0x0000000025710000 	/System/Library/Frameworks/SystemConfiguration.framework/Versions/A/SystemConfiguration
0x0000000025710000 	/usr/lib/libCRFSuite.dylib
0x0000000025710000 	/usr/lib/libc++.1.dylib
0x0000000025710000 	/usr/lib/libc++abi.dylib
0x0000000025710000 	/usr/lib/system/libcache.dylib
0x0000000025710000 	/usr/lib/system/libcommonCrypto.dylib
0x0000000025710000 	/usr/lib/system/libcompiler_rt.dylib
0x0000000025710000 	/usr/lib/system/libcopyfile.dylib
0x0000000025710000 	/usr/lib/system/libcorecrypto.dylib
0x0000000025710000 	/usr/lib/system/libdispatch.dylib
0x0000000025710000 	/usr/lib/system/libdyld.dylib
0x0000000025710000 	/usr/lib/system/libkeymgr.dylib
0x0000000025710000 	/usr/lib/system/liblaunch.dylib
0x0000000025710000 	/usr/lib/system/libmacho.dylib
0x0000000025710000 	/usr/lib/system/libquarantine.dylib
0x0000000025710000 	/usr/lib/system/libremovefile.dylib
0x0000000025710000 	/usr/lib/system/libsystem_asl.dylib
0x0000000025710000 	/usr/lib/system/libsystem_blocks.dylib
0x0000000025710000 	/usr/lib/system/libsystem_c.dylib
0x0000000025710000 	/usr/lib/system/libsystem_configuration.dylib
0x0000000025710000 	/usr/lib/system/libsystem_coreservices.dylib
0x0000000025710000 	/usr/lib/system/libsystem_darwin.dylib
0x0000000025710000 	/usr/lib/system/libsystem_dnssd.dylib
0x0000000025710000 	/usr/lib/system/libsystem_info.dylib
0x0000000025710000 	/usr/lib/system/libsystem_m.dylib
0x0000000025710000 	/usr/lib/system/libsystem_malloc.dylib
0x0000000025710000 	/usr/lib/system/libsystem_networkextension.dylib
0x0000000025710000 	/usr/lib/system/libsystem_notify.dylib
0x0000000025710000 	/usr/lib/system/libsystem_sandbox.dylib
0x0000000025710000 	/usr/lib/system/libsystem_secinit.dylib
0x0000000025710000 	/usr/lib/system/libsystem_kernel.dylib
0x0000000025710000 	/usr/lib/system/libsystem_platform.dylib
0x0000000025710000 	/usr/lib/system/libsystem_pthread.dylib
0x0000000025710000 	/usr/lib/system/libsystem_symptoms.dylib
0x0000000025710000 	/usr/lib/system/libsystem_trace.dylib
0x0000000025710000 	/usr/lib/system/libunwind.dylib
0x0000000025710000 	/usr/lib/system/libxpc.dylib
0x0000000025710000 	/usr/lib/libbsm.0.dylib
0x0000000025710000 	/usr/lib/system/libkxld.dylib
0x0000000025710000 	/System/Library/PrivateFrameworks/AppleFSCompression.framework/Versions/A/AppleFSCompression
0x0000000025710000 	/usr/lib/libOpenScriptingUtil.dylib
0x0000000025710000 	/usr/lib/libcoretls.dylib
0x0000000025710000 	/usr/lib/libcoretls_cfhelpers.dylib
0x0000000025710000 	/usr/lib/libpam.2.dylib
0x0000000025710000 	/usr/lib/libsqlite3.dylib
0x0000000025710000 	/usr/lib/libxar.1.dylib
0x0000000025710000 	/usr/lib/libbz2.1.0.dylib
0x0000000025710000 	/usr/lib/liblzma.5.dylib
0x0000000025710000 	/usr/lib/libnetwork.dylib
0x0000000025710000 	/usr/lib/libapple_nghttp2.dylib
0x0000000025710000 	/usr/lib/libpcap.A.dylib
0x0000000025710000 	/System/Library/Frameworks/CoreServices.framework/Versions/A/Frameworks/FSEvents.framework/Versions/A/FSEvents
0x0000000025710000 	/System/Library/Frameworks/CoreServices.framework/Versions/A/Frameworks/CarbonCore.framework/Versions/A/CarbonCore
0x0000000025710000 	/System/Library/Frameworks/CoreServices.framework/Versions/A/Frameworks/Metadata.framework/Versions/A/Metadata
0x0000000025710000 	/System/Library/Frameworks/CoreServices.framework/Versions/A/Frameworks/OSServices.framework/Versions/A/OSServices
0x0000000025710000 	/System/Library/Frameworks/CoreServices.framework/Versions/A/Frameworks/SearchKit.framework/Versions/A/SearchKit
0x0000000025710000 	/System/Library/Frameworks/CoreServices.framework/Versions/A/Frameworks/AE.framework/Versions/A/AE
0x0000000025710000 	/System/Library/Frameworks/CoreServices.framework/Versions/A/Frameworks/LaunchServices.framework/Versions/A/LaunchServices
0x0000000025710000 	/System/Library/Frameworks/CoreServices.framework/Versions/A/Frameworks/DictionaryServices.framework/Versions/A/DictionaryServices
0x0000000025710000 	/System/Library/Frameworks/CoreServices.framework/Versions/A/Frameworks/SharedFileList.framework/Versions/A/SharedFileList
0x0000000025710000 	/System/Library/Frameworks/NetFS.framework/Versions/A/NetFS
0x0000000025710000 	/System/Library/PrivateFrameworks/NetAuth.framework/Versions/A/NetAuth
0x0000000025710000 	/System/Library/PrivateFrameworks/login.framework/Versions/A/Frameworks/loginsupport.framework/Versions/A/loginsupport
0x0000000025710000 	/System/Library/PrivateFrameworks/TCC.framework/Versions/A/TCC
0x0000000025710000 	/System/Library/PrivateFrameworks/CoreNLP.framework/Versions/A/CoreNLP
0x0000000025710000 	/System/Library/PrivateFrameworks/MetadataUtilities.framework/Versions/A/MetadataUtilities
0x0000000025710000 	/usr/lib/libmecabra.dylib
0x0000000025710000 	/System/Library/Frameworks/ApplicationServices.framework/Versions/A/Frameworks/ATS.framework/Versions/A/ATS
0x0000000025710000 	/System/Library/Frameworks/ApplicationServices.framework/Versions/A/Frameworks/ColorSyncLegacy.framework/Versions/A/ColorSyncLegacy
0x0000000025710000 	/System/Library/Frameworks/ApplicationServices.framework/Versions/A/Frameworks/HIServices.framework/Versions/A/HIServices
0x0000000025710000 	/System/Library/Frameworks/ApplicationServices.framework/Versions/A/Frameworks/LangAnalysis.framework/Versions/A/LangAnalysis
0x0000000025710000 	/System/Library/Frameworks/ApplicationServices.framework/Versions/A/Frameworks/PrintCore.framework/Versions/A/PrintCore
0x0000000025710000 	/System/Library/Frameworks/ApplicationServices.framework/Versions/A/Frameworks/QD.framework/Versions/A/QD
0x0000000025710000 	/System/Library/Frameworks/ApplicationServices.framework/Versions/A/Frameworks/SpeechSynthesis.framework/Versions/A/SpeechSynthesis
0x0000000025710000 	/usr/lib/libcompression.dylib
0x0000000025710000 	/System/Library/Frameworks/CoreDisplay.framework/Versions/A/CoreDisplay
0x0000000025710000 	/System/Library/Frameworks/MetalPerformanceShaders.framework/Versions/A/MetalPerformanceShaders
0x0000000025710000 	/System/Library/Frameworks/Accelerate.framework/Versions/A/Frameworks/vImage.framework/Versions/A/vImage
0x0000000025710000 	/System/Library/Frameworks/Accelerate.framework/Versions/A/Frameworks/vecLib.framework/Versions/A/vecLib
0x0000000025710000 	/System/Library/Frameworks/Accelerate.framework/Versions/A/Frameworks/vecLib.framework/Versions/A/libvMisc.dylib
0x0000000025710000 	/System/Library/Frameworks/Accelerate.framework/Versions/A/Frameworks/vecLib.framework/Versions/A/libvDSP.dylib
0x0000000025710000 	/System/Library/Frameworks/Accelerate.framework/Versions/A/Frameworks/vecLib.framework/Versions/A/libBLAS.dylib
0x0000000025710000 	/System/Library/Frameworks/Accelerate.framework/Versions/A/Frameworks/vecLib.framework/Versions/A/libLAPACK.dylib
0x0000000025710000 	/System/Library/Frameworks/Accelerate.framework/Versions/A/Frameworks/vecLib.framework/Versions/A/libLinearAlgebra.dylib
0x0000000025710000 	/System/Library/Frameworks/Accelerate.framework/Versions/A/Frameworks/vecLib.framework/Versions/A/libSparseBLAS.dylib
0x0000000025710000 	/System/Library/Frameworks/Accelerate.framework/Versions/A/Frameworks/vecLib.framework/Versions/A/libQuadrature.dylib
0x0000000025710000 	/System/Library/Frameworks/Accelerate.framework/Versions/A/Frameworks/vecLib.framework/Versions/A/libBNNS.dylib
0x0000000025710000 	/System/Library/Frameworks/Accelerate.framework/Versions/A/Frameworks/vecLib.framework/Versions/A/libSparse.dylib
0x0000000025710000 	/System/Library/PrivateFrameworks/GPUWrangler.framework/Versions/A/GPUWrangler
0x0000000025710000 	/System/Library/PrivateFrameworks/IOAccelerator.framework/Versions/A/IOAccelerator
0x0000000025710000 	/System/Library/PrivateFrameworks/IOPresentment.framework/Versions/A/IOPresentment
0x0000000025710000 	/System/Library/PrivateFrameworks/DSExternalDisplay.framework/Versions/A/DSExternalDisplay
0x0000000025710000 	/System/Library/Frameworks/OpenGL.framework/Versions/A/Libraries/libCoreFSCache.dylib
0x0000000025710000 	/System/Library/Frameworks/MetalPerformanceShaders.framework/Frameworks/MPSCore.framework/Versions/A/MPSCore
0x0000000025710000 	/System/Library/Frameworks/MetalPerformanceShaders.framework/Frameworks/MPSImage.framework/Versions/A/MPSImage
0x0000000025710000 	/System/Library/Frameworks/MetalPerformanceShaders.framework/Frameworks/MPSNeuralNetwork.framework/Versions/A/MPSNeuralNetwork
0x0000000025710000 	/System/Library/Frameworks/MetalPerformanceShaders.framework/Frameworks/MPSMatrix.framework/Versions/A/MPSMatrix
0x0000000025710000 	/System/Library/Frameworks/MetalPerformanceShaders.framework/Frameworks/MPSRayIntersector.framework/Versions/A/MPSRayIntersector
0x0000000025710000 	/System/Library/PrivateFrameworks/MetalTools.framework/Versions/A/MetalTools
0x0000000025710000 	/System/Library/PrivateFrameworks/AggregateDictionary.framework/Versions/A/AggregateDictionary
0x0000000025710000 	/usr/lib/libMobileGestalt.dylib
0x0000000025710000 	/System/Library/Frameworks/CoreVideo.framework/Versions/A/CoreVideo
0x0000000025710000 	/System/Library/PrivateFrameworks/GraphVisualizer.framework/Versions/A/GraphVisualizer
0x0000000025710000 	/System/Library/PrivateFrameworks/FaceCore.framework/Versions/A/FaceCore
0x0000000025710000 	/System/Library/Frameworks/OpenCL.framework/Versions/A/OpenCL
0x0000000025710000 	/usr/lib/libFosl_dynamic.dylib
0x0000000025710000 	/System/Library/PrivateFrameworks/OTSVG.framework/Versions/A/OTSVG
0x0000000025710000 	/System/Library/Frameworks/ApplicationServices.framework/Versions/A/Frameworks/ATS.framework/Versions/A/Resources/libFontParser.dylib
0x0000000025710000 	/System/Library/Frameworks/ApplicationServices.framework/Versions/A/Frameworks/ATS.framework/Versions/A/Resources/libFontRegistry.dylib
0x0000000025710000 	/System/Library/Frameworks/ImageIO.framework/Versions/A/Resources/libJPEG.dylib
0x0000000025710000 	/System/Library/Frameworks/ImageIO.framework/Versions/A/Resources/libTIFF.dylib
0x0000000025710000 	/System/Library/Frameworks/ImageIO.framework/Versions/A/Resources/libPng.dylib
0x0000000025710000 	/System/Library/Frameworks/ImageIO.framework/Versions/A/Resources/libGIF.dylib
0x0000000025710000 	/System/Library/Frameworks/ImageIO.framework/Versions/A/Resources/libJP2.dylib
0x0000000025710000 	/System/Library/Frameworks/ImageIO.framework/Versions/A/Resources/libRadiance.dylib
0x0000000025710000 	/System/Library/PrivateFrameworks/AppleJPEG.framework/Versions/A/AppleJPEG
0x0000000025710000 	/System/Library/Frameworks/OpenGL.framework/Versions/A/Libraries/libGFXShared.dylib
0x0000000025710000 	/System/Library/Frameworks/OpenGL.framework/Versions/A/Libraries/libGLU.dylib
0x0000000025710000 	/System/Library/Frameworks/OpenGL.framework/Versions/A/Libraries/libGL.dylib
0x0000000025710000 	/System/Library/Frameworks/OpenGL.framework/Versions/A/Libraries/libGLImage.dylib
0x0000000025710000 	/System/Library/Frameworks/OpenGL.framework/Versions/A/Libraries/libCVMSPluginSupport.dylib
0x0000000025710000 	/System/Library/Frameworks/OpenGL.framework/Versions/A/Libraries/libCoreVMClient.dylib
0x0000000025710000 	/usr/lib/libcups.2.dylib
0x0000000025710000 	/System/Library/Frameworks/Kerberos.framework/Versions/A/Kerberos
0x0000000025710000 	/System/Library/Frameworks/GSS.framework/Versions/A/GSS
0x0000000025710000 	/usr/lib/libresolv.9.dylib
0x0000000025710000 	/usr/lib/libiconv.2.dylib
0x0000000025710000 	/System/Library/PrivateFrameworks/Heimdal.framework/Versions/A/Heimdal
0x0000000025710000 	/usr/lib/libheimdal-asn1.dylib
0x0000000025710000 	/System/Library/Frameworks/OpenDirectory.framework/Versions/A/OpenDirectory
0x0000000025710000 	/System/Library/PrivateFrameworks/CommonAuth.framework/Versions/A/CommonAuth
0x0000000025710000 	/System/Library/Frameworks/OpenDirectory.framework/Versions/A/Frameworks/CFOpenDirectory.framework/Versions/A/CFOpenDirectory
0x0000000025710000 	/System/Library/Frameworks/SecurityFoundation.framework/Versions/A/SecurityFoundation
0x0000000025710000 	/System/Library/PrivateFrameworks/APFS.framework/Versions/A/APFS
0x0000000025710000 	/usr/lib/libutil.dylib
0x0000000025710000 	/usr/lib/libcharset.1.dylib
0x0000000025710000 	/System/Library/PrivateFrameworks/AppleSauce.framework/Versions/A/AppleSauce
0x0000000025710000 	/System/Library/PrivateFrameworks/AssertionServices.framework/Versions/A/AssertionServices
0x0000000025710000 	/System/Library/PrivateFrameworks/BaseBoard.framework/Versions/A/BaseBoard
0x0000000025710000 	/usr/lib/libmecab.1.0.0.dylib
0x0000000025710000 	/usr/lib/libgermantok.dylib
0x0000000025710000 	/usr/lib/libThaiTokenizer.dylib
0x0000000025710000 	/usr/lib/libChineseTokenizer.dylib
0x0000000025710000 	/System/Library/PrivateFrameworks/LanguageModeling.framework/Versions/A/LanguageModeling
0x0000000025710000 	/System/Library/PrivateFrameworks/CoreEmoji.framework/Versions/A/CoreEmoji
0x0000000025710000 	/System/Library/PrivateFrameworks/Lexicon.framework/Versions/A/Lexicon
0x0000000025710000 	/System/Library/PrivateFrameworks/LinguisticData.framework/Versions/A/LinguisticData
0x0000000025710000 	/usr/lib/libcmph.dylib
0x0000000025710000 	/System/Library/Frameworks/ServiceManagement.framework/Versions/A/ServiceManagement
0x0000000025710000 	/System/Library/PrivateFrameworks/BackgroundTaskManagement.framework/Versions/A/BackgroundTaskManagement
0x0000000025710000 	/usr/lib/libxslt.1.dylib
0x0000000025710000 	/System/Library/Frameworks/Carbon.framework/Versions/A/Frameworks/Ink.framework/Versions/A/Ink
0x0000000025710000 	/System/Library/PrivateFrameworks/TextureIO.framework/Versions/A/TextureIO
0x0000000025710000 	/usr/lib/libate.dylib
0x0000000025710000 	/System/Library/PrivateFrameworks/CrashReporterSupport.framework/Versions/A/CrashReporterSupport
0x0000000025710000 	/System/Library/PrivateFrameworks/Sharing.framework/Versions/A/Sharing
0x0000000025710000 	/System/Library/PrivateFrameworks/AuthKit.framework/Versions/A/AuthKit
0x0000000025710000 	/System/Library/PrivateFrameworks/Apple80211.framework/Versions/A/Apple80211
0x0000000025710000 	/System/Library/PrivateFrameworks/CoreUtils.framework/Versions/A/CoreUtils
0x0000000025710000 	/System/Library/Frameworks/CoreWLAN.framework/Versions/A/CoreWLAN
0x0000000025710000 	/System/Library/Frameworks/IOBluetooth.framework/Versions/A/IOBluetooth
0x0000000025710000 	/System/Library/PrivateFrameworks/ProtocolBuffer.framework/Versions/A/ProtocolBuffer
0x0000000025710000 	/System/Library/PrivateFrameworks/MobileKeyBag.framework/Versions/A/MobileKeyBag
0x0000000025710000 	/System/Library/PrivateFrameworks/CorePhoneNumbers.framework/Versions/A/CorePhoneNumbers
0x0000000025710000 	/System/Library/PrivateFrameworks/AppleIDAuthSupport.framework/Versions/A/AppleIDAuthSupport
0x0000000025710000 	/System/Library/PrivateFrameworks/KeychainCircle.framework/Versions/A/KeychainCircle
0x0000000025710000 	/System/Library/PrivateFrameworks/ROCKit.framework/Versions/A/ROCKit
0x0000000025710000 	/System/Library/PrivateFrameworks/CoreWiFi.framework/Versions/A/CoreWiFi
0x0000000025710000 	/System/Library/Frameworks/CoreBluetooth.framework/Versions/A/CoreBluetooth
0x0000000025710000 	/System/Library/PrivateFrameworks/DebugSymbols.framework/Versions/A/DebugSymbols
0x0000000025710000 	/System/Library/PrivateFrameworks/CoreSymbolication.framework/Versions/A/CoreSymbolication
0x0000000025710000 	/System/Library/PrivateFrameworks/Symbolication.framework/Versions/A/Symbolication
0x0000000025710000 	/System/Library/PrivateFrameworks/SpeechRecognitionCore.framework/Versions/A/SpeechRecognitionCore
0x0000000025710000 	/System/Library/CoreServices/Encodings/libJapaneseConverter.dylib
0x0000000106600000 	/Library/Java/JavaVirtualMachines/jdk1.8.0_171.jdk/Contents/Home/jre/lib/server/libjvm.dylib
0x0000000025710000 	/usr/lib/libstdc++.6.dylib
0x0000000105cd3000 	/Library/Java/JavaVirtualMachines/jdk1.8.0_171.jdk/Contents/Home/jre/lib/libverify.dylib
0x0000000105ce1000 	/Library/Java/JavaVirtualMachines/jdk1.8.0_171.jdk/Contents/Home/jre/lib/libjava.dylib
0x0000000105d61000 	/Library/Java/JavaVirtualMachines/jdk1.8.0_171.jdk/Contents/Home/jre/lib/libzip.dylib
0x000000011296d000 	/Library/Java/JavaVirtualMachines/jdk1.8.0_171.jdk/Contents/Home/jre/lib/libawt.dylib
0x0000000112a17000 	/Library/Java/JavaVirtualMachines/jdk1.8.0_171.jdk/Contents/Home/jre/lib/./libmlib_image.dylib
0x0000000025710000 	/System/Library/Frameworks/JavaVM.framework/Versions/A/Frameworks/JavaNativeFoundation.framework/Versions/A/JavaNativeFoundation
0x0000000025710000 	/System/Library/Frameworks/JavaVM.framework/Versions/A/Frameworks/JavaRuntimeSupport.framework/Versions/A/JavaRuntimeSupport
0x0000000025710000 	/System/Library/Frameworks/JavaVM.framework/Versions/A/JavaVM
0x0000000025710000 	/System/Library/PrivateFrameworks/JavaLaunching.framework/Versions/A/JavaLaunching
0x0000000025710000 	/System/Library/Frameworks/Carbon.framework/Versions/A/Carbon
0x0000000025710000 	/System/Library/Frameworks/Carbon.framework/Versions/A/Frameworks/CommonPanels.framework/Versions/A/CommonPanels
0x0000000025710000 	/System/Library/Frameworks/Carbon.framework/Versions/A/Frameworks/Help.framework/Versions/A/Help
0x0000000025710000 	/System/Library/Frameworks/Carbon.framework/Versions/A/Frameworks/ImageCapture.framework/Versions/A/ImageCapture
0x0000000025710000 	/System/Library/Frameworks/Carbon.framework/Versions/A/Frameworks/OpenScripting.framework/Versions/A/OpenScripting
0x0000000025710000 	/System/Library/Frameworks/Carbon.framework/Versions/A/Frameworks/Print.framework/Versions/A/Print
0x0000000025710000 	/System/Library/Frameworks/Carbon.framework/Versions/A/Frameworks/SecurityHI.framework/Versions/A/SecurityHI
0x0000000112ae3000 	/Library/Java/JavaVirtualMachines/jdk1.8.0_171.jdk/Contents/Home/jre/lib/libawt_lwawt.dylib
0x0000000112b9d000 	/Library/Java/JavaVirtualMachines/jdk1.8.0_171.jdk/Contents/Home/jre/lib/./libosxapp.dylib
0x0000000025710000 	/System/Library/Frameworks/ExceptionHandling.framework/Versions/A/ExceptionHandling
0x0000000025710000 	/System/Library/PrivateFrameworks/CoreServicesInternal.framework/Versions/A/CoreServicesInternal
0x0000000025710000 	/System/Library/CoreServices/RawCamera.bundle/Contents/MacOS/RawCamera
0x0000000025710000 	/System/Library/PrivateFrameworks/MobileAsset.framework/Versions/A/MobileAsset
0x0000000025710000 	/System/Library/PrivateFrameworks/StreamingZip.framework/Versions/A/StreamingZip
0x0000000025710000 	/System/Library/Frameworks/MediaToolbox.framework/Versions/A/MediaToolbox
0x0000000025710000 	/System/Library/PrivateFrameworks/CoreAVCHD.framework/Versions/A/CoreAVCHD
0x0000000025710000 	/System/Library/Frameworks/MediaAccessibility.framework/Versions/A/MediaAccessibility
0x0000000025710000 	/System/Library/PrivateFrameworks/Mangrove.framework/Versions/A/Mangrove
0x0000000025710000 	/System/Library/Frameworks/CoreMedia.framework/Versions/A/CoreMedia
0x0000000025710000 	/System/Library/Frameworks/VideoToolbox.framework/Versions/A/VideoToolbox
0x0000000025710000 	/System/Library/PrivateFrameworks/CoreAUC.framework/Versions/A/CoreAUC
0x0000000025710000 	/usr/lib/libspindump.dylib
0x0000000025710000 	/System/Library/PrivateFrameworks/AppleVA.framework/Versions/A/AppleVA
0x0000000025710000 	/System/Library/Frameworks/Accelerate.framework/Versions/A/Frameworks/vImage.framework/Versions/A/Libraries/libCGInterfaces.dylib
0x0000000025710000 	/System/Library/Frameworks/ApplicationServices.framework/Versions/A/Frameworks/ATS.framework/Versions/A/Resources/libTrueTypeScaler.dylib
0x0000000025710000 	/System/Library/Extensions/AppleIntelKBLGraphicsMTLDriver.bundle/Contents/MacOS/AppleIntelKBLGraphicsMTLDriver
0x0000000025710000 	/System/Library/PrivateFrameworks/GPUCompiler.framework/Versions/3902/Libraries/libmetal_timestamp.dylib
0x0000000025710000 	/System/Library/PrivateFrameworks/FamilyControls.framework/Versions/A/FamilyControls
0x0000000025710000 	/System/Library/PrivateFrameworks/CommerceKit.framework/Versions/A/Frameworks/CommerceCore.framework/Versions/A/CommerceCore
0x0000000025710000 	/System/Library/PrivateFrameworks/SystemAdministration.framework/Versions/A/SystemAdministration
0x0000000025710000 	/System/Library/PrivateFrameworks/AppContainer.framework/Versions/A/AppContainer
0x0000000025710000 	/System/Library/PrivateFrameworks/AppSandbox.framework/Versions/A/AppSandbox
0x0000000025710000 	/System/Library/PrivateFrameworks/SecCodeWrapper.framework/Versions/A/SecCodeWrapper
0x0000000025710000 	/usr/lib/libsandbox.1.dylib
0x0000000025710000 	/usr/lib/libMatch.1.dylib
0x0000000025710000 	/System/Library/PrivateFrameworks/DiskManagement.framework/Versions/A/DiskManagement
0x0000000025710000 	/System/Library/Frameworks/DirectoryService.framework/Versions/A/DirectoryService
0x0000000025710000 	/System/Library/PrivateFrameworks/DiskImages.framework/Versions/A/DiskImages
0x0000000025710000 	/System/Library/PrivateFrameworks/LoginUIKit.framework/Versions/A/Frameworks/LoginUICore.framework/Versions/A/LoginUICore
0x0000000025710000 	/usr/lib/libCoreStorage.dylib
0x0000000025710000 	/usr/lib/libcsfde.dylib
0x0000000025710000 	/usr/lib/libodfde.dylib
0x0000000025710000 	/System/Library/PrivateFrameworks/MediaKit.framework/Versions/A/MediaKit
0x0000000025710000 	/System/Library/Frameworks/DiscRecording.framework/Versions/A/DiscRecording
0x0000000025710000 	/System/Library/PrivateFrameworks/EFILogin.framework/Versions/A/EFILogin
0x0000000025710000 	/System/Library/PrivateFrameworks/ProtectedCloudStorage.framework/Versions/A/ProtectedCloudStorage
0x0000000025710000 	/usr/lib/libcurl.4.dylib
0x0000000025710000 	/usr/lib/libcrypto.42.dylib
0x0000000025710000 	/usr/lib/libssl.44.dylib
0x0000000025710000 	/System/Library/Frameworks/LDAP.framework/Versions/A/LDAP
0x0000000025710000 	/System/Library/PrivateFrameworks/TrustEvaluationAgent.framework/Versions/A/TrustEvaluationAgent
0x0000000025710000 	/usr/lib/libsasl2.2.dylib
0x0000000025710000 	/System/Library/PrivateFrameworks/CoreDaemon.framework/Versions/B/CoreDaemon
0x0000000025710000 	/System/Library/PrivateFrameworks/AppleSRP.framework/Versions/A/AppleSRP
0x0000000025710000 	/System/Library/PrivateFrameworks/ViewBridge.framework/Versions/A/ViewBridge
0x00000001264db000 	/Library/Java/JavaVirtualMachines/jdk1.8.0_171.jdk/Contents/Home/jre/lib/libfontmanager.dylib
0x0000000126542000 	/Library/Java/JavaVirtualMachines/jdk1.8.0_171.jdk/Contents/Home/jre/lib/libosxui.dylib
0x0000000025710000 	/System/Library/Frameworks/OpenGL.framework/Versions/A/Resources/GLEngine.bundle/GLEngine
0x0000000025710000 	/System/Library/Frameworks/OpenGL.framework/Versions/A/Libraries/libGLProgrammability.dylib
0x0000000025710000 	/System/Library/Extensions/AppleIntelKBLGraphicsGLDriver.bundle/Contents/MacOS/AppleIntelKBLGraphicsGLDriver
0x0000000025710000 	/System/Library/PrivateFrameworks/GPUSupport.framework/Versions/A/Libraries/libGPUSupportMercury.dylib
0x0000000025710000 	/System/Library/Frameworks/OpenGL.framework/Versions/A/Resources/GLRendererFloat.bundle/GLRendererFloat
0x0000000025710000 	/System/Library/Frameworks/OpenCL.framework/Versions/A/Libraries/libcldcpuengine.dylib
0x0000000025710000 	/usr/lib/libcrypto.35.dylib
0x00000001283aa000 	/Library/Java/JavaVirtualMachines/jdk1.8.0_171.jdk/Contents/Home/jre/lib/libnet.dylib
0x00000001283c1000 	/Library/Java/JavaVirtualMachines/jdk1.8.0_171.jdk/Contents/Home/jre/lib/libnio.dylib
0x0000000025710000 	/System/Library/PrivateFrameworks/CloudDocs.framework/Versions/A/CloudDocs
0x0000000025710000 	/System/Library/PrivateFrameworks/FileProvider.framework/Versions/A/FileProvider
0x0000000025710000 	/System/Library/PrivateFrameworks/SpotlightIndex.framework/Versions/A/SpotlightIndex
0x0000000025710000 	/System/Library/PrivateFrameworks/SymptomDiagnosticReporter.framework/Versions/A/SymptomDiagnosticReporter
0x0000000025710000 	/System/Library/PrivateFrameworks/GenerationalStorage.framework/Versions/A/GenerationalStorage
0x0000000025710000 	/System/Library/PrivateFrameworks/ChunkingLibrary.framework/Versions/A/ChunkingLibrary
0x0000000025710000 	/System/Library/PrivateFrameworks/PowerLog.framework/Versions/A/PowerLog
0x0000000025710000 	/System/Library/PrivateFrameworks/CoreAnalytics.framework/Versions/A/CoreAnalytics
0x00000001947ab000 	/usr/lib/libobjc-trampolines.dylib
0x00000001250b1000 	/Library/Java/JavaVirtualMachines/jdk1.8.0_171.jdk/Contents/Home/jre/lib/libdcpr.dylib
0x0000000025710000 	/System/Library/PrivateFrameworks/login.framework/Versions/A/login

VM Arguments:
java_command: VMEmulatorMain
java_class_path (initial): :bin/classes:bin/lib/Hack.jar:bin/lib/HackGUI.jar:bin/lib/Simulators.jar:bin/lib/SimulatorsGUI.jar:bin/lib/Compilers.jar
Launcher Type: SUN_STANDARD

Environment Variables:
PATH=/usr/local/sbin:/Users/tsurutan/.yarn/bin:/Users/tsurutan/src/google-cloud-sdk/bin:/Users/tsurutan/.rbenv/shims:/usr/local/bin:/usr/bin:/bin:/usr/sbin:/sbin:/usr/local/go/bin
SHELL=/usr/local/bin/fish

Signal Handlers:
SIGSEGV: [libjvm.dylib+0x5b512d], sa_mask[0]=11111111011111110111111111111111, sa_flags=SA_ONSTACK|SA_RESTART|SA_SIGINFO
SIGBUS: [libjvm.dylib+0x5b512d], sa_mask[0]=11111111011111110111111111111111, sa_flags=SA_RESTART|SA_SIGINFO
SIGFPE: [libjvm.dylib+0x48aa90], sa_mask[0]=11111111011111110111111111111111, sa_flags=SA_RESTART|SA_SIGINFO
SIGPIPE: [libjvm.dylib+0x48aa90], sa_mask[0]=11111111011111110111111111111111, sa_flags=SA_RESTART|SA_SIGINFO
SIGXFSZ: [libjvm.dylib+0x48aa90], sa_mask[0]=11111111011111110111111111111111, sa_flags=SA_RESTART|SA_SIGINFO
SIGILL: [libjvm.dylib+0x48aa90], sa_mask[0]=11111111011111110111111111111111, sa_flags=SA_RESTART|SA_SIGINFO
SIGUSR1: SIG_DFL, sa_mask[0]=00000000000000000000000000000000, sa_flags=none
SIGUSR2: [libjvm.dylib+0x48a5ae], sa_mask[0]=00000000000000000000000000000000, sa_flags=SA_RESTART|SA_SIGINFO
SIGHUP: [libjvm.dylib+0x488b79], sa_mask[0]=11111111011111110111111111111111, sa_flags=SA_RESTART|SA_SIGINFO
SIGINT: SIG_IGN, sa_mask[0]=00000000000000000000000000000000, sa_flags=none
SIGTERM: [libjvm.dylib+0x488b79], sa_mask[0]=11111111011111110111111111111111, sa_flags=SA_RESTART|SA_SIGINFO
SIGQUIT: [libjvm.dylib+0x488b79], sa_mask[0]=11111111011111110111111111111111, sa_flags=SA_RESTART|SA_SIGINFO


---------------  S Y S T E M  ---------------

OS:Bsduname:Darwin 18.0.0 Darwin Kernel Version 18.0.0: Wed Aug 22 20:13:40 PDT 2018; root:xnu-4903.201.2~1/RELEASE_X86_64 x86_64
rlimit: STACK 8192k, CORE 0k, NPROC 1418, NOFILE 10240, AS infinity
load average:3.52 9.84 8.17

CPU:total 4 (initial active 4) (2 cores per cpu, 2 threads per core) family 6 model 142 stepping 9, cmov, cx8, fxsr, mmx, sse, sse2, sse3, ssse3, sse4.1, sse4.2, popcnt, avx, avx2, aes, clmul, erms, rtm, 3dnowpref, lzcnt, ht, tsc, tscinvbit, bmi1, bmi2, adx

Memory: 4k page, physical 16777216k(196012k free)

/proc/meminfo:


vm_info: Java HotSpot(TM) 64-Bit Server VM (25.171-b11) for bsd-amd64 JRE (1.8.0_171-b11), built on Mar 28 2018 12:50:57 by "java_re" with gcc 4.2.1 (Based on Apple Inc. build 5658) (LLVM build 2336.11.00)

time: Wed Apr 24 21:46:14 2019
elapsed time: 141529 seconds (1d 15h 18m 49s)

